Time[ps]    Etot/N[eV]   Epot/N[eV]   Ekin/N[eV]    T[K]
0.0000           0.4135       0.3755       0.0381   294.6
1.0000           0.4127       0.2580       0.1546  1196.4
2.0000           0.4127       0.2870       0.1257   972.4
3.0000           0.4126       0.2639       0.1488  1151.0
4.0000           0.4126       0.2438       0.1688  1305.9
5.0000           0.4126       0.2592       0.1534  1187.0
6.0000           0.4121       0.2825       0.1296  1003.0
7.0000           0.4121       0.2867       0.1253   969.5
8.0000           0.4123       0.2968       0.1155   893.7
9.0000           0.4125       0.3128       0.0997   771.0
10.0000          0.4128       0.2916       0.1213   938.2
11.0000          0.4127       0.2600       0.1527  1181.3
12.0000          0.4127       0.2561       0.1566  1211.4
13.0000          0.4127       0.2626       0.1501  1161.5
14.0000          0.4127       0.2744       0.1383  1070.2
15.0000          0.4126       0.2719       0.1407  1088.8
16.0000          0.4127       0.2786       0.1341  1037.7
17.0000          0.4127       0.2656       0.1471  1137.7
18.0000          0.4127       0.2652       0.1476  1141.5
19.0000          0.4126       0.2663       0.1463  1131.9
20.0000          0.4126       0.2668       0.1458  1128.1
21.0000          0.4126       0.2908       0.1218   941.9
22.0000          0.4127       0.2977       0.1150   889.5
23.0000          0.4126       0.2884       0.1242   961.0
24.0000          0.4126       0.2589       0.1537  1189.1
25.0000          0.4127       0.2834       0.1293  1000.4
26.0000          0.4126       0.2870       0.1257   972.1
27.0000          0.4128       0.2778       0.1350  1044.2
28.0000          0.4128       0.2738       0.1390  1075.1
29.0000          0.4126       0.2826       0.1301  1006.4
30.0000          0.4126       0.2709       0.1418  1096.7
31.0000          0.4127       0.2808       0.1319  1020.3
32.0000          0.4125       0.2681       0.1444  1116.9
33.0000          0.4127       0.3122       0.1006   778.0
34.0000          0.4127       0.2774       0.1353  1047.0
35.0000          0.4127       0.2746       0.1380  1067.7
36.0000          0.4127       0.2841       0.1286   995.1
37.0000          0.4127       0.2863       0.1264   978.0
38.0000          0.4126       0.2904       0.1223   946.1
39.0000          0.4127       0.2663       0.1463  1132.1
40.0000          0.4127       0.2781       0.1346  1041.2
41.0000          0.4127       0.2937       0.1190   920.8
42.0000          0.4128       0.2849       0.1278   989.0
43.0000          0.4127       0.2693       0.1434  1109.2
44.0000          0.4125       0.2777       0.1348  1043.2
45.0000          0.4124       0.3117       0.1007   778.9
46.0000          0.4125       0.2976       0.1150   889.3
47.0000          0.4128       0.3005       0.1123   868.8
48.0000          0.4129       0.2923       0.1206   933.3
49.0000          0.4126       0.2961       0.1166   901.7
50.0000          0.4124       0.2940       0.1183   915.6
51.0000          0.4124       0.2657       0.1467  1134.7
52.0000          0.4126       0.2778       0.1348  1042.7
53.0000          0.4128       0.2787       0.1341  1037.3
54.0000          0.4128       0.2926       0.1202   930.1
55.0000          0.4128       0.2937       0.1191   921.2
56.0000          0.4126       0.2863       0.1263   977.1
57.0000          0.4124       0.2949       0.1176   909.7
58.0000          0.4124       0.3086       0.1038   802.8
59.0000          0.4126       0.3017       0.1109   857.9
60.0000          0.4127       0.2915       0.1212   937.3
61.0000          0.4128       0.2956       0.1172   906.7
62.0000          0.4127       0.2831       0.1296  1002.8
63.0000          0.4126       0.2460       0.1667  1289.5
64.0000          0.4127       0.2738       0.1388  1073.9
65.0000          0.4126       0.2744       0.1382  1069.1
66.0000          0.4127       0.3054       0.1074   830.7
67.0000          0.4126       0.2740       0.1386  1072.2
68.0000          0.4126       0.2694       0.1432  1107.9
69.0000          0.4126       0.2723       0.1403  1085.4
70.0000          0.4127       0.2749       0.1378  1066.3
71.0000          0.4128       0.2884       0.1244   962.3
72.0000          0.4127       0.2600       0.1527  1181.0
73.0000          0.4127       0.2612       0.1515  1171.9
74.0000          0.4125       0.2628       0.1497  1158.2
75.0000          0.4125       0.2660       0.1465  1133.4
76.0000          0.4126       0.2434       0.1692  1309.0
77.0000          0.4126       0.2482       0.1644  1271.7
78.0000          0.4126       0.2672       0.1455  1125.6
79.0000          0.4127       0.2696       0.1430  1106.5
80.0000          0.4127       0.2895       0.1232   953.2
81.0000          0.4126       0.2693       0.1433  1108.7
82.0000          0.4126       0.2720       0.1405  1087.1
83.0000          0.4125       0.2631       0.1495  1156.2
84.0000          0.4126       0.2708       0.1418  1096.7
85.0000          0.4125       0.2529       0.1596  1234.6
86.0000          0.4126       0.2640       0.1486  1149.3
87.0000          0.4125       0.2326       0.1799  1391.5
88.0000          0.4126       0.2549       0.1577  1219.8
89.0000          0.4127       0.2853       0.1274   985.7
90.0000          0.4127       0.2598       0.1530  1183.6
91.0000          0.4127       0.2798       0.1329  1028.5
92.0000          0.4125       0.2251       0.1874  1449.8
93.0000          0.4126       0.2437       0.1689  1306.9
94.0000          0.4127       0.2371       0.1756  1358.6
95.0000          0.4127       0.2568       0.1559  1206.3
96.0000          0.4127       0.2662       0.1464  1132.9
97.0000          0.4127       0.2407       0.1720  1330.5
98.0000          0.4127       0.2552       0.1575  1218.6
99.0000          0.4127       0.2408       0.1719  1329.8
100.0000         0.4126       0.2428       0.1697  1313.1
101.0000         0.4126       0.2576       0.1551  1199.6
102.0000         0.4127       0.2707       0.1419  1098.1
103.0000         0.4127       0.2635       0.1492  1154.3
104.0000         0.4127       0.2633       0.1494  1156.1
105.0000         0.4128       0.2756       0.1371  1061.0
106.0000         0.4126       0.2649       0.1477  1142.4
107.0000         0.4127       0.2720       0.1407  1088.4
108.0000         0.4127       0.2759       0.1368  1058.3
109.0000         0.4127       0.2927       0.1200   928.5
110.0000         0.4126       0.2507       0.1619  1252.9
111.0000         0.4127       0.2681       0.1446  1118.4
112.0000         0.4125       0.2400       0.1725  1334.3
113.0000         0.4126       0.2666       0.1459  1129.0
114.0000         0.4127       0.2473       0.1654  1279.3
115.0000         0.4127       0.2493       0.1634  1264.3
116.0000         0.4127       0.2609       0.1517  1174.0
117.0000         0.4126       0.2647       0.1479  1144.2
118.0000         0.4127       0.2432       0.1695  1311.2
119.0000         0.4127       0.2823       0.1305  1009.3
120.0000         0.4127       0.2610       0.1517  1173.6
121.0000         0.4125       0.2592       0.1533  1186.1
122.0000         0.4127       0.2872       0.1256   971.4
123.0000         0.4126       0.2760       0.1366  1056.7
124.0000         0.4126       0.2684       0.1442  1115.6
125.0000         0.4126       0.2790       0.1336  1033.7
126.0000         0.4127       0.2903       0.1224   947.2
127.0000         0.4126       0.2697       0.1429  1105.4
128.0000         0.4126       0.2749       0.1377  1065.4
129.0000         0.4126       0.2866       0.1261   975.2
130.0000         0.4126       0.2679       0.1447  1119.6
131.0000         0.4126       0.2782       0.1344  1039.9
132.0000         0.4127       0.2666       0.1461  1130.2
133.0000         0.4127       0.2872       0.1256   971.3
134.0000         0.4126       0.2757       0.1368  1058.7
135.0000         0.4127       0.2720       0.1406  1088.1
136.0000         0.4127       0.2762       0.1365  1056.4
137.0000         0.4127       0.2888       0.1240   959.0
138.0000         0.4128       0.2995       0.1133   876.2
139.0000         0.4126       0.2536       0.1590  1229.7
140.0000         0.4127       0.2593       0.1534  1186.5
141.0000         0.4127       0.2726       0.1401  1083.7
142.0000         0.4127       0.2534       0.1592  1231.9
143.0000         0.4126       0.2698       0.1428  1104.8
144.0000         0.4126       0.2399       0.1728  1336.7
145.0000         0.4127       0.2961       0.1167   902.6
146.0000         0.4126       0.2972       0.1154   892.8
147.0000         0.4124       0.2982       0.1142   883.8
148.0000         0.4123       0.3043       0.1080   835.4
149.0000         0.4128       0.3080       0.1049   811.3
150.0000         0.4129       0.3016       0.1113   860.8
151.0000         0.4127       0.3045       0.1081   836.7
152.0000         0.4125       0.3035       0.1090   843.2
153.0000         0.4123       0.3056       0.1067   825.5
154.0000         0.4122       0.3027       0.1095   847.2
155.0000         0.4123       0.2966       0.1157   894.9
156.0000         0.4129       0.3089       0.1040   804.7
157.0000         0.4126       0.2783       0.1343  1039.1
158.0000         0.4126       0.2910       0.1216   940.8
159.0000         0.4126       0.2833       0.1292   999.8
160.0000         0.4130       0.3040       0.1090   843.3
161.0000         0.4128       0.2875       0.1253   969.1
162.0000         0.4130       0.3002       0.1128   872.6
163.0000         0.4126       0.2617       0.1509  1167.6
164.0000         0.4126       0.2726       0.1400  1082.9
165.0000         0.4127       0.2862       0.1266   979.3
166.0000         0.4125       0.2683       0.1443  1116.0
167.0000         0.4125       0.2819       0.1306  1010.0
168.0000         0.4127       0.2813       0.1314  1016.7
169.0000         0.4126       0.2766       0.1361  1052.6
170.0000         0.4127       0.2942       0.1185   916.8
171.0000         0.4127       0.2934       0.1194   923.4
172.0000         0.4128       0.3098       0.1030   796.8
173.0000         0.4125       0.2455       0.1671  1292.4
174.0000         0.4127       0.3056       0.1071   828.2
175.0000         0.4127       0.3061       0.1066   824.6
176.0000         0.4126       0.2822       0.1303  1008.2
177.0000         0.4127       0.2922       0.1205   932.1
178.0000         0.4123       0.2514       0.1609  1245.1
179.0000         0.4126       0.2750       0.1376  1064.7
180.0000         0.4126       0.2922       0.1204   931.6
181.0000         0.4126       0.2998       0.1128   872.7
182.0000         0.4126       0.2681       0.1445  1117.7
183.0000         0.4127       0.2713       0.1413  1093.5
184.0000         0.4126       0.2956       0.1170   905.5
185.0000         0.4128       0.2972       0.1156   894.2
186.0000         0.4127       0.2838       0.1289   997.4
187.0000         0.4127       0.2735       0.1392  1076.9
188.0000         0.4127       0.2804       0.1322  1023.0
189.0000         0.4127       0.2774       0.1353  1046.7
190.0000         0.4126       0.2745       0.1382  1068.8
191.0000         0.4125       0.2572       0.1553  1201.2
192.0000         0.4125       0.2666       0.1459  1128.8
193.0000         0.4127       0.2686       0.1441  1114.8
194.0000         0.4127       0.2842       0.1286   994.6
195.0000         0.4127       0.2833       0.1294  1000.8
196.0000         0.4126       0.2699       0.1427  1104.0
197.0000         0.4126       0.2910       0.1216   940.4
198.0000         0.4127       0.2926       0.1201   929.0
199.0000         0.4125       0.2679       0.1446  1119.0
200.0000         0.4127       0.2808       0.1319  1020.2
201.0000         0.4127       0.2996       0.1132   875.5
202.0000         0.4127       0.2704       0.1423  1100.9
203.0000         0.4127       0.2729       0.1398  1081.5
204.0000         0.4125       0.2789       0.1337  1034.0
205.0000         0.4127       0.2821       0.1306  1010.7
206.0000         0.4127       0.2684       0.1443  1116.2
207.0000         0.4128       0.2839       0.1289   997.0
208.0000         0.4127       0.2589       0.1537  1189.2
209.0000         0.4128       0.2983       0.1144   885.1
210.0000         0.4127       0.2787       0.1339  1036.3
211.0000         0.4125       0.2547       0.1578  1221.0
212.0000         0.4127       0.2964       0.1163   899.8
213.0000         0.4125       0.2705       0.1421  1099.0
214.0000         0.4127       0.2901       0.1226   948.3
215.0000         0.4127       0.2712       0.1415  1094.9
216.0000         0.4127       0.2825       0.1302  1007.0
217.0000         0.4128       0.2861       0.1267   980.5
218.0000         0.4127       0.2644       0.1482  1146.6
219.0000         0.4126       0.2601       0.1525  1180.1
220.0000         0.4126       0.2518       0.1608  1243.9
221.0000         0.4126       0.2737       0.1390  1075.0
222.0000         0.4127       0.2868       0.1259   974.3
223.0000         0.4126       0.2918       0.1208   934.4
224.0000         0.4127       0.2770       0.1357  1049.8
225.0000         0.4126       0.3024       0.1102   852.8
226.0000         0.4127       0.2776       0.1351  1045.4
227.0000         0.4128       0.2822       0.1306  1010.2
228.0000         0.4126       0.2728       0.1399  1081.9
229.0000         0.4126       0.2794       0.1332  1030.5
230.0000         0.4127       0.2845       0.1282   991.9
231.0000         0.4126       0.2726       0.1400  1083.2
232.0000         0.4125       0.2695       0.1430  1106.2
233.0000         0.4126       0.2650       0.1476  1142.0
234.0000         0.4126       0.2807       0.1319  1020.1
235.0000         0.4126       0.2630       0.1497  1157.9
236.0000         0.4127       0.2931       0.1196   925.2
237.0000         0.4124       0.2624       0.1500  1160.7
238.0000         0.4125       0.2883       0.1242   960.7
239.0000         0.4126       0.2746       0.1380  1067.7
240.0000         0.4125       0.2820       0.1306  1010.1
241.0000         0.4127       0.3156       0.0971   751.0
242.0000         0.4125       0.2715       0.1410  1090.9
243.0000         0.4127       0.2931       0.1196   925.1
244.0000         0.4127       0.2756       0.1371  1060.7
245.0000         0.4127       0.2790       0.1337  1034.3
246.0000         0.4126       0.2807       0.1320  1020.8
247.0000         0.4125       0.2832       0.1293  1000.4
248.0000         0.4126       0.2676       0.1449  1121.1
249.0000         0.4127       0.2899       0.1228   950.2
250.0000         0.4127       0.2886       0.1241   960.4
251.0000         0.4126       0.2606       0.1521  1176.6
252.0000         0.4127       0.2756       0.1370  1060.2
253.0000         0.4127       0.2669       0.1458  1127.6
254.0000         0.4127       0.2745       0.1381  1068.5
255.0000         0.4127       0.2983       0.1144   885.3
256.0000         0.4126       0.2701       0.1424  1102.0
257.0000         0.4127       0.2671       0.1456  1126.4
258.0000         0.4126       0.2550       0.1577  1219.7
259.0000         0.4127       0.2838       0.1289   997.1
260.0000         0.4126       0.2590       0.1536  1188.2
261.0000         0.4127       0.2728       0.1398  1081.8
262.0000         0.4127       0.2696       0.1431  1107.3
263.0000         0.4127       0.2845       0.1282   992.0
264.0000         0.4127       0.2858       0.1269   981.8
265.0000         0.4126       0.2778       0.1348  1042.8
266.0000         0.4127       0.2706       0.1420  1098.7
267.0000         0.4126       0.2676       0.1450  1121.7
268.0000         0.4127       0.2697       0.1430  1106.5
269.0000         0.4127       0.2838       0.1288   996.8
270.0000         0.4127       0.2936       0.1191   921.5
271.0000         0.4126       0.2669       0.1457  1127.3
272.0000         0.4127       0.2597       0.1530  1184.0
273.0000         0.4126       0.2661       0.1466  1133.8
274.0000         0.4127       0.2793       0.1334  1031.9
275.0000         0.4127       0.2907       0.1220   943.5
276.0000         0.4126       0.2671       0.1455  1126.0
277.0000         0.4127       0.2661       0.1466  1134.3
278.0000         0.4127       0.2908       0.1219   943.3
279.0000         0.4126       0.2613       0.1513  1170.5
280.0000         0.4126       0.2630       0.1496  1157.3
281.0000         0.4126       0.2737       0.1389  1074.8
282.0000         0.4126       0.2671       0.1455  1125.4
283.0000         0.4127       0.2733       0.1394  1078.4
284.0000         0.4128       0.2976       0.1152   891.1
285.0000         0.4126       0.2899       0.1227   949.5
286.0000         0.4127       0.2795       0.1333  1031.0
287.0000         0.4127       0.2809       0.1317  1019.2
288.0000         0.4127       0.2825       0.1301  1006.7
289.0000         0.4126       0.2623       0.1503  1162.8
290.0000         0.4127       0.2672       0.1455  1125.6
291.0000         0.4127       0.2816       0.1311  1014.1
292.0000         0.4126       0.2685       0.1441  1115.0
293.0000         0.4126       0.2594       0.1532  1185.2
294.0000         0.4126       0.2561       0.1565  1210.8
295.0000         0.4128       0.2838       0.1290   997.8
296.0000         0.4127       0.2754       0.1372  1061.7
297.0000         0.4126       0.2777       0.1349  1043.7
298.0000         0.4127       0.2822       0.1304  1009.0
299.0000         0.4127       0.2754       0.1373  1062.4
300.0000         0.4126       0.2591       0.1535  1187.7
301.0000         0.4126       0.3003       0.1123   868.9
302.0000         0.4127       0.2947       0.1181   913.5
303.0000         0.4127       0.2823       0.1304  1008.7
304.0000         0.4127       0.2842       0.1285   994.1
305.0000         0.4127       0.2563       0.1564  1210.0
306.0000         0.4127       0.2703       0.1424  1101.3
307.0000         0.4126       0.2820       0.1306  1010.4
308.0000         0.4126       0.2627       0.1499  1159.7
309.0000         0.4125       0.2601       0.1524  1178.7
310.0000         0.4126       0.2640       0.1486  1149.7
311.0000         0.4126       0.2631       0.1495  1156.3
312.0000         0.4126       0.2675       0.1451  1122.7
313.0000         0.4126       0.2858       0.1268   980.9
314.0000         0.4126       0.2721       0.1405  1087.1
315.0000         0.4126       0.2800       0.1326  1025.8
316.0000         0.4126       0.2794       0.1332  1030.4
317.0000         0.4125       0.2656       0.1469  1136.8
318.0000         0.4127       0.2916       0.1211   936.8
319.0000         0.4125       0.2709       0.1416  1095.8
320.0000         0.4126       0.2741       0.1385  1071.3
321.0000         0.4128       0.2914       0.1214   939.0
322.0000         0.4125       0.2698       0.1428  1104.7
323.0000         0.4127       0.2843       0.1284   993.5
324.0000         0.4127       0.2802       0.1325  1025.2
325.0000         0.4127       0.2797       0.1330  1028.6
326.0000         0.4125       0.2721       0.1404  1086.1
327.0000         0.4127       0.2938       0.1189   919.5
328.0000         0.4126       0.2888       0.1238   957.6
329.0000         0.4126       0.2800       0.1327  1026.3
330.0000         0.4125       0.2932       0.1193   923.3
331.0000         0.4127       0.2942       0.1185   916.5
332.0000         0.4125       0.2802       0.1322  1022.9
333.0000         0.4126       0.2601       0.1524  1179.2
334.0000         0.4127       0.3002       0.1126   870.9
335.0000         0.4127       0.2718       0.1409  1090.0
336.0000         0.4127       0.2850       0.1277   987.8
337.0000         0.4125       0.2626       0.1500  1160.3
338.0000         0.4127       0.2736       0.1391  1076.0
339.0000         0.4126       0.2690       0.1436  1110.8
340.0000         0.4127       0.2708       0.1418  1097.3
341.0000         0.4125       0.2856       0.1269   981.6
342.0000         0.4128       0.3040       0.1088   841.8
343.0000         0.4128       0.2925       0.1204   931.3
344.0000         0.4127       0.2917       0.1210   936.4
345.0000         0.4128       0.2843       0.1285   993.9
346.0000         0.4127       0.2923       0.1205   931.9
347.0000         0.4126       0.2682       0.1444  1117.3
348.0000         0.4127       0.2559       0.1568  1212.9
349.0000         0.4126       0.2815       0.1312  1014.7
350.0000         0.4125       0.2737       0.1388  1073.8
351.0000         0.4127       0.2927       0.1200   928.3
352.0000         0.4124       0.2629       0.1495  1156.9
353.0000         0.4127       0.2866       0.1261   975.6
354.0000         0.4128       0.2891       0.1236   956.4
355.0000         0.4127       0.2962       0.1165   901.6
356.0000         0.4127       0.2751       0.1376  1064.3
357.0000         0.4127       0.2764       0.1363  1054.7
358.0000         0.4126       0.2863       0.1263   977.1
359.0000         0.4126       0.2864       0.1262   976.5
360.0000         0.4127       0.2799       0.1329  1027.9
361.0000         0.4127       0.2884       0.1242   961.2
362.0000         0.4126       0.2878       0.1248   965.3
363.0000         0.4125       0.2641       0.1484  1148.1
364.0000         0.4128       0.3092       0.1035   801.0
365.0000         0.4127       0.2996       0.1131   875.4
366.0000         0.4127       0.3028       0.1099   850.4
367.0000         0.4127       0.3000       0.1126   871.4
368.0000         0.4127       0.2724       0.1403  1085.5
369.0000         0.4130       0.3131       0.0998   772.3
370.0000         0.4127       0.2858       0.1269   981.6
371.0000         0.4125       0.2667       0.1458  1127.9
372.0000         0.4127       0.2918       0.1210   935.7
373.0000         0.4126       0.2774       0.1352  1046.0
374.0000         0.4127       0.2932       0.1195   924.4
375.0000         0.4127       0.3060       0.1068   826.1
376.0000         0.4127       0.2744       0.1383  1070.1
377.0000         0.4127       0.2773       0.1354  1047.9
378.0000         0.4126       0.2908       0.1218   942.1
379.0000         0.4126       0.2949       0.1177   910.5
380.0000         0.4127       0.2895       0.1232   953.3
381.0000         0.4125       0.2561       0.1564  1210.1
382.0000         0.4125       0.2509       0.1617  1250.7
383.0000         0.4128       0.2785       0.1343  1039.3
384.0000         0.4127       0.2876       0.1250   967.3
385.0000         0.4126       0.2640       0.1486  1149.4
386.0000         0.4126       0.2893       0.1233   953.7
387.0000         0.4126       0.2533       0.1593  1232.2
388.0000         0.4127       0.2882       0.1245   963.4
389.0000         0.4126       0.2803       0.1323  1023.3
390.0000         0.4128       0.2795       0.1333  1031.1
391.0000         0.4127       0.2958       0.1169   904.7
392.0000         0.4126       0.2569       0.1558  1205.1
393.0000         0.4127       0.2644       0.1483  1147.3
394.0000         0.4126       0.2714       0.1412  1092.2
395.0000         0.4129       0.2835       0.1294  1001.0
396.0000         0.4128       0.2748       0.1380  1067.4
397.0000         0.4127       0.2597       0.1531  1184.1
398.0000         0.4126       0.2532       0.1595  1233.6
399.0000         0.4126       0.2629       0.1497  1157.8
400.0000         0.4125       0.2407       0.1718  1329.4
401.0000         0.4126       0.2595       0.1531  1184.4
402.0000         0.4128       0.2691       0.1437  1111.5
403.0000         0.4126       0.2651       0.1476  1141.8
404.0000         0.4127       0.2751       0.1376  1064.5
405.0000         0.4125       0.2655       0.1470  1137.5
406.0000         0.4126       0.2601       0.1525  1179.5
407.0000         0.4127       0.2714       0.1413  1093.4
408.0000         0.4127       0.2848       0.1279   989.8
409.0000         0.4126       0.2623       0.1503  1162.8
410.0000         0.4127       0.2793       0.1334  1032.0
411.0000         0.4126       0.2706       0.1420  1098.6
412.0000         0.4126       0.2766       0.1360  1051.8
413.0000         0.4127       0.2714       0.1413  1092.9
414.0000         0.4126       0.2670       0.1456  1126.7
415.0000         0.4127       0.2711       0.1416  1095.5
416.0000         0.4127       0.2665       0.1462  1130.9
417.0000         0.4126       0.2653       0.1472  1139.1
418.0000         0.4127       0.2526       0.1601  1238.5
419.0000         0.4126       0.2588       0.1538  1190.0
420.0000         0.4128       0.2694       0.1433  1109.0
421.0000         0.4126       0.2666       0.1460  1129.3
422.0000         0.4126       0.2591       0.1536  1188.2
423.0000         0.4127       0.2734       0.1393  1077.4
424.0000         0.4126       0.2692       0.1435  1110.1
425.0000         0.4126       0.2617       0.1509  1167.7
426.0000         0.4125       0.2581       0.1544  1194.5
427.0000         0.4126       0.2539       0.1586  1227.3
428.0000         0.4125       0.2539       0.1587  1227.5
429.0000         0.4127       0.2735       0.1391  1076.4
430.0000         0.4127       0.2709       0.1418  1097.3
431.0000         0.4125       0.2597       0.1528  1182.3
432.0000         0.4127       0.2658       0.1468  1136.0
433.0000         0.4128       0.2879       0.1248   965.7
434.0000         0.4127       0.2779       0.1348  1042.8
435.0000         0.4125       0.2451       0.1674  1295.1
436.0000         0.4125       0.2630       0.1495  1156.3
437.0000         0.4126       0.2644       0.1483  1147.1
438.0000         0.4126       0.2748       0.1379  1066.6
439.0000         0.4127       0.2762       0.1365  1056.1
440.0000         0.4127       0.2765       0.1362  1053.9
441.0000         0.4127       0.2709       0.1418  1097.3
442.0000         0.4127       0.2835       0.1292   999.8
443.0000         0.4126       0.2726       0.1400  1083.4
444.0000         0.4128       0.2973       0.1155   893.2
445.0000         0.4125       0.2763       0.1362  1053.4
446.0000         0.4126       0.2738       0.1388  1073.8
447.0000         0.4124       0.2586       0.1538  1189.7
448.0000         0.4125       0.2823       0.1302  1007.3
449.0000         0.4126       0.2681       0.1445  1118.0
450.0000         0.4126       0.2571       0.1555  1203.0
451.0000         0.4126       0.2714       0.1412  1092.3
452.0000         0.4124       0.2635       0.1489  1152.0
453.0000         0.4127       0.2777       0.1349  1044.0
454.0000         0.4124       0.2568       0.1556  1204.1
455.0000         0.4127       0.2809       0.1319  1020.1
456.0000         0.4127       0.2916       0.1211   937.0
457.0000         0.4124       0.2747       0.1377  1065.3
458.0000         0.4123       0.2533       0.1590  1230.2
459.0000         0.4124       0.2614       0.1510  1168.4
460.0000         0.4126       0.2644       0.1482  1146.2
461.0000         0.4127       0.2775       0.1353  1046.4
462.0000         0.4128       0.2844       0.1283   993.0
463.0000         0.4124       0.2803       0.1321  1022.0
464.0000         0.4126       0.2820       0.1306  1010.3
465.0000         0.4126       0.2788       0.1338  1035.2
466.0000         0.4126       0.2541       0.1585  1225.9
467.0000         0.4126       0.2678       0.1448  1119.9
468.0000         0.4127       0.2796       0.1332  1030.1
469.0000         0.4125       0.2653       0.1472  1138.6
470.0000         0.4125       0.2670       0.1455  1125.7
471.0000         0.4126       0.2711       0.1416  1095.1
472.0000         0.4128       0.2866       0.1262   976.4
473.0000         0.4127       0.2803       0.1323  1023.8
474.0000         0.4126       0.2971       0.1155   893.9
475.0000         0.4127       0.3007       0.1120   866.4
476.0000         0.4126       0.2695       0.1431  1106.9
477.0000         0.4126       0.2882       0.1244   962.7
478.0000         0.4127       0.2779       0.1348  1042.7
479.0000         0.4127       0.2936       0.1191   921.3
480.0000         0.4127       0.2869       0.1257   972.8
481.0000         0.4127       0.2744       0.1383  1069.9
482.0000         0.4126       0.2776       0.1350  1044.6
483.0000         0.4126       0.2720       0.1406  1087.7
484.0000         0.4127       0.2872       0.1255   971.1
485.0000         0.4127       0.2622       0.1505  1164.4
486.0000         0.4126       0.2563       0.1563  1208.8
487.0000         0.4127       0.2671       0.1456  1126.6
488.0000         0.4126       0.2600       0.1526  1180.9
489.0000         0.4127       0.2660       0.1466  1134.3
490.0000         0.4128       0.2975       0.1153   892.1
491.0000         0.4126       0.2646       0.1479  1144.6
492.0000         0.4127       0.2707       0.1420  1098.9
493.0000         0.4127       0.2688       0.1439  1113.3
494.0000         0.4126       0.2517       0.1609  1244.8
495.0000         0.4127       0.2769       0.1359  1051.0
496.0000         0.4126       0.2637       0.1488  1151.5
497.0000         0.4128       0.2819       0.1308  1012.2
498.0000         0.4127       0.2744       0.1383  1070.1
499.0000         0.4127       0.2710       0.1416  1095.8
500.0000         0.4126       0.2653       0.1473  1139.9
