Time[ps]      Etot[eV]     Epot[eV]     Ekin[eV]    T[K]
0.0000        -158.2797    -159.0464       0.7667   395.4
0.0500        -158.4336    -159.0962       0.6625   341.7
0.1000        -158.2541    -159.0816       0.8275   426.8
0.1500        -158.5023    -159.3243       0.8219   423.9
0.2000        -158.3759    -159.3926       1.0167   524.4
0.2500        -158.2593    -159.0532       0.7939   409.5
0.3000        -158.7767    -159.8572       1.0805   557.3
0.3500        -158.3330    -159.0575       0.7245   373.7
0.4000        -158.3134    -159.1147       0.8013   413.3
0.4500        -158.1407    -159.0567       0.9160   472.5
0.5000        -158.2885    -159.1257       0.8373   431.8
0.5500        -158.2802    -159.1246       0.8444   435.5
0.6000        -158.2741    -159.2400       0.9659   498.2
0.6500        -158.2479    -159.0588       0.8109   418.2
0.7000        -158.3225    -159.0341       0.7116   367.0
0.7500        -158.1824    -159.1147       0.9323   480.8
0.8000        -158.5220    -159.3852       0.8632   445.2
0.8500        -158.4076    -159.0582       0.6506   335.5
0.9000        -158.1460    -159.0440       0.8980   463.2
0.9500        -158.3816    -159.0772       0.6956   358.7
1.0000        -158.0766    -159.1149       1.0383   535.5
1.0500        -158.6308    -159.5395       0.9087   468.7
1.1000        -158.1764    -159.0622       0.8858   456.9
1.1500        -158.5942    -159.5599       0.9657   498.1
1.2000        -158.8741    -159.4902       0.6161   317.7
1.2500        -158.4439    -159.3403       0.8964   462.3
1.3000        -158.2500    -159.1086       0.8586   442.8
1.3500        -158.2891    -159.0381       0.7490   386.3
1.4000        -158.0873    -159.1521       1.0648   549.2
1.4500        -158.1056    -159.0721       0.9664   498.4
1.5000        -158.0955    -159.2087       1.1131   574.1
1.5500        -158.3231    -159.0563       0.7333   378.2
1.6000        -158.4312    -159.3228       0.8916   459.9
1.6500        -158.4199    -159.1426       0.7228   372.8
1.7000        -157.9093    -159.0491       1.1398   587.8
1.7500        -158.2044    -159.0442       0.8398   433.1
1.8000        -157.9988    -159.0674       1.0686   551.1
1.8500        -158.5520    -159.5079       0.9559   493.0
1.9000        -158.8013    -159.5649       0.7636   393.8
1.9500        -158.1861    -159.2728       1.0867   560.5
2.0000        -158.3932    -159.1569       0.7637   393.9
2.0500        -158.0106    -159.1805       1.1699   603.4
2.1000        -158.4937    -159.5420       1.0483   540.6
2.1500        -158.5044    -159.5398       1.0354   534.0
2.2000        -158.3380    -159.3303       0.9923   511.8
2.2500        -159.0806    -159.8870       0.8064   415.9
2.3000        -158.1159    -159.0762       0.9604   495.3
2.3500        -158.3092    -159.1283       0.8191   422.5
2.4000        -158.2471    -159.0935       0.8464   436.5
2.4500        -158.3735    -159.3606       0.9871   509.1
2.5000        -158.5457    -159.6922       1.1465   591.3
2.5500        -158.1796    -159.0414       0.8617   444.4
2.6000        -158.5311    -159.5160       0.9849   508.0
2.6500        -158.3370    -159.0776       0.7406   382.0
2.7000        -158.8367    -159.6725       0.8358   431.1
2.7500        -158.1939    -159.1304       0.9365   483.0
2.8000        -158.0003    -159.0799       1.0796   556.8
2.8500        -157.9971    -159.0637       1.0666   550.1
2.9000        -158.0084    -159.0540       1.0456   539.3
2.9500        -158.5059    -159.3136       0.8077   416.6
3.0000        -158.0621    -159.0531       0.9910   511.1
3.0500        -158.4390    -159.4368       0.9978   514.6
3.1000        -158.0289    -159.2475       1.2186   628.5
3.1500        -158.1937    -159.5034       1.3097   675.5
3.2000        -158.6014    -159.5326       0.9312   480.3
3.2500        -158.2495    -159.1383       0.8888   458.4
3.3000        -158.6429    -159.4589       0.8160   420.9
3.3500        -157.9383    -159.0870       1.1487   592.5
3.4000        -158.6061    -159.5585       0.9525   491.2
3.4500        -158.3892    -159.6078       1.2187   628.5
3.5000        -157.9954    -159.0522       1.0568   545.0
3.5500        -158.0840    -159.0639       0.9799   505.4
3.6000        -158.1195    -159.0077       0.8882   458.1
3.6500        -158.1530    -158.9995       0.8466   436.6
3.7000        -158.0154    -159.1373       1.1219   578.6
3.7500        -157.9908    -159.2902       1.2994   670.2
3.8000        -157.9288    -159.1223       1.1935   615.6
3.8500        -158.4711    -159.4602       0.9891   510.1
3.9000        -158.1102    -159.0724       0.9623   496.3
3.9500        -158.1132    -159.0521       0.9389   484.2
4.0000        -158.0980    -159.0731       0.9751   502.9
4.0500        -158.0543    -159.1113       1.0570   545.2
4.1000        -158.1055    -159.0453       0.9398   484.7
4.1500        -157.9486    -159.1822       1.2335   636.2
4.2000        -158.0030    -159.0209       1.0179   525.0
4.2500        -158.1731    -159.2090       1.0359   534.2
4.3000        -157.8923    -159.0358       1.1435   589.8
4.3500        -158.1677    -159.2293       1.0615   547.5
4.4000        -158.4931    -159.5206       1.0275   529.9
4.4500        -157.9345    -159.0419       1.1075   571.2
4.5000        -157.8843    -159.1157       1.2315   635.1
4.5500        -158.1244    -159.0531       0.9287   479.0
4.6000        -158.3065    -159.1854       0.8789   453.3
4.6500        -157.8147    -159.0521       1.2373   638.2
4.7000        -157.9046    -159.0807       1.1761   606.6
4.7500        -158.0071    -159.0481       1.0410   536.9
4.8000        -158.1431    -159.0110       0.8679   447.6
4.8500        -157.9993    -159.0453       1.0460   539.5
4.9000        -157.8938    -159.1269       1.2331   636.0
4.9500        -157.8848    -159.0296       1.1448   590.4
5.0000        -158.0692    -159.0392       0.9700   500.3
5.0500        -157.9501    -159.0399       1.0898   562.1
5.1000        -158.0408    -159.0453       1.0044   518.0
5.1500        -158.0129    -159.3357       1.3228   682.3
5.2000        -158.0448    -159.0471       1.0023   517.0
5.2500        -158.1465    -159.2146       1.0681   550.9
5.3000        -158.1467    -159.0761       0.9294   479.4
5.3500        -157.7242    -159.1202       1.3960   720.0
5.4000        -158.1589    -159.6174       1.4585   752.2
5.4500        -157.9342    -159.0126       1.0784   556.2
5.5000        -158.3168    -159.5036       1.1868   612.1
5.5500        -158.0958    -158.9854       0.8896   458.8
5.6000        -158.4083    -159.7742       1.3659   704.5
5.6500        -157.9266    -159.2859       1.3593   701.1
5.7000        -157.9876    -159.0244       1.0368   534.7
5.7500        -158.0474    -159.0753       1.0279   530.2
5.8000        -157.8606    -159.0372       1.1766   606.8
5.8500        -158.8352    -160.0448       1.2096   623.8
5.9000        -158.6796    -160.0390       1.3595   701.2
5.9500        -158.0726    -158.9818       0.9092   468.9
6.0000        -157.8320    -159.0340       1.2020   620.0
6.0500        -158.1884    -159.0066       0.8182   422.0
6.1000        -158.2805    -159.4696       1.1891   613.3
6.1500        -157.7792    -159.0495       1.2702   655.1
6.2000        -158.3568    -159.7700       1.4132   728.9
6.2500        -158.8361    -159.8986       1.0626   548.0
6.3000        -158.2261    -159.2899       1.0638   548.7
6.3500        -158.1655    -159.3417       1.1762   606.6
6.4000        -158.2056    -159.2783       1.0727   553.3
6.4500        -158.5619    -159.9544       1.3925   718.2
6.5000        -157.8956    -159.1227       1.2271   632.9
6.5500        -158.2703    -159.0435       0.7733   398.8
6.6000        -157.9707    -159.3307       1.3601   701.5
6.6500        -158.5765    -159.5249       0.9484   489.2
6.7000        -158.1266    -159.2658       1.1391   587.5
6.7500        -158.3151    -159.5963       1.2813   660.8
6.8000        -158.0373    -159.0078       0.9705   500.5
6.8500        -157.9721    -159.0708       1.0987   566.7
6.9000        -158.2211    -159.3354       1.1144   574.7
6.9500        -158.7978    -159.8938       1.0960   565.3
7.0000        -157.8537    -159.0880       1.2342   636.6
7.0500        -157.9232    -159.0437       1.1205   577.9
7.1000        -157.9750    -159.0196       1.0446   538.8
7.1500        -157.9791    -159.1351       1.1559   596.2
7.2000        -158.6280    -159.9041       1.2761   658.2
7.2500        -157.8601    -159.0313       1.1712   604.1
7.3000        -157.9621    -159.1401       1.1780   607.6
7.3500        -157.7917    -159.1139       1.3222   681.9
7.4000        -158.4108    -159.6905       1.2797   660.0
7.4500        -158.1808    -159.2086       1.0278   530.1
7.5000        -158.0643    -159.1351       1.0709   552.3
7.5500        -157.9196    -159.0394       1.1197   577.5
7.6000        -157.7713    -159.0245       1.2532   646.4
7.6500        -157.9427    -159.1317       1.1890   613.2
7.7000        -158.4946    -159.7125       1.2179   628.1
7.7500        -157.9246    -158.9923       1.0677   550.7
7.8000        -158.0307    -159.0381       1.0074   519.6
7.8500        -158.0833    -159.4900       1.4067   725.5
7.9000        -158.3899    -159.5359       1.1460   591.0
7.9500        -158.2147    -159.5160       1.3013   671.1
8.0000        -157.9779    -159.1407       1.1628   599.7
8.0500        -158.5383    -159.7932       1.2549   647.2
8.1000        -157.8585    -159.0166       1.1581   597.3
8.1500        -158.0376    -159.1379       1.1003   567.5
8.2000        -157.9452    -159.1025       1.1574   596.9
8.2500        -158.1297    -159.3832       1.2536   646.5
8.3000        -157.9836    -159.0367       1.0531   543.1
8.3500        -157.9097    -159.0257       1.1159   575.6
8.4000        -158.0791    -159.0415       0.9624   496.3
8.4500        -157.6610    -159.1188       1.4578   751.9
8.5000        -158.0383    -159.1525       1.1142   574.7
8.5500        -157.9888    -159.3425       1.3537   698.2
8.6000        -157.9979    -159.1966       1.1987   618.2
8.6500        -158.0248    -159.2795       1.2547   647.1
8.7000        -157.7761    -159.0029       1.2268   632.7
8.7500        -158.0506    -159.2534       1.2028   620.3
8.8000        -158.1129    -159.4695       1.3566   699.7
8.8500        -158.1693    -159.5865       1.4172   730.9
8.9000        -158.0226    -159.0386       1.0159   524.0
8.9500        -157.8658    -159.0144       1.1486   592.4
9.0000        -157.9308    -159.0935       1.1627   599.7
9.0500        -158.0607    -159.0608       1.0002   515.8
9.1000        -157.7143    -159.2351       1.5208   784.3
9.1500        -157.8575    -159.0180       1.1605   598.5
9.2000        -158.1252    -159.0326       0.9074   468.0
9.2500        -158.0654    -159.0501       0.9846   507.8
9.3000        -157.9805    -159.0651       1.0847   559.4
9.3500        -158.2948    -159.2227       0.9278   478.5
9.4000        -157.7916    -159.0496       1.2580   648.8
9.4500        -157.9238    -159.0233       1.0996   567.1
9.5000        -158.0067    -159.0693       1.0626   548.0
9.5500        -157.8537    -159.0178       1.1641   600.4
9.6000        -158.0969    -159.5351       1.4381   741.7
9.6500        -157.8878    -159.0217       1.1339   584.8
9.7000        -157.9348    -159.2172       1.2824   661.4
9.7500        -158.6360    -159.6464       1.0104   521.1
9.8000        -158.0340    -159.2326       1.1986   618.2
9.8500        -157.8615    -159.1604       1.2989   669.9
9.9000        -157.8523    -159.0603       1.2081   623.1
9.9500        -158.4250    -159.5948       1.1698   603.3
10.0000       -157.8958    -159.0090       1.1131   574.1
10.0500       -158.0447    -159.0751       1.0305   531.5
10.1000       -157.8842    -159.0256       1.1414   588.7
10.1500       -157.7808    -159.1082       1.3274   684.6
10.2000       -157.9383    -159.0339       1.0956   565.1
10.2500       -158.3392    -159.7164       1.3772   710.3
10.3000       -158.6981    -159.7070       1.0089   520.3
10.3500       -158.9383    -160.2251       1.2869   663.7
10.4000       -157.9618    -159.0480       1.0862   560.2
10.4500       -157.8305    -159.1471       1.3167   679.1
10.5000       -157.9154    -159.1061       1.1907   614.1
10.5500       -158.3157    -159.3321       1.0164   524.2
10.6000       -158.0561    -159.0759       1.0198   526.0
10.6500       -158.4066    -159.5446       1.1380   586.9
10.7000       -157.8435    -159.0204       1.1769   607.0
10.7500       -157.9981    -159.2052       1.2072   622.6
10.8000       -158.0210    -159.0937       1.0727   553.2
10.8500       -158.3130    -159.4091       1.0960   565.3
10.9000       -158.3091    -159.5629       1.2538   646.6
10.9500       -157.8337    -159.0518       1.2181   628.3
11.0000       -158.4618    -159.6196       1.1578   597.1
11.0500       -158.0654    -159.5171       1.4517   748.7
11.1000       -158.3761    -159.4329       1.0568   545.1
11.1500       -157.8482    -159.0614       1.2132   625.7
11.2000       -158.3458    -159.4688       1.1231   579.2
11.2500       -158.3221    -159.6079       1.2858   663.2
11.3000       -157.9030    -159.0174       1.1144   574.8
11.3500       -158.0780    -159.5663       1.4883   767.6
11.4000       -157.8719    -159.1184       1.2465   642.9
11.4500       -158.5145    -159.9562       1.4418   743.6
11.5000       -158.1913    -159.4053       1.2140   626.2
11.5500       -158.1436    -159.4987       1.3551   698.9
11.6000       -158.2282    -159.4328       1.2047   621.3
11.6500       -158.4345    -159.6213       1.1868   612.1
11.7000       -157.9401    -159.0232       1.0831   558.6
11.7500       -157.8399    -159.1615       1.3216   681.6
11.8000       -158.2478    -159.5173       1.2694   654.7
11.8500       -158.1473    -159.4894       1.3421   692.2
11.9000       -157.8775    -159.0374       1.1599   598.2
11.9500       -158.3586    -159.4901       1.1315   583.6
12.0000       -157.9072    -159.2925       1.3853   714.5
12.0500       -158.6085    -159.9480       1.3396   690.9
12.1000       -157.8370    -159.0176       1.1806   608.9
12.1500       -158.1745    -159.2488       1.0743   554.1
12.2000       -158.2143    -159.4193       1.2050   621.5
12.2500       -157.9003    -159.1078       1.2076   622.8
12.3000       -158.3571    -159.4954       1.1383   587.1
12.3500       -157.7117    -159.1272       1.4155   730.0
12.4000       -158.4648    -159.7014       1.2366   637.8
12.4500       -157.7721    -159.0181       1.2460   642.6
12.5000       -157.6121    -159.0863       1.4742   760.3
12.5500       -158.0508    -159.2998       1.2490   644.2
12.6000       -158.1569    -159.3134       1.1565   596.4
12.6500       -158.6750    -159.6890       1.0140   523.0
12.7000       -157.7431    -159.1519       1.4089   726.6
12.7500       -158.0035    -159.3518       1.3483   695.4
12.8000       -158.3337    -159.5155       1.1818   609.5
12.8500       -157.9719    -159.3075       1.3355   688.8
12.9000       -158.2475    -159.3838       1.1363   586.0
12.9500       -157.7086    -159.1001       1.3916   717.7
13.0000       -158.1764    -159.4290       1.2526   646.0
13.0500       -157.9256    -159.0523       1.1267   581.1
13.1000       -158.2764    -159.6601       1.3837   713.7
13.1500       -157.7692    -159.0826       1.3134   677.4
13.2000       -158.1003    -159.1226       1.0222   527.2
13.2500       -157.6999    -159.0865       1.3866   715.1
13.3000       -157.6497    -159.1220       1.4723   759.3
13.3500       -157.7631    -159.0517       1.2886   664.6
13.4000       -157.9355    -159.1711       1.2356   637.3
13.4500       -158.3090    -159.4588       1.1498   593.0
13.5000       -157.5158    -159.0645       1.5487   798.8
13.5500       -157.8873    -159.0122       1.1249   580.2
13.6000       -157.8216    -159.0170       1.1954   616.5
13.6500       -158.4254    -159.8189       1.3935   718.7
13.7000       -157.9222    -159.1591       1.2369   637.9
13.7500       -157.7155    -159.0442       1.3287   685.3
13.8000       -157.8701    -159.0445       1.1744   605.7
13.8500       -158.0792    -159.1025       1.0233   527.8
13.9000       -158.2668    -159.4346       1.1679   602.3
13.9500       -158.0116    -159.3784       1.3668   705.0
14.0000       -157.8423    -159.1159       1.2736   656.9
14.0500       -158.3498    -159.5418       1.1920   614.8
14.1000       -157.6815    -159.2305       1.5490   798.9
14.1500       -157.7449    -159.0506       1.3057   673.4
14.2000       -157.9293    -159.0173       1.0880   561.1
14.2500       -157.7868    -159.1338       1.3470   694.7
14.3000       -157.9225    -159.0567       1.1342   585.0
14.3500       -157.8436    -159.0800       1.2365   637.7
14.4000       -157.9684    -159.1566       1.1883   612.9
14.4500       -157.7501    -159.0612       1.3111   676.2
14.5000       -157.9266    -159.0691       1.1424   589.2
14.5500       -157.6607    -159.0683       1.4076   726.0
14.6000       -157.9717    -159.0545       1.0828   558.5
14.6500       -157.7444    -159.0604       1.3160   678.7
14.7000       -157.7007    -159.1240       1.4233   734.1
14.7500       -158.1706    -159.5944       1.4238   734.3
14.8000       -157.9366    -159.1901       1.2535   646.5
14.8500       -157.8570    -159.2000       1.3430   692.7
14.9000       -157.7642    -159.0447       1.2804   660.4
14.9500       -158.2009    -159.7809       1.5800   814.9
15.0000       -157.7645    -159.1407       1.3762   709.8
15.0500       -158.0049    -159.3139       1.3089   675.1
15.1000       -157.8629    -159.0275       1.1646   600.6
15.1500       -157.9389    -159.0186       1.0797   556.9
15.2000       -158.3419    -159.7205       1.3785   711.0
15.2500       -158.0359    -159.4370       1.4010   722.6
15.3000       -158.3398    -159.8600       1.5202   784.1
15.3500       -158.2493    -159.3470       1.0977   566.2
15.4000       -157.7006    -159.0142       1.3136   677.5
15.4500       -157.9721    -159.0309       1.0588   546.1
15.5000       -157.9222    -159.0042       1.0820   558.1
15.5500       -158.5898    -159.8213       1.2315   635.2
15.6000       -157.8241    -159.3763       1.5522   800.6
15.6500       -157.7825    -159.1329       1.3505   696.5
15.7000       -158.3758    -159.5107       1.1348   585.3
15.7500       -157.8045    -159.0691       1.2646   652.2
15.8000       -158.0998    -159.2574       1.1575   597.0
15.8500       -157.6027    -159.2122       1.6095   830.1
15.9000       -157.7773    -159.0372       1.2600   649.8
15.9500       -157.8154    -159.0385       1.2231   630.8
16.0000       -157.9951    -159.0235       1.0284   530.4
16.0500       -157.8462    -159.1882       1.3420   692.1
16.1000       -157.8633    -159.1251       1.2618   650.8
16.1500       -158.0185    -159.3914       1.3729   708.1
16.2000       -158.3711    -159.6244       1.2533   646.4
16.2500       -158.0830    -159.3452       1.2623   651.0
16.3000       -158.3949    -159.8168       1.4219   733.3
16.3500       -157.6648    -159.0485       1.3837   713.6
16.4000       -157.9735    -159.0188       1.0453   539.1
16.4500       -157.7063    -159.0686       1.3623   702.6
16.5000       -157.5115    -159.1019       1.5904   820.3
16.5500       -157.8851    -159.0097       1.1247   580.1
16.6000       -158.0784    -159.2093       1.1309   583.3
16.6500       -157.8952    -159.0494       1.1542   595.3
16.7000       -157.7291    -159.1039       1.3748   709.1
16.7500       -157.9715    -159.3170       1.3456   694.0
16.8000       -157.6994    -159.0914       1.3920   717.9
16.8500       -158.1808    -159.4873       1.3065   673.8
16.9000       -158.1848    -159.3150       1.1302   582.9
16.9500       -157.7706    -159.0652       1.2947   667.7
17.0000       -157.8621    -159.4648       1.6027   826.6
17.0500       -157.6283    -159.0898       1.4615   753.8
17.1000       -157.9624    -159.3371       1.3746   709.0
17.1500       -157.8293    -159.0536       1.2243   631.5
17.2000       -157.9069    -159.1838       1.2770   658.6
17.2500       -157.8030    -159.0220       1.2191   628.7
17.3000       -157.7154    -159.0056       1.2902   665.4
17.3500       -157.7003    -159.0350       1.3348   688.4
17.4000       -158.1457    -159.5800       1.4343   739.7
17.4500       -157.8299    -159.2776       1.4476   746.6
17.5000       -158.0479    -159.6014       1.5535   801.2
17.5500       -158.0016    -159.3425       1.3409   691.6
17.6000       -157.7945    -159.1352       1.3407   691.5
17.6500       -157.9158    -159.0523       1.1365   586.1
17.7000       -157.7368    -159.3670       1.6303   840.8
17.7500       -157.8683    -159.2802       1.4120   728.2
17.8000       -157.7718    -159.0511       1.2793   659.8
17.8500       -158.1129    -159.5848       1.4719   759.1
17.9000       -157.7174    -159.0343       1.3169   679.2
17.9500       -157.7790    -159.0643       1.2852   662.9
18.0000       -157.9639    -159.1878       1.2239   631.2
18.0500       -157.6938    -159.0634       1.3696   706.4
18.1000       -157.7975    -159.3581       1.5606   804.9
18.1500       -157.8821    -159.3557       1.4737   760.0
18.2000       -157.8480    -159.0740       1.2260   632.3
18.2500       -158.0296    -159.3297       1.3000   670.5
18.3000       -157.4454    -159.0576       1.6122   831.5
18.3500       -157.5863    -159.0179       1.4316   738.4
18.4000       -157.6335    -159.0641       1.4305   737.8
18.4500       -157.6880    -159.0464       1.3584   700.6
18.5000       -157.8809    -159.1245       1.2435   641.4
18.5500       -157.7645    -159.0502       1.2857   663.1
18.6000       -157.5885    -159.0552       1.4667   756.5
18.6500       -157.8245    -159.0861       1.2616   650.7
18.7000       -157.6463    -159.0161       1.3698   706.5
18.7500       -157.8392    -159.1387       1.2995   670.2
18.8000       -157.8528    -159.0581       1.2053   621.6
18.8500       -158.0394    -159.6478       1.6084   829.5
18.9000       -157.9115    -159.3096       1.3981   721.1
18.9500       -157.6674    -159.0477       1.3803   711.9
19.0000       -158.0350    -159.5290       1.4940   770.6
19.0500       -157.8745    -159.1138       1.2393   639.2
19.1000       -157.6274    -159.0660       1.4386   742.0
19.1500       -157.7777    -159.4024       1.6247   838.0
19.2000       -157.5487    -159.0384       1.4897   768.3
19.2500       -157.8289    -159.0920       1.2631   651.5
19.3000       -157.6859    -159.4202       1.7343   894.5
19.3500       -157.6001    -159.0848       1.4847   765.8
19.4000       -157.9601    -159.4752       1.5151   781.4
19.4500       -158.0801    -159.5378       1.4577   751.8
19.5000       -157.7778    -159.1075       1.3297   685.8
19.5500       -158.0108    -159.6015       1.5907   820.4
19.6000       -157.6399    -159.0390       1.3991   721.6
19.6500       -157.7328    -159.0278       1.2950   667.9
19.7000       -157.5536    -159.0249       1.4713   758.8
19.7500       -158.0407    -159.4951       1.4545   750.1
19.8000       -157.5839    -159.0298       1.4458   745.7
19.8500       -157.8760    -159.4348       1.5588   804.0
19.9000       -157.4649    -159.0242       1.5593   804.2
19.9500       -157.6420    -159.0536       1.4116   728.0
20.0000       -158.0778    -159.5153       1.4374   741.4
20.0500       -157.6295    -159.0178       1.3883   716.0
20.1000       -158.1695    -159.6330       1.4635   754.8
20.1500       -157.6888    -159.0281       1.3392   690.7
20.2000       -158.4569    -159.8850       1.4281   736.6
20.2500       -157.4201    -159.1089       1.6888   871.0
20.3000       -157.5065    -159.0184       1.5119   779.8
20.3500       -157.4689    -159.0139       1.5450   796.8
20.4000       -157.9788    -159.2243       1.2455   642.4
20.4500       -157.5561    -159.1181       1.5619   805.6
20.5000       -157.4813    -159.0448       1.5635   806.4
20.5500       -157.6273    -159.2701       1.6427   847.3
20.6000       -157.5116    -159.0433       1.5318   790.0
20.6500       -157.6521    -159.0000       1.3479   695.2
20.7000       -157.6010    -159.0431       1.4422   743.8
20.7500       -158.0860    -159.4832       1.3972   720.6
20.8000       -158.1535    -159.4561       1.3026   671.8
20.8500       -158.3859    -159.5875       1.2016   619.7
20.9000       -157.5337    -159.0309       1.4972   772.2
20.9500       -157.6722    -159.0663       1.3941   719.0
21.0000       -157.4687    -159.0612       1.5925   821.3
21.0500       -157.8263    -159.1579       1.3317   686.8
21.1000       -157.6998    -159.1918       1.4919   769.5
21.1500       -157.6133    -159.0400       1.4267   735.8
21.2000       -157.7844    -159.0467       1.2622   651.0
21.2500       -157.5692    -159.0601       1.4909   768.9
21.3000       -157.7509    -159.0644       1.3135   677.4
21.3500       -158.0660    -159.4155       1.3495   696.0
21.4000       -157.7625    -159.1385       1.3760   709.7
21.4500       -157.6257    -159.0910       1.4654   755.8
21.5000       -157.6663    -159.0100       1.3437   693.0
21.5500       -158.2643    -159.6259       1.3617   702.3
21.6000       -157.6113    -159.2076       1.5962   823.3
21.6500       -157.6353    -159.0541       1.4188   731.7
21.7000       -157.7067    -159.2721       1.5654   807.3
21.7500       -157.6138    -159.0437       1.4299   737.5
21.8000       -158.1503    -159.7275       1.5772   813.4
21.8500       -157.3990    -159.2596       1.8607   959.6
21.9000       -157.6436    -159.1290       1.4854   766.1
21.9500       -157.5030    -159.0773       1.5742   811.9
22.0000       -157.5562    -159.0104       1.4542   750.0
22.0500       -157.7332    -159.1546       1.4214   733.1
22.1000       -157.5304    -159.1030       1.5726   811.1
22.1500       -157.9990    -159.4194       1.4205   732.6
22.2000       -158.1481    -159.8763       1.7282   891.3
22.2500       -157.8936    -159.1739       1.2803   660.3
22.3000       -157.7994    -159.0503       1.2508   645.1
22.3500       -157.9759    -159.6629       1.6870   870.1
22.4000       -157.5771    -159.0175       1.4404   742.9
22.4500       -157.6975    -159.2746       1.5771   813.4
22.5000       -157.9075    -159.1028       1.1953   616.5
22.5500       -157.4229    -159.0527       1.6298   840.6
22.6000       -157.9469    -159.0344       1.0876   560.9
22.6500       -157.4347    -159.0751       1.6404   846.1
22.7000       -158.0226    -159.0357       1.0130   522.5
22.7500       -157.5313    -159.0575       1.5262   787.2
22.8000       -157.9717    -159.0264       1.0547   544.0
22.8500       -157.4549    -159.0406       1.5857   817.8
22.9000       -158.2438    -159.4377       1.1939   615.8
22.9500       -157.5713    -159.0260       1.4547   750.3
23.0000       -157.7376    -159.0152       1.2775   658.9
23.0500       -157.4444    -159.0954       1.6510   851.5
23.1000       -158.1591    -159.7186       1.5595   804.3
23.1500       -157.8484    -159.0695       1.2211   629.8
23.2000       -157.7824    -159.0829       1.3005   670.7
23.2500       -158.3840    -159.5499       1.1658   601.3
23.3000       -158.2598    -159.8351       1.5753   812.5
23.3500       -157.8739    -159.3032       1.4293   737.2
23.4000       -157.5449    -159.3680       1.8231   940.3
23.4500       -157.6136    -159.1577       1.5441   796.4
23.5000       -158.1127    -159.4940       1.3812   712.4
23.5500       -157.7757    -159.0179       1.2422   640.7
23.6000       -158.1891    -159.7831       1.5940   822.1
23.6500       -157.8933    -159.1721       1.2788   659.5
23.7000       -157.7988    -159.0672       1.2684   654.2
23.7500       -157.8964    -159.1704       1.2740   657.1
