Time[ps]      Etot[eV]     Epot[eV]     Ekin[eV]    T[K]
0.0000        -159.1578    -159.8343       0.6765   373.8
0.0500        -159.2832    -159.6691       0.3859   213.2
0.1000        -159.0674    -159.6743       0.6069   335.4
0.1500        -159.0125    -159.4319       0.4195   231.8
0.2000        -159.0746    -159.5733       0.4987   275.6
0.2500        -159.1188    -159.6308       0.5120   282.9
0.3000        -159.2435    -159.7149       0.4713   260.5
0.3500        -159.1547    -159.7900       0.6353   351.1
0.4000        -159.0155    -159.4699       0.4544   251.1
0.4500        -158.9193    -159.4530       0.5337   294.9
0.5000        -159.3065    -159.8076       0.5011   276.9
0.5500        -159.0580    -159.6537       0.5957   329.2
0.6000        -158.8669    -159.4639       0.5970   329.9
0.6500        -158.9275    -159.4729       0.5454   301.4
0.7000        -159.1412    -159.7641       0.6228   344.2
0.7500        -159.2388    -159.8402       0.6015   332.4
0.8000        -158.8150    -159.5020       0.6869   379.6
0.8500        -158.7966    -159.3132       0.5166   285.5
0.9000        -158.8371    -159.5067       0.6695   370.0
0.9500        -159.0913    -159.6806       0.5893   325.6
1.0000        -159.0159    -159.7918       0.7760   428.8
1.0500        -158.7395    -159.4101       0.6706   370.6
1.1000        -158.8499    -159.5443       0.6944   383.7
1.1500        -158.8940    -159.6096       0.7155   395.4
1.2000        -158.9875    -159.7407       0.7532   416.2
1.2500        -158.7849    -159.5477       0.7629   421.6
1.3000        -158.6779    -159.4712       0.7934   438.4
1.3500        -158.9083    -159.6825       0.7742   427.8
1.4000        -158.8312    -159.6157       0.7844   433.5
1.4500        -158.7514    -159.6269       0.8755   483.8
1.5000        -158.7629    -159.5060       0.7431   410.6
1.5500        -158.7324    -159.6487       0.9163   506.3
1.6000        -158.8094    -159.6374       0.8280   457.5
1.6500        -158.7402    -159.6712       0.9310   514.5
1.7000        -158.6917    -159.5341       0.8424   465.5
1.7500        -158.5851    -159.4553       0.8702   480.9
1.8000        -158.8467    -159.7508       0.9040   499.6
1.8500        -158.8303    -159.7686       0.9383   518.5
1.9000        -158.5509    -159.5055       0.9547   527.5
1.9500        -158.6089    -159.4494       0.8404   464.4
2.0000        -158.5013    -159.5229       1.0216   564.5
2.0500        -158.7432    -159.6373       0.8941   494.1
2.1000        -158.6426    -159.6075       0.9649   533.2
2.1500        -158.5473    -159.3747       0.8274   457.2
2.2000        -158.4257    -159.3243       0.8987   496.6
2.2500        -158.5260    -159.4884       0.9625   531.8
2.3000        -158.9275    -159.8736       0.9461   522.8
2.3500        -158.4299    -159.3607       0.9308   514.4
2.4000        -158.5119    -159.4537       0.9418   520.5
2.4500        -158.6715    -159.7366       1.0651   588.6
2.5000        -158.8654    -159.7779       0.9125   504.3
2.5500        -158.6291    -159.4900       0.8609   475.7
2.6000        -158.4767    -159.3492       0.8725   482.1
2.6500        -158.7787    -159.6926       0.9139   505.0
2.7000        -158.5555    -159.3986       0.8431   465.9
2.7500        -158.8119    -159.6277       0.8158   450.8
2.8000        -158.6825    -159.6080       0.9255   511.4
2.8500        -158.6638    -159.5109       0.8471   468.1
2.9000        -158.6330    -159.4579       0.8250   455.9
2.9500        -158.8416    -159.5099       0.6683   369.3
3.0000        -158.8107    -159.6439       0.8333   460.5
3.0500        -158.7045    -159.5702       0.8657   478.4
3.1000        -158.7365    -159.5640       0.8275   457.3
3.1500        -158.7629    -159.5432       0.7803   431.2
3.2000        -158.9537    -159.6875       0.7338   405.5
3.2500        -158.9449    -159.7636       0.8187   452.4
3.3000        -158.7217    -159.4315       0.7098   392.2
3.3500        -158.7605    -159.4254       0.6650   367.5
3.4000        -158.8665    -159.5046       0.6381   352.6
3.4500        -158.9231    -159.5779       0.6547   361.8
3.5000        -158.7785    -159.4552       0.6767   373.9
3.5500        -158.9062    -159.5530       0.6469   357.5
3.6000        -159.1495    -159.8198       0.6703   370.4
3.6500        -159.0935    -159.7835       0.6900   381.3
3.7000        -158.8801    -159.4655       0.5854   323.5
3.7500        -158.9072    -159.4307       0.5235   289.3
3.8000        -159.0699    -159.6301       0.5601   309.5
3.8500        -159.1557    -159.7171       0.5614   310.2
3.9000        -159.1549    -159.7435       0.5886   325.3
3.9500        -159.0355    -159.5963       0.5608   309.9
4.0000        -158.9858    -159.4411       0.4553   251.6
4.0500        -159.2740    -159.8237       0.5497   303.8
4.1000        -159.1853    -159.6922       0.5069   280.1
4.1500        -158.9720    -159.3764       0.4044   223.5
4.2000        -158.9661    -159.4539       0.4878   269.6
4.2500        -159.0478    -159.5343       0.4864   268.8
4.3000        -159.2474    -159.7939       0.5465   302.0
4.3500        -159.2229    -159.7494       0.5265   291.0
4.4000        -159.0788    -159.4890       0.4102   226.7
4.4500        -158.9340    -159.4110       0.4769   263.5
4.5000        -159.0544    -159.4335       0.3791   209.5
4.5500        -159.2203    -159.7114       0.4911   271.4
4.6000        -159.0626    -159.5068       0.4442   245.5
4.6500        -159.1245    -159.6351       0.5106   282.2
4.7000        -159.2129    -159.7089       0.4960   274.1
4.7500        -159.2579    -159.7465       0.4886   270.0
4.8000        -159.0398    -159.5060       0.4662   257.6
4.8500        -159.0457    -159.5067       0.4610   254.8
4.9000        -159.0349    -159.5312       0.4963   274.2
4.9500        -159.2082    -159.6808       0.4725   261.1
5.0000        -159.2245    -159.8002       0.5757   318.1
5.0500        -159.0382    -159.5303       0.4921   271.9
5.1000        -159.0886    -159.6536       0.5650   312.2
5.1500        -159.1278    -159.6634       0.5356   296.0
5.2000        -159.2264    -159.7205       0.4941   273.0
5.2500        -158.8253    -159.4098       0.5845   323.0
5.3000        -158.9274    -159.4961       0.5687   314.3
5.3500        -159.0754    -159.7102       0.6348   350.8
5.4000        -159.1890    -159.8323       0.6433   355.5
5.4500        -159.0072    -159.6499       0.6428   355.2
5.5000        -158.9168    -159.5960       0.6791   375.3
5.5500        -158.9450    -159.5936       0.6486   358.4
5.6000        -158.8227    -159.5010       0.6783   374.8
5.6500        -158.9852    -159.5927       0.6074   335.7
5.7000        -158.7918    -159.5724       0.7805   431.3
5.7500        -158.7411    -159.4896       0.7485   413.6
5.8000        -158.8497    -159.6326       0.7829   432.6
5.8500        -159.0245    -159.8256       0.8011   442.7
5.9000        -158.8554    -159.6223       0.7668   423.8
5.9500        -158.7344    -159.5868       0.8524   471.0
6.0000        -158.6732    -159.4236       0.7504   414.7
6.0500        -158.6716    -159.5214       0.8498   469.6
6.1000        -158.8254    -159.7258       0.9004   497.6
6.1500        -158.8222    -159.7850       0.9628   532.0
6.2000        -158.5693    -159.4310       0.8618   476.2
6.2500        -158.6992    -159.5412       0.8420   465.3
6.3000        -158.6698    -159.5360       0.8662   478.6
6.3500        -158.5361    -159.4634       0.9273   512.4
6.4000        -158.4650    -159.4117       0.9467   523.1
6.4500        -158.5804    -159.4636       0.8832   488.1
6.5000        -158.7358    -159.7161       0.9804   541.7
6.5500        -158.6111    -159.6301       1.0190   563.1
6.6000        -158.6448    -159.6064       0.9616   531.4
6.6500        -158.4853    -159.4420       0.9567   528.7
6.7000        -158.4749    -159.3982       0.9233   510.2
6.7500        -158.6713    -159.6080       0.9367   517.6
6.8000        -158.5564    -159.5508       0.9944   549.5
6.8500        -158.6358    -159.6082       0.9724   537.4
6.9000        -158.5035    -159.5439       1.0404   574.9
6.9500        -158.8569    -159.8677       1.0107   558.5
7.0000        -158.5723    -159.5156       0.9433   521.3
7.0500        -158.4277    -159.3487       0.9210   509.0
7.1000        -158.4232    -159.3210       0.8977   496.1
7.1500        -158.4222    -159.4419       1.0198   563.5
7.2000        -158.7517    -159.7451       0.9934   549.0
7.2500        -158.6876    -159.7728       1.0851   599.6
7.3000        -158.4732    -159.4409       0.9677   534.8
7.3500        -158.4152    -159.3524       0.9372   517.9
7.4000        -158.6018    -159.5235       0.9217   509.3
7.4500        -158.7452    -159.6859       0.9408   519.9
7.5000        -158.4639    -159.4859       1.0220   564.7
7.5500        -158.4793    -159.4138       0.9344   516.4
7.6000        -158.5112    -159.5758       1.0646   588.3
7.6500        -158.6784    -159.5851       0.9067   501.0
7.7000        -158.6971    -159.5865       0.8894   491.5
7.7500        -158.5368    -159.3980       0.8612   475.9
7.8000        -158.6446    -159.5957       0.9511   525.6
7.8500        -158.6540    -159.6859       1.0319   570.2
7.9000        -158.8523    -159.8159       0.9636   532.5
7.9500        -158.5924    -159.5125       0.9201   508.4
8.0000        -158.5381    -159.3069       0.7688   424.8
8.0500        -158.6362    -159.5048       0.8686   480.0
8.1000        -158.6979    -159.5351       0.8372   462.6
8.1500        -158.8253    -159.6779       0.8527   471.2
8.2000        -158.6775    -159.5344       0.8569   473.5
8.2500        -158.6912    -159.5618       0.8706   481.1
8.3000        -158.6667    -159.5580       0.8912   492.5
8.3500        -158.9286    -159.6433       0.7147   394.9
8.4000        -158.6565    -159.4151       0.7586   419.2
8.4500        -158.6207    -159.3987       0.7779   429.9
8.5000        -158.9113    -159.7847       0.8734   482.6
8.5500        -158.8146    -159.5972       0.7826   432.5
8.6000        -158.8102    -159.6248       0.8146   450.1
8.6500        -158.7050    -159.4746       0.7696   425.3
8.7000        -158.7386    -159.4681       0.7295   403.1
8.7500        -158.7539    -159.4452       0.6913   382.0
8.8000        -158.9192    -159.6075       0.6883   380.4
8.8500        -158.9763    -159.7681       0.7918   437.5
8.9000        -158.7622    -159.6037       0.8415   465.0
8.9500        -158.7789    -159.5239       0.7450   411.7
9.0000        -158.8796    -159.5910       0.7114   393.1
9.0500        -158.7613    -159.3916       0.6304   348.3
9.1000        -158.7982    -159.5178       0.7197   397.7
9.1500        -158.8070    -159.5610       0.7540   416.7
9.2000        -159.0352    -159.7778       0.7426   410.4
9.2500        -158.8790    -159.6292       0.7502   414.6
9.3000        -158.8223    -159.5807       0.7584   419.1
9.3500        -158.6652    -159.3501       0.6849   378.5
9.4000        -158.6832    -159.3968       0.7136   394.3
9.4500        -159.0201    -159.6608       0.6407   354.1
9.5000        -158.9176    -159.7138       0.7962   440.0
9.5500        -158.7829    -159.5218       0.7389   408.3
9.6000        -158.8868    -159.7722       0.8854   489.3
9.6500        -158.9568    -159.6570       0.7003   387.0
9.7000        -158.8350    -159.5595       0.7246   400.4
9.7500        -158.6263    -159.3506       0.7243   400.2
9.8000        -158.8713    -159.5383       0.6670   368.6
9.8500        -158.7261    -159.4841       0.7580   418.9
9.9000        -158.8693    -159.5798       0.7105   392.6
9.9500        -158.8869    -159.7474       0.8605   475.5
10.0000       -158.7817    -159.5954       0.8137   449.6
10.0500       -158.5731    -159.2452       0.6721   371.4
10.1000       -158.7634    -159.5016       0.7382   408.0
10.1500       -158.9045    -159.7538       0.8493   469.3
10.2000       -158.7997    -159.7400       0.9403   519.6
10.2500       -158.6523    -159.4353       0.7830   432.7
10.3000       -158.7309    -159.5443       0.8133   449.4
10.3500       -158.6522    -159.4781       0.8259   456.4
10.4000       -158.5563    -159.4957       0.9394   519.1
10.4500       -158.6606    -159.4853       0.8246   455.7
10.5000       -158.6947    -159.6040       0.9093   502.5
10.5500       -158.5912    -159.5072       0.9160   506.2
10.6000       -158.6450    -159.5331       0.8881   490.8
10.6500       -158.4443    -159.3634       0.9191   507.9
10.7000       -158.4564    -159.3832       0.9268   512.1
10.7500       -158.6497    -159.6489       0.9992   552.2
10.8000       -158.8033    -159.7983       0.9950   549.8
10.8500       -158.4669    -159.5559       1.0890   601.8
10.9000       -158.5181    -159.4895       0.9715   536.8
10.9500       -158.3375    -159.3626       1.0251   566.5
11.0000       -158.4509    -159.4406       0.9897   546.9
11.0500       -158.4843    -159.5251       1.0407   575.1
11.1000       -158.4015    -159.5478       1.1463   633.5
11.1500       -158.3668    -159.4593       1.0925   603.7
11.2000       -158.3144    -159.5569       1.2425   686.6
11.2500       -158.6943    -159.8190       1.1247   621.5
11.3000       -158.2110    -159.3519       1.1409   630.5
11.3500       -158.1988    -159.3546       1.1558   638.7
11.4000       -158.4213    -159.5900       1.1688   645.9
11.4500       -158.3603    -159.6647       1.3045   720.8
11.5000       -158.3347    -159.6400       1.3053   721.3
11.5500       -158.1882    -159.4416       1.2534   692.6
11.6000       -158.2109    -159.4611       1.2502   690.8
11.6500       -158.1821    -159.4354       1.2533   692.6
11.7000       -158.2332    -159.4370       1.2039   665.2
11.7500       -158.2529    -159.5684       1.3155   726.9
11.8000       -158.1606    -159.5560       1.3954   771.1
11.8500       -158.3604    -159.7918       1.4315   791.0
11.9000       -158.1063    -159.5303       1.4240   786.9
11.9500       -158.2883    -159.6730       1.3847   765.2
12.0000       -158.0153    -159.3969       1.3816   763.5
12.0500       -157.9501    -159.2994       1.3493   745.6
12.1000       -158.1225    -159.5145       1.3920   769.2
12.1500       -158.3127    -159.7280       1.4153   782.1
12.2000       -158.3015    -159.7406       1.4390   795.2
12.2500       -157.8904    -159.3686       1.4782   816.9
12.3000       -158.0974    -159.5686       1.4712   813.0
12.3500       -158.1695    -159.5040       1.3344   737.4
12.4000       -158.0171    -159.4741       1.4570   805.1
12.4500       -158.1331    -159.6326       1.4995   828.6
12.5000       -158.1070    -159.7364       1.6294   900.4
12.5500       -158.2937    -159.8646       1.5709   868.1
12.6000       -158.0256    -159.5112       1.4856   820.9
12.6500       -158.1116    -159.6247       1.5132   836.2
12.7000       -157.9842    -159.4400       1.4558   804.5
12.7500       -157.9025    -159.4527       1.5502   856.7
12.8000       -158.1110    -159.6618       1.5509   857.0
12.8500       -157.9553    -159.4673       1.5120   835.5
12.9000       -158.0665    -159.6446       1.5781   872.1
12.9500       -157.8492    -159.4251       1.5759   870.8
13.0000       -158.0142    -159.4777       1.4635   808.7
13.0500       -157.9975    -159.5218       1.5243   842.3
13.1000       -157.8829    -159.4807       1.5978   882.9
13.1500       -158.1555    -159.8244       1.6689   922.2
13.2000       -157.8906    -159.5224       1.6318   901.7
13.2500       -158.1770    -159.6667       1.4897   823.2
13.3000       -157.8743    -159.3653       1.4910   823.9
13.3500       -157.9118    -159.4476       1.5358   848.7
13.4000       -157.9275    -159.4543       1.5269   843.8
13.4500       -158.0505    -159.6831       1.6326   902.2
13.5000       -158.2339    -159.8246       1.5908   879.1
13.5500       -157.8814    -159.5180       1.6366   904.4
13.6000       -158.0570    -159.6309       1.5739   869.7
13.6500       -157.9931    -159.5299       1.5368   849.2
13.7000       -158.0807    -159.5671       1.4864   821.4
13.7500       -158.0206    -159.6027       1.5821   874.3
13.8000       -157.8938    -159.4442       1.5504   856.8
13.8500       -158.0716    -159.6450       1.5734   869.4
13.9000       -157.9301    -159.4650       1.5349   848.2
13.9500       -158.1345    -159.6815       1.5469   854.8
14.0000       -157.8690    -159.4390       1.5700   867.6
14.0500       -157.9087    -159.3116       1.4029   775.2
14.1000       -158.0230    -159.4986       1.4756   815.4
14.1500       -157.9389    -159.4276       1.4886   822.6
14.2000       -158.1810    -159.8251       1.6441   908.5
14.2500       -157.9354    -159.4695       1.5342   847.8
14.3000       -158.1306    -159.6615       1.5309   846.0
14.3500       -157.8896    -159.3028       1.4132   780.9
14.4000       -157.9842    -159.4489       1.4647   809.4
14.4500       -158.2269    -159.6864       1.4595   806.5
14.5000       -157.9607    -159.4004       1.4397   795.6
14.5500       -158.2213    -159.6749       1.4536   803.3
14.6000       -157.9971    -159.4710       1.4739   814.5
14.6500       -158.0349    -159.5634       1.5286   844.7
14.7000       -158.0537    -159.4795       1.4258   787.9
14.7500       -158.0711    -159.5827       1.5116   835.3
14.8000       -158.2901    -159.7638       1.4737   814.4
14.8500       -158.0404    -159.5054       1.4650   809.6
14.9000       -158.1176    -159.5717       1.4541   803.5
14.9500       -157.9595    -159.3785       1.4190   784.1
15.0000       -158.0950    -159.5636       1.4687   811.6
15.0500       -158.2206    -159.6637       1.4431   797.5
15.1000       -157.9363    -159.3538       1.4175   783.3
15.1500       -158.2821    -159.6859       1.4038   775.7
15.2000       -157.9599    -159.4665       1.5066   832.5
15.2500       -158.2677    -159.7562       1.4885   822.6
15.3000       -157.9265    -159.3564       1.4299   790.2
15.3500       -157.9192    -159.3566       1.4374   794.3
15.4000       -158.1291    -159.5718       1.4427   797.2
15.4500       -158.1266    -159.6922       1.5656   865.1
15.5000       -158.3057    -159.7612       1.4555   804.3
15.5500       -157.9740    -159.5122       1.5381   850.0
15.6000       -158.1236    -159.6807       1.5571   860.4
15.6500       -158.0939    -159.6616       1.5677   866.3
15.7000       -157.9424    -159.4581       1.5157   837.6
15.7500       -158.1359    -159.6503       1.5144   836.9
15.8000       -157.9565    -159.4586       1.5020   830.0
15.8500       -158.1174    -159.6992       1.5818   874.1
15.9000       -157.8955    -159.4344       1.5389   850.4
15.9500       -158.0739    -159.6447       1.5707   868.0
16.0000       -158.0071    -159.5850       1.5779   871.9
16.0500       -157.8818    -159.5573       1.6755   925.9
16.1000       -158.1457    -159.7286       1.5829   874.7
