Time[ps]      Etot[eV]     Epot[eV]     Ekin[eV]    T[K]
0.0000        -158.5130    -159.4047       0.8918   328.5
0.0500        -158.7608    -159.4365       0.6757   248.9
0.1000        -158.6939    -159.4232       0.7294   268.7
0.1500        -158.7815    -159.4293       0.6477   238.6
0.2000        -158.6892    -159.4207       0.7315   269.5
0.2500        -158.8369    -159.4524       0.6155   226.8
0.3000        -158.9511    -159.4281       0.4769   175.7
0.3500        -158.7965    -159.4748       0.6783   249.9
0.4000        -158.7967    -159.4427       0.6461   238.0
0.4500        -158.6711    -159.4532       0.7821   288.1
0.5000        -158.7423    -159.4324       0.6901   254.2
0.5500        -158.7659    -159.4203       0.6544   241.1
0.6000        -158.6741    -159.4203       0.7462   274.9
0.6500        -158.7798    -159.4240       0.6442   237.3
0.7000        -158.8060    -159.4747       0.6686   246.3
0.7500        -158.7957    -159.4549       0.6592   242.8
0.8000        -158.8379    -159.4622       0.6243   230.0
0.8500        -158.6785    -159.4515       0.7730   284.8
0.9000        -158.8276    -159.4530       0.6254   230.4
0.9500        -158.6414    -159.4049       0.7635   281.3
1.0000        -158.6318    -159.4025       0.7707   283.9
1.0500        -158.6636    -159.4099       0.7462   274.9
1.1000        -158.7959    -159.3981       0.6022   221.9
1.1500        -158.6726    -159.4064       0.7338   270.3
1.2000        -158.5365    -159.4312       0.8946   329.6
1.2500        -158.5564    -159.4368       0.8804   324.4
1.3000        -158.5550    -159.4658       0.9107   335.5
1.3500        -158.6841    -159.4782       0.7941   292.6
1.4000        -158.7390    -159.4882       0.7492   276.0
1.4500        -158.5030    -159.4841       0.9812   361.5
1.5000        -158.5864    -159.4778       0.8915   328.4
1.5500        -158.4630    -159.4538       0.9909   365.0
1.6000        -158.3869    -159.4315       1.0447   384.9
1.6500        -158.4035    -159.4598       1.0562   389.1
1.7000        -158.2365    -159.3969       1.1604   427.5
1.7500        -158.4575    -159.3849       0.9274   341.6
1.8000        -158.3430    -159.3894       1.0464   385.5
1.8500        -158.2038    -159.3766       1.1728   432.1
1.9000        -158.2592    -159.4382       1.1790   434.4
1.9500        -158.2594    -159.4231       1.1638   428.7
2.0000        -158.2082    -159.4733       1.2651   466.0
2.0500        -158.3883    -159.4793       1.0911   401.9
2.1000        -158.3842    -159.4694       1.0851   399.8
2.1500        -158.3154    -159.4420       1.1265   415.0
2.2000        -158.3254    -159.4556       1.1302   416.4
2.2500        -158.2125    -159.4331       1.2207   449.7
2.3000        -158.2478    -159.4263       1.1784   434.1
2.3500        -157.9672    -159.4495       1.4823   546.1
2.4000        -158.2411    -159.4139       1.1728   432.1
2.4500        -158.3280    -159.3681       1.0402   383.2
2.5000        -158.2131    -159.3707       1.1576   426.5
2.5500        -158.3548    -159.4051       1.0503   386.9
2.6000        -158.2138    -159.4071       1.1932   439.6
2.6500        -158.2386    -159.3901       1.1515   424.2
2.7000        -158.1815    -159.4165       1.2350   455.0
2.7500        -158.2357    -159.4443       1.2086   445.2
2.8000        -158.2841    -159.4127       1.1286   415.8
2.8500        -158.3780    -159.4748       1.0969   404.1
2.9000        -158.4681    -159.5003       1.0322   380.2
2.9500        -158.6339    -159.5243       0.8905   328.0
3.0000        -158.3529    -159.4854       1.1325   417.2
3.0500        -158.3091    -159.4599       1.1508   424.0
3.1000        -158.1676    -159.4158       1.2482   459.8
3.1500        -158.0328    -159.3957       1.3629   502.1
3.2000        -158.3422    -159.3860       1.0439   384.6
3.2500        -158.2381    -159.3883       1.1502   423.7
3.3000        -158.2552    -159.3936       1.1384   419.4
3.3500        -158.1825    -159.4134       1.2309   453.5
3.4000        -158.1780    -159.4176       1.2396   456.6
3.4500        -158.1750    -159.3792       1.2042   443.6
3.5000        -158.0918    -159.4111       1.3194   486.1
3.5500        -157.9824    -159.4762       1.4938   550.3
3.6000        -158.1345    -159.4745       1.3400   493.7
3.6500        -158.2953    -159.4847       1.1894   438.2
3.7000        -158.2393    -159.5032       1.2639   465.6
3.7500        -158.1949    -159.4180       1.2231   450.6
3.8000        -158.0486    -159.3923       1.3437   495.0
3.8500        -157.8791    -159.4043       1.5252   561.9
3.9000        -157.7831    -159.4388       1.6557   610.0
3.9500        -158.0241    -159.4491       1.4250   525.0
4.0000        -157.9447    -159.4149       1.4702   541.6
4.0500        -157.9093    -159.3783       1.4690   541.2
4.1000        -158.0053    -159.3614       1.3561   499.6
4.1500        -157.8517    -159.3688       1.5171   558.9
4.2000        -157.9759    -159.3985       1.4226   524.1
4.2500        -157.8530    -159.3963       1.5433   568.5
4.3000        -157.7811    -159.4357       1.6546   609.6
4.3500        -157.7727    -159.4414       1.6687   614.7
4.4000        -157.8584    -159.4982       1.6399   604.1
4.4500        -157.7016    -159.4152       1.7136   631.3
4.5000        -157.8351    -159.5057       1.6706   615.4
4.5500        -157.5990    -159.4451       1.8461   680.1
4.6000        -157.5611    -159.4564       1.8952   698.2
4.6500        -157.3383    -159.4208       2.0825   767.2
4.7000        -157.2967    -159.4240       2.1273   783.7
4.7500        -157.3237    -159.3885       2.0648   760.7
4.8000        -157.2648    -159.3803       2.1156   779.4
4.8500        -157.3828    -159.4113       2.0285   747.3
4.9000        -157.3618    -159.3829       2.0210   744.5
4.9500        -157.1713    -159.3929       2.2216   818.4
5.0000        -157.1392    -159.3970       2.2578   831.8
5.0500        -157.2158    -159.4401       2.2243   819.4
5.1000        -157.1915    -159.4598       2.2683   835.6
5.1500        -157.0254    -159.4653       2.4399   898.9
5.2000        -157.1310    -159.4893       2.3583   868.8
5.2500        -157.1284    -159.4297       2.3013   847.8
5.3000        -157.2186    -159.3908       2.1722   800.2
5.3500        -156.9162    -159.4263       2.5100   924.7
5.4000        -156.9550    -159.4790       2.5240   929.8
5.4500        -156.8152    -159.4480       2.6328   969.9
5.5000        -156.9128    -159.4005       2.4877   916.5
5.5500        -156.8428    -159.4276       2.5848   952.2
5.6000        -156.9594    -159.4139       2.4546   904.3
5.6500        -157.0118    -159.3592       2.3475   864.8
5.7000        -156.8162    -159.3653       2.5491   939.1
5.7500        -156.9550    -159.4518       2.4969   919.8
5.8000        -156.9353    -159.4274       2.4920   918.1
5.8500        -156.7769    -159.4575       2.6806   987.5
