Time[ps]      Etot[eV]     Epot[eV]     Ekin[eV]    T[K]
0.0000        -158.3989    -158.7761       0.3772   364.8
0.0500        -158.4362    -158.7753       0.3391   327.9
0.1000        -158.4218    -158.7693       0.3475   336.1
0.1500        -158.3960    -158.7757       0.3797   367.2
0.2000        -158.4165    -158.7703       0.3538   342.2
0.2500        -158.4050    -158.7545       0.3495   338.0
0.3000        -158.4020    -158.7656       0.3636   351.6
0.3500        -158.4026    -158.7660       0.3634   351.4
0.4000        -158.3531    -158.7670       0.4138   400.2
0.4500        -158.2934    -158.7584       0.4650   449.7
0.5000        -158.3956    -158.7745       0.3789   366.4
0.5500        -158.3736    -158.7709       0.3973   384.2
0.6000        -158.3564    -158.7701       0.4137   400.0
0.6500        -158.4712    -158.7702       0.2990   289.2
0.7000        -158.3628    -158.7805       0.4177   404.0
0.7500        -158.4084    -158.7580       0.3495   338.0
0.8000        -158.3765    -158.7591       0.3826   370.0
0.8500        -158.3520    -158.7696       0.4176   403.8
0.9000        -158.3805    -158.7578       0.3772   364.8
0.9500        -158.3298    -158.7498       0.4200   406.2
1.0000        -158.3041    -158.7707       0.4666   451.2
1.0500        -158.3285    -158.7759       0.4475   432.7
1.1000        -158.3010    -158.7647       0.4637   448.4
1.1500        -158.2966    -158.7716       0.4750   459.3
1.2000        -158.4337    -158.7668       0.3331   322.1
1.2500        -158.3555    -158.7751       0.4197   405.8
1.3000        -158.4124    -158.7784       0.3660   354.0
1.3500        -158.4023    -158.7802       0.3778   365.4
1.4000        -158.3210    -158.7696       0.4486   433.8
1.4500        -158.3690    -158.7631       0.3941   381.1
1.5000        -158.3486    -158.7572       0.4086   395.1
1.5500        -158.3334    -158.7701       0.4367   422.3
1.6000        -158.3510    -158.7541       0.4031   389.8
1.6500        -158.2858    -158.7661       0.4803   464.5
1.7000        -158.2390    -158.7762       0.5373   519.6
1.7500        -158.3128    -158.7657       0.4530   438.0
1.8000        -158.2945    -158.7654       0.4709   455.4
1.8500        -158.3317    -158.7697       0.4380   423.6
1.9000        -158.3617    -158.7699       0.4082   394.8
1.9500        -158.3373    -158.7786       0.4414   426.8
2.0000        -158.3070    -158.7742       0.4672   451.8
2.0500        -158.3228    -158.7496       0.4269   412.8
2.1000        -158.3056    -158.7529       0.4473   432.6
2.1500        -158.2754    -158.7645       0.4891   473.0
2.2000        -158.3347    -158.7692       0.4345   420.2
2.2500        -158.2418    -158.7652       0.5234   506.2
2.3000        -158.2525    -158.7599       0.5075   490.7
2.3500        -158.1668    -158.7678       0.6010   581.2
2.4000        -158.2325    -158.7700       0.5375   519.8
2.4500        -158.2991    -158.7720       0.4729   457.4
2.5000        -158.2415    -158.7814       0.5399   522.1
2.5500        -158.3502    -158.7779       0.4277   413.6
2.6000        -158.2744    -158.7581       0.4836   467.7
2.6500        -158.3290    -158.7774       0.4484   433.6
2.7000        -158.3214    -158.7628       0.4414   426.8
2.7500        -158.2774    -158.7649       0.4875   471.4
2.8000        -158.2608    -158.7587       0.4979   481.5
2.8500        -158.2666    -158.7829       0.5163   499.3
2.9000        -158.2120    -158.7817       0.5697   550.9
2.9500        -158.1596    -158.7596       0.6000   580.2
3.0000        -158.2535    -158.7528       0.4993   482.8
3.0500        -158.2176    -158.7633       0.5457   527.7
3.1000        -158.2271    -158.7724       0.5453   527.4
3.1500        -158.3043    -158.7667       0.4624   447.1
3.2000        -158.2406    -158.7736       0.5330   515.4
3.2500        -158.2679    -158.7570       0.4891   473.0
3.3000        -158.2682    -158.7568       0.4886   472.5
3.3500        -158.3104    -158.7605       0.4502   435.3
3.4000        -158.2960    -158.7691       0.4731   457.5
3.4500        -158.2379    -158.7691       0.5312   513.7
3.5000        -158.1912    -158.7690       0.5778   558.8
3.5500        -158.2128    -158.7618       0.5490   530.9
3.6000        -158.1500    -158.7728       0.6228   602.3
3.6500        -158.1548    -158.7644       0.6097   589.6
3.7000        -158.2120    -158.7598       0.5479   529.8
3.7500        -158.2030    -158.7770       0.5740   555.1
3.8000        -158.2015    -158.7631       0.5615   543.0
3.8500        -158.2312    -158.7757       0.5445   526.6
3.9000        -158.2828    -158.7639       0.4811   465.2
3.9500        -158.2310    -158.7721       0.5411   523.3
4.0000        -158.2424    -158.7704       0.5280   510.6
4.0500        -158.1877    -158.7784       0.5908   571.3
4.1000        -158.2232    -158.7665       0.5433   525.4
4.1500        -158.0774    -158.7721       0.6947   671.8
4.2000        -158.0780    -158.7660       0.6879   665.3
4.2500        -158.1257    -158.7561       0.6304   609.7
4.3000        -158.0228    -158.7706       0.7478   723.2
4.3500        -158.1329    -158.7643       0.6315   610.7
4.4000        -158.0625    -158.7682       0.7057   682.4
4.4500        -158.1596    -158.7628       0.6032   583.3
4.5000        -158.1049    -158.7517       0.6468   625.5
4.5500        -158.0947    -158.7570       0.6624   640.5
4.6000        -158.1052    -158.7711       0.6659   643.9
4.6500        -158.1266    -158.7700       0.6434   622.2
4.7000        -158.0635    -158.7760       0.7124   689.0
4.7500        -158.0076    -158.7642       0.7565   731.6
4.8000        -158.0499    -158.7582       0.7082   684.9
4.8500        -157.9670    -158.7624       0.7954   769.2
4.9000        -157.9559    -158.7703       0.8144   787.5
4.9500        -158.0714    -158.7659       0.6945   671.6
5.0000        -157.9886    -158.7597       0.7711   745.7
5.0500        -158.0567    -158.7598       0.7031   679.9
5.1000        -158.0385    -158.7693       0.7308   706.7
5.1500        -158.0345    -158.7718       0.7373   713.0
5.2000        -158.0409    -158.7622       0.7213   697.5
5.2500        -158.0142    -158.7786       0.7645   739.3
5.3000        -158.0217    -158.7791       0.7574   732.4
5.3500        -158.0537    -158.7735       0.7197   696.0
5.4000        -157.9407    -158.7694       0.8287   801.4
5.4500        -157.9307    -158.7694       0.8388   811.1
5.5000        -157.9344    -158.7637       0.8293   802.0
5.5500        -157.9539    -158.7639       0.8100   783.3
5.6000        -157.9736    -158.7634       0.7898   763.8
5.6500        -157.9245    -158.7563       0.8319   804.4
5.7000        -157.9506    -158.7506       0.8001   773.7
5.7500        -157.9425    -158.7569       0.8144   787.6
5.8000        -157.9185    -158.7819       0.8634   835.0
5.8500        -157.9279    -158.7695       0.8416   813.9
5.9000        -157.9839    -158.7598       0.7759   750.4
5.9500        -157.8932    -158.7721       0.8789   849.9
6.0000        -157.9387    -158.7638       0.8251   797.9
6.0500        -157.8630    -158.7705       0.9074   877.5
6.1000        -157.8031    -158.7710       0.9679   936.0
6.1500        -157.8740    -158.7580       0.8839   854.8
6.2000        -157.8624    -158.7604       0.8979   868.3
6.2500        -157.8809    -158.7626       0.8817   852.6
6.3000        -157.8400    -158.7685       0.9285   897.9
6.3500        -157.8244    -158.7572       0.9328   902.1
6.4000        -157.8061    -158.7672       0.9611   929.4
