Time[ps]      Etot[eV]     Epot[eV]     Ekin[eV]    T[K]
0.0000        -158.2996    -159.0968       0.7972   385.5
0.0500        -158.3296    -159.0880       0.7585   366.7
0.1000        -158.2725    -159.0818       0.8093   391.3
0.1500        -158.2507    -159.1179       0.8671   419.3
0.2000        -158.1686    -159.0730       0.9043   437.3
0.2500        -158.3281    -159.0972       0.7691   371.9
0.3000        -158.2051    -159.1074       0.9022   436.3
0.3500        -158.3813    -159.0854       0.7041   340.5
0.4000        -158.2683    -159.0730       0.8047   389.1
0.4500        -158.0547    -159.0864       1.0316   498.8
0.5000        -158.1656    -159.0943       0.9287   449.0
0.5500        -158.2891    -159.1056       0.8165   394.8
0.6000        -158.1968    -159.0852       0.8884   429.6
0.6500        -158.1824    -159.0715       0.8891   429.9
0.7000        -158.2448    -159.0850       0.8402   406.2
0.7500        -158.2515    -159.0603       0.8088   391.1
0.8000        -158.0211    -159.1177       1.0966   530.2
0.8500        -158.1396    -159.0937       0.9541   461.3
0.9000        -158.3347    -159.0837       0.7490   362.2
0.9500        -158.4529    -159.1126       0.6597   319.0
1.0000        -158.3848    -159.0800       0.6952   336.1
1.0500        -158.2193    -159.0832       0.8639   417.7
1.1000        -158.1859    -159.0989       0.9130   441.5
1.1500        -158.2035    -159.0887       0.8851   428.0
1.2000        -158.2531    -159.1059       0.8529   412.4
1.2500        -158.1907    -159.0674       0.8767   423.9
1.3000        -158.1382    -159.0738       0.9355   452.4
1.3500        -158.2297    -159.0899       0.8602   415.9
1.4000        -158.1077    -159.0780       0.9703   469.2
1.4500        -158.1581    -159.0683       0.9102   440.1
1.5000        -158.3708    -159.1174       0.7466   361.0
1.5500        -158.0709    -159.0959       1.0250   495.6
1.6000        -158.0257    -159.0814       1.0557   510.5
1.6500        -158.0582    -159.0728       1.0146   490.6
1.7000        -157.9309    -159.0865       1.1556   558.8
1.7500        -158.0448    -159.0820       1.0372   501.5
1.8000        -158.1169    -159.0895       0.9726   470.3
1.8500        -158.0691    -159.1068       1.0377   501.8
1.9000        -158.1129    -159.0753       0.9624   465.3
1.9500        -158.1980    -159.0913       0.8933   431.9
2.0000        -158.0338    -159.0866       1.0528   509.0
2.0500        -158.0565    -159.0937       1.0373   501.5
2.1000        -158.1084    -159.0841       0.9757   471.8
2.1500        -158.1738    -159.1023       0.9285   449.0
2.2000        -158.1396    -159.1007       0.9611   464.7
2.2500        -158.1077    -159.0595       0.9518   460.2
2.3000        -158.0108    -159.0551       1.0443   504.9
2.3500        -158.1640    -159.0930       0.9290   449.2
2.4000        -158.1729    -159.0633       0.8903   430.5
2.4500        -158.0424    -159.0956       1.0532   509.2
2.5000        -157.8757    -159.0875       1.2118   585.9
2.5500        -157.9826    -159.0897       1.1071   535.3
2.6000        -158.1771    -159.0870       0.9099   440.0
2.6500        -158.1158    -159.0954       0.9796   473.6
2.7000        -157.8119    -159.1088       1.2969   627.1
2.7500        -157.8888    -159.0969       1.2082   584.2
2.8000        -158.0784    -159.0856       1.0072   487.0
2.8500        -158.0884    -159.0932       1.0048   485.9
2.9000        -158.0225    -159.0686       1.0461   505.8
2.9500        -157.9713    -159.0741       1.1027   533.2
3.0000        -157.9752    -159.1217       1.1465   554.3
3.0500        -158.0843    -159.0681       0.9838   475.7
3.1000        -158.1064    -159.1090       1.0026   484.8
3.1500        -158.0711    -159.0874       1.0163   491.4
3.2000        -158.0396    -159.0673       1.0277   496.9
3.2500        -158.0832    -159.0814       0.9982   482.6
3.3000        -158.1535    -159.0807       0.9272   448.3
3.3500        -158.1483    -159.0796       0.9313   450.3
3.4000        -158.1413    -159.0689       0.9276   448.5
3.4500        -157.8661    -159.0887       1.2227   591.2
3.5000        -157.9882    -159.1014       1.1131   538.2
3.5500        -158.1656    -159.0891       0.9235   446.5
3.6000        -158.1392    -159.0914       0.9521   460.4
3.6500        -158.2154    -159.0991       0.8837   427.3
3.7000        -158.1700    -159.0906       0.9206   445.1
3.7500        -157.9713    -159.0866       1.1153   539.3
3.8000        -158.0165    -159.0812       1.0647   514.8
3.8500        -157.9927    -159.0850       1.0922   528.1
3.9000        -157.8786    -159.0882       1.2096   584.9
3.9500        -157.9571    -159.0914       1.1343   548.5
4.0000        -158.0397    -159.0803       1.0406   503.2
4.0500        -158.1275    -159.1028       0.9753   471.6
4.1000        -158.1173    -159.0744       0.9570   462.7
4.1500        -158.1904    -159.0802       0.8898   430.2
4.2000        -158.0672    -159.0892       1.0220   494.1
4.2500        -158.0046    -159.0759       1.0714   518.0
4.3000        -157.9860    -159.0992       1.1131   538.2
4.3500        -157.9960    -159.1040       1.1080   535.8
4.4000        -157.9508    -159.0955       1.1446   553.5
4.4500        -158.2034    -159.0706       0.8672   419.3
4.5000        -158.3267    -159.0963       0.7695   372.1
4.5500        -158.1152    -159.0808       0.9655   466.9
4.6000        -158.0354    -159.1072       1.0718   518.2
4.6500        -157.8477    -159.0873       1.2396   599.4
4.7000        -157.8398    -159.0907       1.2508   604.8
4.7500        -158.0929    -159.0927       0.9999   483.5
4.8000        -157.8937    -159.0820       1.1883   574.6
4.8500        -158.1830    -159.0992       0.9162   443.0
4.9000        -158.1204    -159.0753       0.9549   461.7
4.9500        -158.0239    -159.1003       1.0764   520.5
5.0000        -158.0134    -159.0822       1.0688   516.8
5.0500        -158.0849    -159.0868       1.0020   484.5
5.1000        -158.0305    -159.0751       1.0446   505.1
5.1500        -157.8884    -159.0961       1.2077   584.0
5.2000        -158.0483    -159.0972       1.0488   507.1
5.2500        -158.0221    -159.0818       1.0596   512.4
5.3000        -158.1895    -159.0971       0.9076   438.9
5.3500        -158.0358    -159.0966       1.0608   512.9
5.4000        -158.0626    -159.0861       1.0235   494.9
5.4500        -157.9990    -159.0846       1.0856   524.9
5.5000        -157.9181    -159.0958       1.1777   569.4
5.5500        -157.8626    -159.0937       1.2311   595.3
5.6000        -158.0058    -159.0582       1.0524   508.9
5.6500        -157.9694    -159.0874       1.1180   540.6
5.7000        -158.0289    -159.0875       1.0585   511.8
5.7500        -158.1692    -159.0901       0.9210   445.3
5.8000        -158.0748    -159.1019       1.0272   496.7
5.8500        -158.1027    -159.1007       0.9980   482.6
5.9000        -158.0250    -159.1029       1.0779   521.2
5.9500        -158.1016    -159.0728       0.9712   469.6
6.0000        -158.0492    -159.0869       1.0377   501.7
6.0500        -158.0769    -159.0953       1.0184   492.4
6.1000        -157.9397    -159.1095       1.1698   565.6
6.1500        -158.0690    -159.0789       1.0099   488.3
6.2000        -158.1104    -159.0870       0.9766   472.2
6.2500        -157.8913    -159.0838       1.1926   576.6
6.3000        -157.8841    -159.0735       1.1894   575.1
6.3500        -158.0554    -159.1099       1.0545   509.9
6.4000        -157.9136    -159.0787       1.1650   563.3
6.4500        -158.0077    -159.1038       1.0961   530.0
6.5000        -158.2306    -159.0720       0.8414   406.8
6.5500        -158.1102    -159.0887       0.9785   473.1
6.6000        -157.9710    -159.0798       1.1088   536.1
6.6500        -158.1033    -159.1140       1.0107   488.7
6.7000        -158.2867    -159.1091       0.8224   397.6
6.7500        -158.2023    -159.1047       0.9024   436.3
6.8000        -158.0949    -159.0794       0.9845   476.0
6.8500        -158.1526    -159.0945       0.9418   455.4
6.9000        -158.1321    -159.0953       0.9632   465.7
6.9500        -158.1110    -159.0979       0.9869   477.2
7.0000        -157.9900    -159.1040       1.1139   538.6
7.0500        -158.0360    -159.1052       1.0692   517.0
7.1000        -158.0018    -159.0611       1.0593   512.2
7.1500        -158.0788    -159.0722       0.9933   480.3
7.2000        -158.1153    -159.0867       0.9714   469.7
7.2500        -158.1688    -159.0782       0.9093   439.7
7.3000        -158.1793    -159.1057       0.9263   447.9
7.3500        -158.1046    -159.1029       0.9983   482.7
7.4000        -157.9882    -159.0866       1.0984   531.1
7.4500        -157.9091    -159.0795       1.1704   565.9
7.5000        -158.2663    -159.0785       0.8122   392.7
7.5500        -158.0132    -159.0948       1.0816   523.0
7.6000        -158.2376    -159.0986       0.8610   416.3
7.6500        -158.3298    -159.0790       0.7492   362.2
7.7000        -158.3454    -159.1220       0.7766   375.5
7.7500        -158.2101    -159.0732       0.8631   417.3
7.8000        -158.1411    -159.0766       0.9355   452.3
7.8500        -158.2659    -159.0793       0.8134   393.3
7.9000        -158.1657    -159.0954       0.9296   449.5
7.9500        -158.0879    -159.1079       1.0200   493.2
8.0000        -157.9821    -159.0797       1.0976   530.7
8.0500        -158.0969    -159.0588       0.9619   465.1
8.1000        -158.2994    -159.0782       0.7788   376.6
8.1500        -158.0298    -159.0837       1.0539   509.6
8.2000        -158.0070    -159.0809       1.0740   519.3
8.2500        -158.2575    -159.1049       0.8474   409.7
8.3000        -158.0626    -159.0813       1.0187   492.6
8.3500        -157.9920    -159.0928       1.1008   532.3
8.4000        -158.4278    -159.0674       0.6397   309.3
8.4500        -158.2692    -159.0767       0.8075   390.4
8.5000        -158.0881    -159.1049       1.0168   491.7
8.5500        -158.4034    -159.0882       0.6848   331.1
8.6000        -158.2789    -159.0844       0.8056   389.5
8.6500        -158.0339    -159.1027       1.0688   516.8
8.7000        -158.2070    -159.0856       0.8786   424.8
8.7500        -158.2464    -159.0588       0.8124   392.8
8.8000        -158.2257    -159.0875       0.8618   416.7
8.8500        -158.2295    -159.0993       0.8697   420.5
8.9000        -158.0261    -159.0960       1.0699   517.3
8.9500        -158.1859    -159.0871       0.9013   435.8
9.0000        -158.1951    -159.0647       0.8697   420.5
9.0500        -158.0658    -159.0756       1.0098   488.3
9.1000        -158.1063    -159.0799       0.9736   470.8
9.1500        -158.2435    -159.0826       0.8391   405.7
9.2000        -158.2367    -159.1094       0.8727   421.9
9.2500        -158.0735    -159.0965       1.0230   494.6
9.3000        -158.3603    -159.0786       0.7184   347.3
9.3500        -158.1705    -159.0727       0.9022   436.3
9.4000        -158.2148    -159.0858       0.8710   421.2
9.4500        -158.2445    -159.0879       0.8434   407.8
9.5000        -158.2524    -159.0926       0.8402   406.3
9.5500        -158.2851    -159.0723       0.7873   380.7
9.6000        -158.1067    -159.1025       0.9958   481.5
9.6500        -158.1415    -159.0616       0.9201   444.9
9.7000        -158.2469    -159.0621       0.8152   394.1
9.7500        -158.2750    -159.0838       0.8087   391.0
9.8000        -158.1224    -159.1114       0.9890   478.2
9.8500        -158.2945    -159.1087       0.8142   393.7
9.9000        -158.2355    -159.0827       0.8472   409.6
9.9500        -158.1274    -159.0825       0.9551   461.8
10.0000       -158.1529    -159.0731       0.9201   444.9
10.0500       -158.2170    -159.0900       0.8730   422.1
10.1000       -158.2295    -159.0737       0.8442   408.2
10.1500       -158.3219    -159.0976       0.7757   375.1
10.2000       -158.2853    -159.0874       0.8021   387.8
10.2500       -158.0855    -159.0999       1.0144   490.5
10.3000       -158.3053    -159.0788       0.7735   374.0
10.3500       -158.4672    -159.0897       0.6225   301.0
10.4000       -158.0720    -159.1002       1.0282   497.1
10.4500       -158.3208    -159.0989       0.7781   376.2
10.5000       -158.2607    -159.0815       0.8208   396.9
10.5500       -158.2585    -159.0967       0.8381   405.3
10.6000       -158.2354    -159.0490       0.8136   393.4
10.6500       -158.2200    -159.0510       0.8311   401.8
10.7000       -158.1834    -159.0942       0.9108   440.4
10.7500       -158.0411    -159.1103       1.0692   517.0
10.8000       -158.1715    -159.0764       0.9050   437.6
10.8500       -158.0375    -159.1024       1.0649   514.9
10.9000       -158.1495    -159.0886       0.9391   454.1
10.9500       -158.3718    -159.0519       0.6801   328.9
11.0000       -158.1291    -159.0973       0.9682   468.1
11.0500       -158.1954    -159.0945       0.8991   434.7
11.1000       -158.3558    -159.1003       0.7445   360.0
11.1500       -158.2713    -159.0823       0.8109   392.1
11.2000       -158.2734    -159.0862       0.8129   393.0
11.2500       -158.3391    -159.0629       0.7238   350.0
11.3000       -158.2228    -159.0786       0.8558   413.8
11.3500       -158.2101    -159.1088       0.8987   434.6
11.4000       -158.2930    -159.1022       0.8092   391.3
11.4500       -158.2059    -159.0837       0.8778   424.4
11.5000       -158.3155    -159.0788       0.7633   369.0
11.5500       -158.4039    -159.0677       0.6638   321.0
11.6000       -158.1886    -159.0697       0.8811   426.0
11.6500       -158.0830    -159.0938       1.0107   488.7
11.7000       -158.2426    -159.0983       0.8557   413.8
11.7500       -158.2208    -159.0914       0.8706   421.0
11.8000       -158.2588    -159.0677       0.8090   391.2
11.8500       -158.2530    -159.0889       0.8359   404.2
11.9000       -158.3330    -159.0792       0.7462   360.8
11.9500       -158.2906    -159.1108       0.8202   396.6
12.0000       -158.3479    -159.0728       0.7249   350.5
12.0500       -158.2806    -159.0957       0.8151   394.1
12.1000       -158.1775    -159.0894       0.9119   440.9
12.1500       -158.3318    -159.0741       0.7423   358.9
12.2000       -158.2978    -159.0887       0.7908   382.4
12.2500       -158.1721    -159.1048       0.9327   451.0
12.3000       -158.4507    -159.1089       0.6582   318.2
12.3500       -158.2303    -159.0897       0.8594   415.6
12.4000       -158.1584    -159.0951       0.9367   452.9
12.4500       -158.3776    -159.0690       0.6913   334.3
12.5000       -158.2087    -159.0867       0.8780   424.5
12.5500       -158.0925    -159.0896       0.9971   482.1
12.6000       -158.1519    -159.0868       0.9349   452.1
12.6500       -158.1796    -159.0904       0.9108   440.4
12.7000       -158.2186    -159.0852       0.8667   419.1
12.7500       -158.1895    -159.0789       0.8895   430.1
12.8000       -158.2952    -159.0890       0.7938   383.8
12.8500       -158.2048    -159.0817       0.8769   424.0
12.9000       -158.4245    -159.1106       0.6861   331.8
12.9500       -158.2441    -159.0772       0.8331   402.8
13.0000       -158.0117    -159.0833       1.0716   518.1
13.0500       -158.2905    -159.0808       0.7904   382.2
13.1000       -158.1712    -159.0851       0.9139   441.9
13.1500       -158.1913    -159.1040       0.9127   441.3
13.2000       -158.3299    -159.1026       0.7727   373.6
13.2500       -158.1139    -159.0923       0.9784   473.1
13.3000       -158.1865    -159.0729       0.8864   428.6
13.3500       -158.2625    -159.0757       0.8131   393.2
13.4000       -158.2728    -159.0655       0.7928   383.3
13.4500       -158.1281    -159.0903       0.9622   465.2
13.5000       -158.2331    -159.0593       0.8262   399.5
13.5500       -158.0802    -159.0931       1.0130   489.8
13.6000       -158.1261    -159.0821       0.9560   462.2
13.6500       -158.3949    -159.0961       0.7012   339.1
13.7000       -158.0428    -159.0902       1.0473   506.4
13.7500       -158.0787    -159.0815       1.0028   484.9
13.8000       -158.2170    -159.0900       0.8730   422.1
13.8500       -158.0419    -159.1004       1.0585   511.8
13.9000       -157.9384    -159.0578       1.1194   541.2
13.9500       -158.0800    -159.0690       0.9890   478.2
14.0000       -157.8233    -159.1063       1.2830   620.3
14.0500       -158.0243    -159.1042       1.0798   522.1
14.1000       -158.1440    -159.0938       0.9498   459.2
14.1500       -157.8662    -159.0828       1.2166   588.3
14.2000       -158.0671    -159.0635       0.9964   481.8
14.2500       -158.0519    -159.0794       1.0275   496.8
14.3000       -158.1176    -159.0747       0.9570   462.7
14.3500       -158.1916    -159.0900       0.8984   434.4
14.4000       -158.1298    -159.0922       0.9624   465.4
14.4500       -158.0011    -159.0956       1.0945   529.2
14.5000       -158.1417    -159.0855       0.9438   456.3
14.5500       -158.2370    -159.0752       0.8383   405.3
14.6000       -158.0785    -159.0940       1.0155   491.0
14.6500       -158.0118    -159.0804       1.0686   516.7
14.7000       -158.1096    -159.0963       0.9867   477.1
14.7500       -157.9632    -159.0905       1.1273   545.1
14.8000       -157.9350    -159.0806       1.1455   553.9
14.8500       -158.1264    -159.0782       0.9518   460.2
14.9000       -157.9379    -159.0879       1.1500   556.1
14.9500       -157.8146    -159.0929       1.2782   618.0
15.0000       -158.0845    -159.0823       0.9978   482.5
15.0500       -157.8326    -159.1119       1.2793   618.6
15.1000       -157.8888    -159.0760       1.1872   574.0
15.1500       -158.0753    -159.0623       0.9870   477.2
15.2000       -157.7908    -159.0904       1.2996   628.4
15.2500       -157.9488    -159.0974       1.1487   555.4
15.3000       -158.1622    -159.0885       0.9262   447.9
15.3500       -157.7870    -159.0978       1.3108   633.8
15.4000       -158.0014    -159.0954       1.0940   529.0
15.4500       -158.1383    -159.0703       0.9321   450.7
15.5000       -157.7896    -159.0742       1.2846   621.1
15.5500       -157.7840    -159.0905       1.3065   631.7
15.6000       -158.1538    -159.0823       0.9285   448.9
15.6500       -157.8574    -159.1086       1.2512   605.0
15.7000       -157.8917    -159.0795       1.1878   574.3
15.7500       -158.0973    -159.0685       0.9711   469.6
15.8000       -157.8702    -159.0797       1.2095   584.8
15.8500       -157.7807    -159.1013       1.3207   638.6
15.9000       -157.9775    -159.0726       1.0951   529.5
15.9500       -157.9052    -159.1145       1.2093   584.7
16.0000       -157.8734    -159.0820       1.2085   584.4
16.0500       -157.9138    -159.0453       1.1315   547.1
16.1000       -157.6576    -159.0846       1.4270   690.0
16.1500       -157.7995    -159.0985       1.2990   628.1
16.2000       -157.9215    -159.0885       1.1671   564.3
16.2500       -157.8786    -159.0965       1.2179   588.9
16.3000       -157.9391    -159.0866       1.1475   554.8
16.3500       -158.0271    -159.0842       1.0571   511.1
16.4000       -157.6712    -159.0710       1.3998   676.8
16.4500       -157.7692    -159.0780       1.3088   632.8
16.5000       -157.9411    -159.1098       1.1686   565.0
16.5500       -157.8449    -159.0807       1.2359   597.6
16.6000       -157.8654    -159.0945       1.2292   594.3
16.6500       -157.8262    -159.0752       1.2489   603.9
16.7000       -157.9156    -159.0825       1.1669   564.2
16.7500       -157.8851    -159.0903       1.2052   582.7
16.8000       -157.9543    -159.0958       1.1415   552.0
16.8500       -157.8736    -159.0693       1.1957   578.1
16.9000       -157.8040    -159.1125       1.3085   632.7
16.9500       -157.8342    -159.0741       1.2399   599.5
17.0000       -157.8513    -159.0737       1.2224   591.1
17.0500       -157.7480    -159.0917       1.3437   649.7
17.1000       -157.7282    -159.1075       1.3793   666.9
17.1500       -157.7539    -159.0859       1.3320   644.0
17.2000       -157.9278    -159.1012       1.1734   567.4
17.2500       -157.9171    -159.0738       1.1567   559.3
17.3000       -157.7502    -159.0788       1.3286   642.4
17.3500       -157.6826    -159.1022       1.4196   686.4
17.4000       -157.7284    -159.0874       1.3590   657.1
17.4500       -157.6392    -159.0938       1.4546   703.3
17.5000       -157.7899    -159.0755       1.2856   621.6
17.5500       -157.9137    -159.0912       1.1776   569.4
17.6000       -157.7180    -159.0972       1.3792   666.9
17.6500       -157.8924    -159.1017       1.2093   584.7
17.7000       -157.9656    -159.0851       1.1196   541.3
17.7500       -157.7914    -159.0813       1.2899   623.7
17.8000       -157.6386    -159.0815       1.4429   697.7
17.8500       -157.8783    -159.0792       1.2008   580.6
17.9000       -157.8319    -159.0769       1.2449   602.0
17.9500       -157.8403    -159.0966       1.2563   607.4
18.0000       -157.8814    -159.0818       1.2005   580.5
18.0500       -157.7751    -159.0795       1.3043   630.7
18.1000       -157.8856    -159.0725       1.1869   573.9
18.1500       -157.8000    -159.0796       1.2797   618.7
18.2000       -157.7442    -159.0934       1.3492   652.4
18.2500       -157.8871    -159.0928       1.2056   583.0
18.3000       -157.7625    -159.0755       1.3130   634.8
18.3500       -157.6848    -159.0857       1.4008   677.3
18.4000       -157.8678    -159.0970       1.2292   594.3
18.4500       -157.7822    -159.0873       1.3052   631.1
18.5000       -157.8802    -159.0921       1.2119   586.0
18.5500       -158.0093    -159.1064       1.0970   530.4
18.6000       -157.9849    -159.1080       1.1231   543.0
18.6500       -157.9103    -159.0859       1.1756   568.4
18.7000       -157.8666    -159.0850       1.2184   589.1
18.7500       -157.6403    -159.0912       1.4509   701.5
18.8000       -157.8251    -159.1037       1.2786   618.2
18.8500       -157.9637    -159.0833       1.1195   541.3
18.9000       -157.8895    -159.0673       1.1777   569.5
18.9500       -158.0264    -159.0973       1.0710   517.8
19.0000       -158.0090    -159.0674       1.0584   511.8
19.0500       -157.9902    -159.0837       1.0934   528.7
19.1000       -158.1184    -159.0929       0.9745   471.2
19.1500       -157.8672    -159.0864       1.2192   589.5
19.2000       -157.8685    -159.0665       1.1980   579.3
19.2500       -157.9981    -159.0690       1.0709   517.8
19.3000       -157.9964    -159.0873       1.0909   527.5
19.3500       -157.8589    -159.0968       1.2379   598.5
19.4000       -158.1067    -159.1011       0.9944   480.8
19.4500       -158.0355    -159.0854       1.0499   507.7
19.5000       -158.0747    -159.0929       1.0182   492.3
19.5500       -157.9806    -159.0905       1.1099   536.7
19.6000       -158.0078    -159.0866       1.0788   521.6
19.6500       -157.9819    -159.0761       1.0942   529.1
19.7000       -157.9491    -159.0964       1.1473   554.7
19.7500       -158.0235    -159.0757       1.0522   508.7
19.8000       -158.0070    -159.0737       1.0667   515.8
19.8500       -158.2007    -159.1009       0.9002   435.3
19.9000       -157.9785    -159.0731       1.0946   529.3
19.9500       -158.0542    -159.0706       1.0165   491.5
20.0000       -158.0568    -159.1069       1.0501   507.8
20.0500       -158.0239    -159.0892       1.0652   515.1
20.1000       -158.1757    -159.0592       0.8835   427.2
20.1500       -158.0705    -159.0926       1.0221   494.2
20.2000       -157.9137    -159.0933       1.1796   570.4
20.2500       -158.1899    -159.0685       0.8786   424.8
20.3000       -158.1540    -159.0875       0.9335   451.3
20.3500       -158.1115    -159.1005       0.9890   478.2
20.4000       -158.0829    -159.0753       0.9924   479.9
20.4500       -157.9452    -159.0954       1.1502   556.1
20.5000       -157.9803    -159.0721       1.0917   527.9
20.5500       -158.1209    -159.0872       0.9663   467.2
20.6000       -157.9462    -159.0855       1.1393   550.9
20.6500       -158.1332    -159.0520       0.9188   444.3
20.7000       -158.3192    -159.0923       0.7732   373.9
20.7500       -158.0936    -159.0763       0.9827   475.2
20.8000       -158.0291    -159.0775       1.0484   506.9
20.8500       -158.2134    -159.0920       0.8786   424.8
20.9000       -158.0739    -159.0877       1.0137   490.2
20.9500       -158.0163    -159.0941       1.0778   521.2
21.0000       -158.1178    -159.0800       0.9622   465.2
21.0500       -158.2287    -159.0876       0.8589   415.3
21.1000       -158.1994    -159.0854       0.8860   428.4
21.1500       -158.0259    -159.0842       1.0583   511.7
21.2000       -157.8605    -159.1012       1.2408   599.9
21.2500       -158.1200    -159.0927       0.9726   470.3
21.3000       -158.1271    -159.0850       0.9579   463.2
21.3500       -157.8732    -159.0989       1.2256   592.6
21.4000       -158.0157    -159.0786       1.0629   513.9
21.4500       -158.3121    -159.0633       0.7512   363.2
21.5000       -158.1602    -159.0759       0.9156   442.7
21.5500       -158.0386    -159.1081       1.0695   517.1
21.6000       -158.0971    -159.0688       0.9717   469.8
21.6500       -158.1385    -159.1007       0.9622   465.2
21.7000       -158.2080    -159.0947       0.8867   428.7
21.7500       -158.1943    -159.0769       0.8826   426.7
21.8000       -158.0672    -159.1073       1.0401   502.9
21.8500       -158.0698    -159.0815       1.0117   489.2
21.9000       -158.0990    -159.1002       1.0012   484.1
21.9500       -158.1714    -159.0950       0.9237   446.6
22.0000       -158.2058    -159.0864       0.8806   425.8
22.0500       -158.1675    -159.0996       0.9321   450.7
22.1000       -157.8898    -159.0920       1.2023   581.3
22.1500       -157.9287    -159.0905       1.1618   561.7
22.2000       -158.2226    -159.0946       0.8720   421.6
22.2500       -157.9862    -159.0669       1.0806   522.5
22.3000       -158.0672    -159.0726       1.0055   486.2
22.3500       -158.3063    -159.0970       0.7906   382.3
22.4000       -157.9554    -159.0637       1.1084   535.9
22.4500       -158.1706    -159.0956       0.9250   447.2
22.5000       -158.3704    -159.0939       0.7236   349.9
22.5500       -157.9440    -159.0697       1.1257   544.3
22.6000       -158.0257    -159.0929       1.0672   516.0
22.6500       -158.3238    -159.0832       0.7594   367.2
22.7000       -158.0692    -159.0880       1.0188   492.6
22.7500       -158.0074    -159.0940       1.0867   525.4
22.8000       -158.1778    -159.0830       0.9052   437.7
22.8500       -157.9767    -159.0925       1.1158   539.5
22.9000       -158.1156    -159.0762       0.9605   464.4
22.9500       -158.3758    -159.0816       0.7058   341.3
23.0000       -158.1393    -159.0932       0.9539   461.2
23.0500       -158.2354    -159.0839       0.8485   410.3
23.1000       -158.3387    -159.0836       0.7449   360.2
23.1500       -157.9123    -159.0837       1.1714   566.4
23.2000       -158.1919    -159.0828       0.8909   430.8
23.2500       -158.2905    -159.0803       0.7898   381.9
23.3000       -158.0459    -159.0814       1.0356   500.7
23.3500       -158.2216    -159.0798       0.8582   415.0
23.4000       -158.2627    -159.0794       0.8167   394.9
23.4500       -157.9100    -159.0722       1.1621   561.9
23.5000       -158.2557    -159.0943       0.8386   405.5
23.5500       -158.2734    -159.0872       0.8137   393.4
23.6000       -157.9786    -159.0809       1.1023   533.0
23.6500       -158.2997    -159.0854       0.7857   379.9
23.7000       -158.1660    -159.0971       0.9311   450.2
23.7500       -158.0049    -159.1042       1.0993   531.5
23.8000       -158.2663    -159.0830       0.8167   394.9
23.8500       -158.2023    -159.0906       0.8883   429.5
23.9000       -158.1717    -159.0922       0.9205   445.1
23.9500       -158.3188    -159.0622       0.7434   359.4
24.0000       -158.1320    -159.0778       0.9459   457.3
24.0500       -158.0770    -159.0757       0.9987   482.9
24.1000       -158.2721    -159.0909       0.8188   395.9
24.1500       -158.2081    -159.0921       0.8840   427.4
24.2000       -158.1216    -159.1077       0.9861   476.8
24.2500       -158.3397    -159.0699       0.7303   353.1
24.3000       -158.2260    -159.0828       0.8568   414.3
24.3500       -158.1729    -159.0934       0.9205   445.1
24.4000       -158.3035    -159.0799       0.7763   375.4
24.4500       -158.1618    -159.0689       0.9071   438.6
24.5000       -158.0743    -159.0747       1.0004   483.7
24.5500       -158.2765    -159.0778       0.8013   387.5
24.6000       -158.2861    -159.0831       0.7969   385.3
24.6500       -158.1916    -159.0979       0.9062   438.2
24.7000       -158.0972    -159.0926       0.9955   481.3
24.7500       -158.1186    -159.1003       0.9817   474.7
24.8000       -158.1870    -159.0794       0.8923   431.5
24.8500       -158.1867    -159.0786       0.8919   431.3
24.9000       -158.2312    -159.0524       0.8213   397.1
24.9500       -158.1500    -159.0770       0.9270   448.2
25.0000       -158.1578    -159.0658       0.9080   439.0
