Time[ps]      Etot[eV]     Epot[eV]     Ekin[eV]    T[K]
0.0000     -110567.7433 -110568.7412       0.9979   428.9
0.0500     -110567.7432 -110568.6987       0.9555   410.7
0.1000     -110567.7429 -110568.6815       0.9387   403.4
0.1500     -110567.7436 -110568.6660       0.9225   396.5
0.2000     -110567.7430 -110568.7559       1.0129   435.3
0.2500     -110567.7427 -110568.5260       0.7833   336.7
0.3000     -110567.7432 -110568.7588       1.0156   436.5
0.3500     -110567.7433 -110568.6638       0.9206   395.7
0.4000     -110567.7430 -110568.8683       1.1253   483.6
0.4500     -110567.7427 -110568.6842       0.9415   404.7
0.5000     -110567.7431 -110568.8268       1.0837   465.8
0.5500     -110567.7435 -110568.6958       0.9523   409.3
0.6000     -110567.7432 -110568.7084       0.9652   414.8
0.6500     -110567.7429 -110568.5337       0.7908   339.9
0.7000     -110567.7432 -110568.7099       0.9668   415.5
0.7500     -110567.7432 -110568.8367       1.0935   470.0
0.8000     -110567.7431 -110568.7174       0.9743   418.7
0.8500     -110567.7432 -110568.7831       1.0399   447.0
0.9000     -110567.7427 -110568.6248       0.8821   379.1
0.9500     -110567.7431 -110568.7153       0.9722   417.8
1.0000     -110567.7434 -110568.6721       0.9287   399.2
1.0500     -110567.7431 -110568.7331       0.9900   425.5
1.1000     -110567.7429 -110568.4974       0.7545   324.3
1.1500     -110567.7430 -110568.6848       0.9418   404.8
1.2000     -110567.7435 -110568.8092       1.0657   458.0
1.2500     -110567.7433 -110568.6828       0.9394   403.8
1.3000     -110567.7432 -110568.5162       0.7731   332.3
1.3500     -110567.7431 -110568.7093       0.9662   415.3
1.4000     -110567.7431 -110568.8404       1.0973   471.6
1.4500     -110567.7432 -110568.8368       1.0936   470.0
1.5000     -110567.7428 -110568.7881       1.0453   449.2
1.5500     -110567.7429 -110568.6801       0.9373   402.8
1.6000     -110567.7432 -110568.6229       0.8798   378.1
1.6500     -110567.7431 -110568.5769       0.8338   358.3
1.7000     -110567.7431 -110568.5233       0.7802   335.3
1.7500     -110567.7429 -110568.5213       0.7785   334.6
1.8000     -110567.7433 -110568.9368       1.1935   513.0
1.8500     -110567.7430 -110568.7110       0.9680   416.0
1.9000     -110567.7431 -110568.5117       0.7686   330.3
1.9500     -110567.7433 -110568.6860       0.9426   405.1
2.0000     -110567.7431 -110568.6929       0.9498   408.2
2.0500     -110567.7431 -110568.6639       0.9208   395.8
2.1000     -110567.7429 -110568.8286       1.0857   466.6
2.1500     -110567.7432 -110568.6995       0.9562   411.0
2.2000     -110567.7437 -110568.9904       1.2467   535.8
2.2500     -110567.7435 -110568.6392       0.8957   385.0
2.3000     -110567.7437 -110568.9367       1.1930   512.8
2.3500     -110567.7437 -110568.7650       1.0213   439.0
2.4000     -110567.7438 -110568.9144       1.1706   503.1
2.4500     -110567.7434 -110568.8927       1.1493   494.0
2.5000     -110567.7438 -110568.7388       0.9949   427.6
2.5500     -110567.7433 -110568.7379       0.9946   427.5
2.6000     -110567.7428 -110568.3817       0.6389   274.6
2.6500     -110567.7429 -110568.6260       0.8831   379.6
2.7000     -110567.7427 -110568.5860       0.8433   362.4
2.7500     -110567.7429 -110568.7109       0.9680   416.1
2.8000     -110567.7436 -110568.8079       1.0644   457.5
2.8500     -110567.7430 -110568.5830       0.8400   361.0
2.9000     -110567.7429 -110568.3818       0.6389   274.6
2.9500     -110567.7432 -110568.7108       0.9675   415.8
3.0000     -110567.7433 -110568.6441       0.9008   387.2
3.0500     -110567.7432 -110568.8550       1.1118   477.8
3.1000     -110567.7432 -110568.8746       1.1314   486.3
3.1500     -110567.7432 -110568.8197       1.0766   462.7
3.2000     -110567.7430 -110568.7032       0.9601   412.7
3.2500     -110567.7427 -110568.5391       0.7964   342.3
3.3000     -110567.7429 -110568.7454       1.0024   430.8
3.3500     -110567.7434 -110568.8569       1.1135   478.6
3.4000     -110567.7434 -110568.8792       1.1357   488.1
3.4500     -110567.7434 -110568.7234       0.9800   421.2
3.5000     -110567.7436 -110568.7400       0.9964   428.3
3.5500     -110567.7430 -110568.5135       0.7705   331.2
3.6000     -110567.7430 -110568.5528       0.8099   348.1
3.6500     -110567.7433 -110568.7693       1.0260   441.0
3.7000     -110567.7429 -110568.7777       1.0348   444.7
3.7500     -110567.7429 -110568.5533       0.8104   348.3
3.8000     -110567.7431 -110568.7061       0.9630   413.9
3.8500     -110567.7434 -110568.7729       1.0295   442.5
3.9000     -110567.7430 -110568.6689       0.9259   397.9
3.9500     -110567.7429 -110568.7464       1.0035   431.3
4.0000     -110567.7430 -110568.7887       1.0457   449.4
4.0500     -110567.7427 -110568.7788       1.0361   445.3
4.1000     -110567.7432 -110568.5867       0.8435   362.5
4.1500     -110567.7433 -110568.7629       1.0196   438.2
4.2000     -110567.7427 -110568.5594       0.8168   351.0
4.2500     -110567.7430 -110568.7807       1.0377   446.0
4.3000     -110567.7431 -110568.5726       0.8295   356.5
4.3500     -110567.7430 -110568.8391       1.0960   471.1
4.4000     -110567.7429 -110568.4922       0.7493   322.0
4.4500     -110567.7429 -110568.5675       0.8246   354.4
4.5000     -110567.7434 -110568.7147       0.9713   417.4
4.5500     -110567.7434 -110568.8582       1.1148   479.1
4.6000     -110567.7430 -110568.5684       0.8255   354.8
4.6500     -110567.7430 -110568.8832       1.1402   490.1
4.7000     -110567.7431 -110568.7901       1.0470   450.0
4.7500     -110567.7431 -110568.7078       0.9648   414.7
4.8000     -110567.7429 -110568.5748       0.8320   357.6
4.8500     -110567.7429 -110568.5671       0.8242   354.2
4.9000     -110567.7429 -110568.7605       1.0175   437.3
4.9500     -110567.7429 -110568.5619       0.8190   352.0
5.0000     -110567.7431 -110568.8238       1.0807   464.5
5.0500     -110567.7433 -110568.7705       1.0271   441.5
5.1000     -110567.7433 -110568.8155       1.0722   460.8
5.1500     -110567.7433 -110568.6521       0.9088   390.6
5.2000     -110567.7433 -110568.9124       1.1691   502.5
5.2500     -110567.7431 -110568.5770       0.8339   358.4
5.3000     -110567.7430 -110568.7715       1.0285   442.0
5.3500     -110567.7431 -110568.4891       0.7460   320.6
5.4000     -110567.7431 -110568.5949       0.8518   366.1
5.4500     -110567.7431 -110568.8206       1.0775   463.1
5.5000     -110567.7433 -110568.7030       0.9597   412.5
5.5500     -110567.7433 -110568.9024       1.1591   498.2
5.6000     -110567.7434 -110568.8176       1.0741   461.7
5.6500     -110567.7431 -110568.8619       1.1188   480.9
5.7000     -110567.7429 -110568.4749       0.7321   314.6
5.7500     -110567.7431 -110568.8334       1.0903   468.6
5.8000     -110567.7431 -110568.6167       0.8735   375.4
5.8500     -110567.7431 -110568.7780       1.0348   444.8
5.9000     -110567.7432 -110568.7483       1.0051   432.0
5.9500     -110567.7435 -110568.9205       1.1770   505.9
6.0000     -110567.7429 -110568.4559       0.7130   306.4
6.0500     -110567.7430 -110568.6925       0.9494   408.1
6.1000     -110567.7434 -110568.7101       0.9667   415.5
6.1500     -110567.7429 -110568.7394       0.9964   428.3
6.2000     -110567.7433 -110568.7091       0.9658   415.1
6.2500     -110567.7435 -110568.8979       1.1544   496.2
6.3000     -110567.7430 -110568.6021       0.8590   369.2
6.3500     -110567.7433 -110568.5985       0.8552   367.6
6.4000     -110567.7429 -110568.8239       1.0810   464.6
6.4500     -110567.7432 -110568.5787       0.8355   359.1
6.5000     -110567.7436 -110569.0379       1.2944   556.3
6.5500     -110567.7428 -110568.4582       0.7155   307.5
6.6000     -110567.7425 -110568.5577       0.8152   350.4
6.6500     -110567.7426 -110568.3882       0.6456   277.5
6.7000     -110567.7427 -110568.6733       0.9305   399.9
6.7500     -110567.7427 -110568.4844       0.7416   318.8
6.8000     -110567.7427 -110568.7035       0.9608   413.0
6.8500     -110567.7429 -110568.8542       1.1114   477.7
6.9000     -110567.7429 -110568.7865       1.0436   448.5
6.9500     -110567.7429 -110568.5290       0.7861   337.9
7.0000     -110567.7429 -110568.6093       0.8665   372.4
7.0500     -110567.7424 -110568.6483       0.9060   389.4
7.1000     -110567.7428 -110568.3610       0.6182   265.7
7.1500     -110567.7430 -110568.7392       0.9962   428.2
7.2000     -110567.7434 -110568.7019       0.9586   412.0
7.2500     -110567.7427 -110568.7901       1.0474   450.2
7.3000     -110567.7429 -110568.5009       0.7580   325.8
7.3500     -110567.7429 -110568.9154       1.1724   503.9
7.4000     -110567.7432 -110568.7361       0.9929   426.7
7.4500     -110567.7431 -110568.8779       1.1348   487.7
7.5000     -110567.7427 -110568.5414       0.7988   343.3
7.5500     -110567.7427 -110568.6418       0.8990   386.4
7.6000     -110567.7430 -110568.4929       0.7499   322.3
7.6500     -110567.7434 -110568.7339       0.9905   425.7
7.7000     -110567.7433 -110568.8642       1.1210   481.8
7.7500     -110567.7430 -110568.7482       1.0053   432.1
7.8000     -110567.7433 -110568.8642       1.1209   481.8
7.8500     -110567.7433 -110568.5833       0.8399   361.0
7.9000     -110567.7435 -110568.9203       1.1768   505.8
7.9500     -110567.7432 -110568.5168       0.7736   332.5
8.0000     -110567.7431 -110568.7319       0.9888   425.0
8.0500     -110567.7434 -110568.7344       0.9910   425.9
8.1000     -110567.7436 -110568.9665       1.2229   525.6
8.1500     -110567.7431 -110568.8535       1.1104   477.3
8.2000     -110567.7429 -110568.7718       1.0289   442.2
8.2500     -110567.7432 -110568.7023       0.9591   412.2
8.3000     -110567.7432 -110568.8234       1.0802   464.3
8.3500     -110567.7430 -110568.4409       0.6979   300.0
8.4000     -110567.7430 -110568.7617       1.0186   437.8
8.4500     -110567.7429 -110568.5354       0.7925   340.6
8.5000     -110567.7431 -110568.7239       0.9808   421.6
8.5500     -110567.7434 -110568.6676       0.9242   397.2
8.6000     -110567.7427 -110568.5728       0.8300   356.7
8.6500     -110567.7429 -110568.8387       1.0958   471.0
8.7000     -110567.7434 -110568.6332       0.8898   382.4
8.7500     -110567.7434 -110568.8222       1.0789   463.7
8.8000     -110567.7428 -110568.6154       0.8726   375.0
8.8500     -110567.7431 -110568.7880       1.0449   449.1
8.9000     -110567.7437 -110568.7603       1.0166   436.9
8.9500     -110567.7431 -110568.7711       1.0280   441.8
9.0000     -110567.7428 -110568.8356       1.0929   469.7
9.0500     -110567.7431 -110568.7120       0.9689   416.4
9.1000     -110567.7435 -110568.9102       1.1667   501.5
9.1500     -110567.7433 -110568.6585       0.9151   393.3
9.2000     -110567.7433 -110568.8646       1.1213   481.9
9.2500     -110567.7430 -110568.5034       0.7604   326.8
9.3000     -110567.7429 -110568.6833       0.9404   404.2
9.3500     -110567.7430 -110568.5843       0.8413   361.6
9.4000     -110567.7431 -110568.9537       1.2106   520.3
9.4500     -110567.7432 -110568.5765       0.8334   358.2
9.5000     -110567.7431 -110568.8455       1.1024   473.8
9.5500     -110567.7428 -110568.6334       0.8906   382.8
9.6000     -110567.7432 -110568.6580       0.9148   393.2
9.6500     -110567.7433 -110568.8686       1.1253   483.7
9.7000     -110567.7428 -110568.6091       0.8663   372.3
9.7500     -110567.7430 -110568.6484       0.9053   389.1
9.8000     -110567.7433 -110568.6664       0.9232   396.8
9.8500     -110567.7433 -110568.9089       1.1656   501.0
9.9000     -110567.7432 -110568.6672       0.9240   397.1
9.9500     -110567.7431 -110568.6564       0.9133   392.5
10.0000    -110567.7432 -110568.8654       1.1223   482.3
10.0500    -110567.7431 -110568.6448       0.9017   387.5
10.1000    -110567.7427 -110568.5560       0.8133   349.6
10.1500    -110567.7429 -110568.5686       0.8257   354.9
10.2000    -110567.7431 -110568.6416       0.8986   386.2
10.2500    -110567.7428 -110568.7920       1.0492   450.9
10.3000    -110567.7424 -110568.4522       0.7098   305.1
10.3500    -110567.7431 -110569.0054       1.2623   542.5
10.4000    -110567.7430 -110568.7141       0.9710   417.3
10.4500    -110567.7429 -110568.6103       0.8674   372.8
10.5000    -110567.7430 -110568.5882       0.8452   363.3
10.5500    -110567.7435 -110568.7709       1.0275   441.6
10.6000    -110567.7427 -110568.4852       0.7425   319.1
10.6500    -110567.7431 -110568.6531       0.9099   391.1
10.7000    -110567.7430 -110568.8565       1.1135   478.6
10.7500    -110567.7435 -110568.8960       1.1525   495.4
10.8000    -110567.7428 -110568.7224       0.9797   421.1
10.8500    -110567.7432 -110568.6157       0.8724   375.0
10.9000    -110567.7432 -110568.8540       1.1107   477.4
10.9500    -110567.7429 -110568.6431       0.9002   386.9
11.0000    -110567.7426 -110568.5864       0.8438   362.7
11.0500    -110567.7437 -110568.9585       1.2148   522.1
11.1000    -110567.7431 -110568.8620       1.1189   480.9
11.1500    -110567.7428 -110568.5826       0.8398   360.9
11.2000    -110567.7429 -110568.5589       0.8160   350.7
11.2500    -110567.7434 -110568.7258       0.9824   422.2
11.3000    -110567.7431 -110568.6465       0.9034   388.3
11.3500    -110567.7427 -110568.5454       0.8027   345.0
11.4000    -110567.7431 -110568.7608       1.0178   437.4
11.4500    -110567.7430 -110568.7455       1.0025   430.9
11.5000    -110567.7430 -110568.6133       0.8703   374.1
11.5500    -110567.7428 -110568.4395       0.6967   299.4
11.6000    -110567.7434 -110568.8496       1.1062   475.4
11.6500    -110567.7430 -110568.7787       1.0357   445.1
11.7000    -110567.7430 -110568.7676       1.0247   440.4
11.7500    -110567.7429 -110568.7538       1.0109   434.5
11.8000    -110567.7430 -110568.5603       0.8173   351.3
11.8500    -110567.7428 -110568.6516       0.9087   390.6
11.9000    -110567.7429 -110568.5592       0.8162   350.8
11.9500    -110567.7433 -110568.8621       1.1188   480.8
12.0000    -110567.7434 -110568.8861       1.1427   491.1
12.0500    -110567.7429 -110568.8097       1.0667   458.5
12.1000    -110567.7435 -110568.8524       1.1089   476.6
12.1500    -110567.7432 -110568.7313       0.9880   424.6
12.2000    -110567.7433 -110568.7814       1.0382   446.2
12.2500    -110567.7432 -110568.5387       0.7955   341.9
12.3000    -110567.7434 -110568.7108       0.9674   415.8
12.3500    -110567.7433 -110568.8744       1.1311   486.2
12.4000    -110567.7433 -110568.7265       0.9832   422.6
12.4500    -110567.7432 -110568.5859       0.8427   362.2
12.5000    -110567.7433 -110569.0263       1.2829   551.4
12.5500    -110567.7429 -110568.7359       0.9930   426.8
12.6000    -110567.7427 -110568.6201       0.8773   377.1
12.6500    -110567.7432 -110568.8899       1.1466   492.8
12.7000    -110567.7432 -110568.8108       1.0676   458.8
12.7500    -110567.7431 -110568.5789       0.8358   359.2
12.8000    -110567.7430 -110568.5503       0.8074   347.0
12.8500    -110567.7430 -110568.7062       0.9632   414.0
12.9000    -110567.7426 -110568.3788       0.6361   273.4
12.9500    -110567.7428 -110568.6316       0.8887   382.0
13.0000    -110567.7433 -110568.8562       1.1130   478.3
13.0500    -110567.7436 -110569.0104       1.2667   544.4
13.1000    -110567.7434 -110568.7830       1.0396   446.8
13.1500    -110567.7432 -110568.6571       0.9139   392.8
13.2000    -110567.7434 -110568.7466       1.0032   431.2
13.2500    -110567.7436 -110569.0002       1.2566   540.1
13.3000    -110567.7433 -110568.7721       1.0288   442.2
13.3500    -110567.7431 -110568.6710       0.9278   398.8
13.4000    -110567.7430 -110568.5489       0.8059   346.4
13.4500    -110567.7430 -110568.6695       0.9264   398.2
13.5000    -110567.7431 -110568.7318       0.9887   424.9
13.5500    -110567.7429 -110568.6754       0.9325   400.8
13.6000    -110567.7428 -110568.7403       0.9975   428.7
13.6500    -110567.7427 -110568.7396       0.9970   428.5
13.7000    -110567.7430 -110568.6471       0.9041   388.6
13.7500    -110567.7434 -110568.6838       0.9403   404.1
13.8000    -110567.7434 -110568.7844       1.0410   447.4
13.8500    -110567.7433 -110568.8052       1.0619   456.4
13.9000    -110567.7432 -110568.9143       1.1711   503.3
13.9500    -110567.7435 -110568.9640       1.2205   524.6
14.0000    -110567.7433 -110568.8032       1.0599   455.6
14.0500    -110567.7432 -110568.6601       0.9168   394.1
14.1000    -110567.7429 -110568.7122       0.9693   416.6
14.1500    -110567.7432 -110568.6033       0.8601   369.7
14.2000    -110567.7429 -110568.7442       1.0012   430.3
14.2500    -110567.7430 -110568.5906       0.8476   364.3
14.3000    -110567.7431 -110568.7342       0.9911   426.0
14.3500    -110567.7429 -110568.5244       0.7816   335.9
14.4000    -110567.7430 -110568.6097       0.8667   372.5
14.4500    -110567.7431 -110568.5812       0.8380   360.2
14.5000    -110567.7430 -110568.6056       0.8626   370.8
14.5500    -110567.7431 -110568.6658       0.9227   396.6
14.6000    -110567.7431 -110568.7158       0.9727   418.0
14.6500    -110567.7431 -110568.8277       1.0846   466.2
14.7000    -110567.7430 -110568.6400       0.8971   385.6
14.7500    -110567.7432 -110568.7847       1.0415   447.6
14.8000    -110567.7434 -110568.6998       0.9564   411.0
14.8500    -110567.7433 -110568.7806       1.0373   445.8
14.9000    -110567.7430 -110568.7369       0.9938   427.2
14.9500    -110567.7428 -110568.4744       0.7316   314.4
15.0000    -110567.7431 -110568.6193       0.8762   376.6
15.0500    -110567.7431 -110568.6819       0.9388   403.5
15.1000    -110567.7428 -110568.5542       0.8114   348.7
15.1500    -110567.7428 -110568.6937       0.9509   408.7
15.2000    -110567.7431 -110568.7706       1.0274   441.6
15.2500    -110567.7434 -110568.7679       1.0246   440.4
15.3000    -110567.7434 -110569.0065       1.2631   542.9
15.3500    -110567.7429 -110568.7515       1.0086   433.5
15.4000    -110567.7428 -110568.6803       0.9374   402.9
15.4500    -110567.7433 -110568.6608       0.9175   394.3
15.5000    -110567.7434 -110568.7513       1.0079   433.2
15.5500    -110567.7431 -110568.8180       1.0749   462.0
15.6000    -110567.7430 -110568.6073       0.8643   371.5
15.6500    -110567.7429 -110568.6786       0.9357   402.2
15.7000    -110567.7431 -110568.6607       0.9176   394.4
15.7500    -110567.7429 -110568.6845       0.9416   404.7
15.8000    -110567.7427 -110568.5858       0.8432   362.4
15.8500    -110567.7431 -110568.6825       0.9394   403.7
15.9000    -110567.7432 -110568.7099       0.9667   415.5
15.9500    -110567.7431 -110568.6027       0.8595   369.4
16.0000    -110567.7430 -110568.5515       0.8085   347.5
16.0500    -110567.7429 -110568.8328       1.0899   468.4
16.1000    -110567.7430 -110568.6058       0.8628   370.8
16.1500    -110567.7430 -110568.8142       1.0712   460.4
16.2000    -110567.7429 -110568.5151       0.7722   331.9
16.2500    -110567.7429 -110568.6978       0.9549   410.4
16.3000    -110567.7430 -110568.7206       0.9776   420.2
16.3500    -110567.7432 -110568.7344       0.9911   426.0
16.4000    -110567.7433 -110568.9066       1.1633   500.0
16.4500    -110567.7435 -110568.7829       1.0394   446.7
16.5000    -110567.7436 -110568.9495       1.2059   518.3
16.5500    -110567.7435 -110568.6924       0.9489   407.8
16.6000    -110567.7435 -110568.9306       1.1871   510.2
16.6500    -110567.7430 -110568.4725       0.7296   313.6
16.7000    -110567.7430 -110568.8254       1.0824   465.2
16.7500    -110567.7426 -110568.5403       0.7977   342.8
16.8000    -110567.7427 -110568.6725       0.9298   399.6
16.8500    -110567.7428 -110568.6250       0.8822   379.2
16.9000    -110567.7433 -110568.7967       1.0534   452.8
16.9500    -110567.7435 -110568.6518       0.9082   390.4
17.0000    -110567.7435 -110568.6911       0.9476   407.3
17.0500    -110567.7431 -110568.7117       0.9685   416.3
17.1000    -110567.7434 -110568.5601       0.8167   351.0
17.1500    -110567.7432 -110568.7599       1.0167   437.0
17.2000    -110567.7431 -110568.6608       0.9177   394.4
17.2500    -110567.7424 -110568.6258       0.8835   379.7
17.3000    -110567.7426 -110568.4110       0.6684   287.3
17.3500    -110567.7432 -110568.8013       1.0581   454.8
17.4000    -110567.7433 -110568.7698       1.0265   441.2
17.4500    -110567.7432 -110568.6245       0.8813   378.8
17.5000    -110567.7429 -110568.4928       0.7499   322.3
17.5500    -110567.7430 -110568.6421       0.8991   386.4
17.6000    -110567.7434 -110568.6753       0.9318   400.5
17.6500    -110567.7430 -110568.6661       0.9232   396.8
17.7000    -110567.7428 -110568.7134       0.9706   417.2
17.7500    -110567.7433 -110568.8307       1.0874   467.4
17.8000    -110567.7435 -110568.7782       1.0348   444.7
17.8500    -110567.7434 -110568.8259       1.0826   465.3
17.9000    -110567.7431 -110568.8614       1.1183   480.6
17.9500    -110567.7435 -110568.8073       1.0638   457.2
18.0000    -110567.7432 -110568.9686       1.2253   526.6
18.0500    -110567.7431 -110568.6836       0.9405   404.2
18.1000    -110567.7432 -110568.8378       1.0946   470.5
18.1500    -110567.7430 -110568.6033       0.8604   369.8
18.2000    -110567.7430 -110568.6604       0.9173   394.3
18.2500    -110567.7429 -110568.6529       0.9100   391.1
18.3000    -110567.7429 -110568.7151       0.9722   417.8
18.3500    -110567.7435 -110568.8072       1.0637   457.2
18.4000    -110567.7436 -110568.8513       1.1077   476.1
18.4500    -110567.7430 -110568.7722       1.0292   442.4
18.5000    -110567.7433 -110568.7319       0.9886   424.9
18.5500    -110567.7432 -110568.7083       0.9651   414.8
18.6000    -110567.7427 -110568.4963       0.7536   323.9
18.6500    -110567.7425 -110568.5305       0.7881   338.7
18.7000    -110567.7424 -110568.3374       0.5950   255.7
18.7500    -110567.7427 -110568.5861       0.8434   362.5
18.8000    -110567.7437 -110568.7690       1.0253   440.7
18.8500    -110567.7436 -110568.7986       1.0550   453.4
18.9000    -110567.7432 -110568.5428       0.7995   343.6
18.9500    -110567.7432 -110568.8939       1.1507   494.6
19.0000    -110567.7437 -110568.6773       0.9337   401.3
19.0500    -110567.7433 -110568.6663       0.9229   396.7
19.1000    -110567.7431 -110568.6314       0.8883   381.8
19.1500    -110567.7431 -110568.7847       1.0417   447.7
19.2000    -110567.7434 -110568.8259       1.0825   465.3
19.2500    -110567.7431 -110568.8298       1.0867   467.1
19.3000    -110567.7431 -110568.7539       1.0108   434.4
19.3500    -110567.7431 -110568.4817       0.7386   317.4
19.4000    -110567.7435 -110568.8340       1.0905   468.7
19.4500    -110567.7433 -110568.6808       0.9375   402.9
19.5000    -110567.7427 -110568.7423       0.9996   429.6
19.5500    -110567.7430 -110568.8972       1.1542   496.1
19.6000    -110567.7435 -110568.9454       1.2019   516.6
19.6500    -110567.7434 -110568.7657       1.0223   439.4
19.7000    -110567.7439 -110568.8582       1.1143   478.9
19.7500    -110567.7435 -110568.6041       0.8606   369.9
19.8000    -110567.7429 -110568.5611       0.8182   351.7
19.8500    -110567.7436 -110568.7025       0.9589   412.1
19.9000    -110567.7437 -110568.8833       1.1396   489.8
19.9500    -110567.7431 -110568.7469       1.0037   431.4
20.0000    -110567.7427 -110568.5899       0.8472   364.1
20.0500    -110567.7426 -110568.4243       0.6816   293.0
20.1000    -110567.7428 -110568.5242       0.7813   335.8
20.1500    -110567.7432 -110568.7127       0.9695   416.7
20.2000    -110567.7433 -110568.6781       0.9348   401.8
20.2500    -110567.7431 -110568.7419       0.9988   429.3
20.3000    -110567.7436 -110568.6676       0.9239   397.1
20.3500    -110567.7438 -110568.8980       1.1542   496.1
20.4000    -110567.7431 -110568.4814       0.7383   317.3
20.4500    -110567.7430 -110568.5377       0.7947   341.6
20.5000    -110567.7428 -110568.6084       0.8655   372.0
20.5500    -110567.7431 -110568.8405       1.0973   471.6
20.6000    -110567.7430 -110568.6558       0.9128   392.3
20.6500    -110567.7426 -110568.7044       0.9618   413.4
20.7000    -110567.7431 -110568.6702       0.9271   398.5
20.7500    -110567.7436 -110568.7099       0.9663   415.3
20.8000    -110567.7436 -110568.8457       1.1021   473.7
20.8500    -110567.7434 -110568.8372       1.0938   470.1
20.9000    -110567.7438 -110568.9550       1.2112   520.6
20.9500    -110567.7433 -110568.4797       0.7363   316.5
21.0000    -110567.7431 -110568.8748       1.1317   486.4
21.0500    -110567.7428 -110568.5137       0.7709   331.3
21.1000    -110567.7429 -110568.7455       1.0026   430.9
21.1500    -110567.7430 -110568.6832       0.9402   404.1
21.2000    -110567.7427 -110568.7049       0.9622   413.5
21.2500    -110567.7433 -110568.5079       0.7647   328.7
21.3000    -110567.7437 -110568.8667       1.1229   482.6
21.3500    -110567.7434 -110568.7197       0.9763   419.6
21.4000    -110567.7432 -110568.6316       0.8884   381.8
21.4500    -110567.7429 -110568.6166       0.8737   375.5
21.5000    -110567.7434 -110568.7560       1.0126   435.2
21.5500    -110567.7431 -110568.7248       0.9817   421.9
21.6000    -110567.7429 -110568.5427       0.7998   343.8
21.6500    -110567.7434 -110568.9060       1.1626   499.7
21.7000    -110567.7433 -110568.7364       0.9931   426.8
21.7500    -110567.7427 -110568.6723       0.9296   399.5
21.8000    -110567.7426 -110568.3506       0.6079   261.3
21.8500    -110567.7426 -110568.5325       0.7899   339.5
21.9000    -110567.7433 -110568.7928       1.0495   451.1
21.9500    -110567.7436 -110568.8564       1.1127   478.2
22.0000    -110567.7432 -110568.6293       0.8861   380.8
22.0500    -110567.7435 -110568.8180       1.0745   461.8
22.1000    -110567.7438 -110568.9749       1.2311   529.1
22.1500    -110567.7435 -110568.7169       0.9734   418.3
22.2000    -110567.7434 -110568.7716       1.0282   441.9
22.2500    -110567.7427 -110568.6823       0.9396   403.8
22.3000    -110567.7427 -110568.9051       1.1624   499.6
22.3500    -110567.7429 -110568.6557       0.9128   392.3
22.4000    -110567.7429 -110568.7921       1.0492   451.0
22.4500    -110567.7428 -110568.4913       0.7485   321.7
22.5000    -110567.7430 -110568.7419       0.9989   429.3
22.5500    -110567.7432 -110568.4954       0.7522   323.3
22.6000    -110567.7434 -110568.7305       0.9871   424.3
22.6500    -110567.7437 -110568.8166       1.0729   461.1
22.7000    -110567.7440 -110569.0161       1.2721   546.7
22.7500    -110567.7438 -110568.7236       0.9798   421.1
22.8000    -110567.7437 -110568.7561       1.0124   435.1
22.8500    -110567.7434 -110568.6802       0.9368   402.6
22.9000    -110567.7434 -110568.7546       1.0113   434.7
22.9500    -110567.7429 -110568.5265       0.7836   336.8
23.0000    -110567.7427 -110568.4814       0.7386   317.5
23.0500    -110567.7429 -110568.8442       1.1013   473.3
23.1000    -110567.7430 -110568.6752       0.9322   400.7
23.1500    -110567.7430 -110568.7869       1.0439   448.7
23.2000    -110567.7430 -110568.6859       0.9429   405.3
23.2500    -110567.7436 -110568.9694       1.2258   526.9
23.3000    -110567.7430 -110568.5350       0.7919   340.4
23.3500    -110567.7436 -110568.7945       1.0509   451.7
23.4000    -110567.7437 -110568.7072       0.9635   414.1
23.4500    -110567.7433 -110568.7631       1.0198   438.3
23.5000    -110567.7433 -110568.8298       1.0865   467.0
23.5500    -110567.7433 -110568.7273       0.9840   422.9
23.6000    -110567.7427 -110568.4353       0.6926   297.7
23.6500    -110567.7428 -110568.5837       0.8409   361.4
23.7000    -110567.7430 -110568.6286       0.8856   380.6
23.7500    -110567.7426 -110568.6611       0.9185   394.8
23.8000    -110567.7430 -110568.6541       0.9111   391.6
23.8500    -110567.7436 -110568.8860       1.1424   491.0
23.9000    -110567.7435 -110568.9366       1.1931   512.8
23.9500    -110567.7435 -110568.7261       0.9827   422.3
24.0000    -110567.7435 -110568.7805       1.0370   445.7
24.0500    -110567.7435 -110568.4769       0.7334   315.2
24.1000    -110567.7435 -110568.8218       1.0783   463.5
24.1500    -110567.7439 -110568.6252       0.8813   378.8
24.2000    -110567.7436 -110568.9087       1.1651   500.7
24.2500    -110567.7431 -110568.6107       0.8676   372.9
24.3000    -110567.7428 -110568.6938       0.9510   408.8
24.3500    -110567.7431 -110568.6614       0.9182   394.7
24.4000    -110567.7429 -110568.6308       0.8879   381.6
24.4500    -110567.7426 -110568.5302       0.7876   338.5
24.5000    -110567.7426 -110568.4991       0.7565   325.1
24.5500    -110567.7436 -110568.8559       1.1123   478.1
24.6000    -110567.7432 -110568.6016       0.8584   368.9
24.6500    -110567.7432 -110568.7368       0.9936   427.0
24.7000    -110567.7431 -110568.6373       0.8942   384.3
24.7500    -110567.7435 -110568.9149       1.1715   503.5
24.8000    -110567.7432 -110568.3989       0.6558   281.8
24.8500    -110567.7434 -110568.7222       0.9788   420.7
24.9000    -110567.7429 -110568.4310       0.6881   295.7
24.9500    -110567.7428 -110568.7511       1.0083   433.4
25.0000    -110567.7430 -110568.4818       0.7388   317.5
