Time[ps]      Etot[eV]     Epot[eV]     Ekin[eV]    T[K]
0.0000        -158.7743    -159.1515       0.3772   364.8
0.0500        -158.6921    -159.0772       0.3851   372.4
0.1000        -158.7196    -159.0994       0.3798   367.3
0.1500        -158.7082    -159.0461       0.3379   326.7
0.2000        -158.8001    -159.1907       0.3907   377.8
0.2500        -158.6744    -159.0648       0.3903   377.5
0.3000        -158.7528    -159.1575       0.4047   391.4
0.3500        -159.0052    -159.3407       0.3355   324.4
0.4000        -158.9596    -159.3511       0.3915   378.6
0.4500        -158.8363    -159.2743       0.4380   423.6
0.5000        -158.8566    -159.2574       0.4008   387.6
0.5500        -158.8522    -159.2575       0.4053   391.9
0.6000        -158.8905    -159.2163       0.3257   315.0
0.6500        -158.7737    -159.1433       0.3696   357.4
0.7000        -158.8721    -159.2389       0.3668   354.7
0.7500        -158.7880    -159.2794       0.4914   475.2
0.8000        -158.8226    -159.2869       0.4642   448.9
0.8500        -158.4906    -159.1034       0.6128   592.6
0.9000        -158.6040    -159.1168       0.5129   496.0
0.9500        -158.7199    -159.1658       0.4459   431.2
1.0000        -158.5019    -159.1619       0.6600   638.2
1.0500        -158.6902    -159.1768       0.4866   470.6
1.1000        -158.6853    -159.2486       0.5633   544.7
1.1500        -158.7954    -159.3157       0.5203   503.2
1.2000        -158.7068    -159.0769       0.3701   357.9
1.2500        -158.6362    -159.2476       0.6114   591.2
1.3000        -158.6283    -159.2596       0.6313   610.5
1.3500        -158.5467    -159.2713       0.7246   700.7
1.4000        -158.4528    -159.2572       0.8044   777.9
1.4500        -158.5657    -159.3098       0.7441   719.6
1.5000        -158.6177    -159.3642       0.7465   721.9
1.5500        -158.5188    -159.3293       0.8106   783.8
1.6000        -158.7141    -159.3599       0.6459   624.6
1.6500        -158.3583    -159.2447       0.8864   857.1
1.7000        -158.4471    -159.3269       0.8798   850.8
1.7500        -158.2402    -159.2500       1.0099   976.6
1.8000        -158.1063    -159.0726       0.9663   934.4
1.8500        -158.3016    -159.1202       0.8187   791.7
1.9000        -157.9153    -159.0323       1.1170  1080.2
1.9500        -158.2603    -159.1100       0.8496   821.6
2.0000        -157.9833    -158.9797       0.9964   963.6
2.0500        -158.0382    -159.2580       1.2197  1179.5
2.1000        -158.1976    -159.3192       1.1216  1084.6
2.1500        -157.9698    -159.3095       1.3397  1295.6
2.2000        -158.1069    -159.2806       1.1737  1135.0
2.2500        -157.9617    -159.3204       1.3587  1313.9
2.3000        -157.8376    -159.1767       1.3391  1295.0
2.3500        -157.8410    -159.2123       1.3714  1326.2
2.4000        -157.8567    -159.3378       1.4810  1432.2
2.4500        -157.8177    -159.3010       1.4833  1434.5
2.5000        -157.6956    -159.2527       1.5571  1505.7
2.5500        -157.7468    -159.2268       1.4801  1431.3
2.6000        -157.6643    -159.1645       1.5003  1450.8
2.6500        -157.4505    -159.1048       1.6543  1599.7
2.7000        -157.5370    -159.2402       1.7032  1647.1
2.7500        -157.3874    -159.2603       1.8730  1811.2
2.8000        -157.4768    -159.3719       1.8951  1832.6
2.8500        -157.3384    -159.3578       2.0194  1952.9
2.9000        -157.5618    -159.3105       1.7487  1691.1
2.9500        -157.4336    -159.4339       2.0003  1934.4
3.0000        -157.4396    -159.3262       1.8866  1824.4
3.0500        -157.2662    -159.4116       2.1454  2074.7
3.1000        -157.1367    -159.3677       2.2310  2157.5
3.1500        -157.1386    -159.4713       2.3327  2255.9
3.2000        -156.8866    -159.3671       2.4805  2398.8
3.2500        -156.9730    -159.1947       2.2217  2148.5
3.3000        -157.0321    -159.3518       2.3197  2243.3
3.3500        -157.1250    -159.2607       2.1357  2065.4
3.4000        -156.8312    -159.3101       2.4789  2397.2
3.4500        -156.7804    -159.3305       2.5501  2466.0
3.5000        -156.9195    -159.4190       2.4995  2417.1
3.5500        -156.7168    -159.4603       2.7435  2653.1
3.6000        -156.7645    -159.3265       2.5621  2477.6
3.6500        -156.5971    -159.3822       2.7851  2693.3
3.7000        -156.6559    -159.3390       2.6831  2594.7
3.7500        -156.4991    -159.3541       2.8550  2760.9
3.8000        -156.3417    -159.2657       2.9241  2827.7
3.8500        -156.3045    -159.3061       3.0017  2902.7
3.9000        -156.2488    -159.3355       3.0867  2985.0
3.9500        -156.2778    -159.1357       2.8579  2763.7
4.0000        -156.2023    -159.2200       3.0177  2918.2
4.0500        -156.2201    -159.1556       2.9356  2838.8
4.1000        -156.1629    -159.1880       3.0252  2925.5
4.1500        -155.9393    -159.2377       3.2984  3189.7
4.2000        -155.8877    -159.1659       3.2782  3170.1
4.2500        -155.7739    -159.4646       3.6906  3569.0
4.3000        -155.7730    -159.3155       3.5425  3425.8
4.3500        -155.5657    -159.4034       3.8377  3711.3
4.4000        -155.6859    -159.3149       3.6290  3509.4
4.4500        -155.7673    -159.3591       3.5918  3473.4
4.5000        -155.5618    -159.2298       3.6680  3547.1
4.5500        -155.6751    -159.1951       3.5200  3404.0
4.6000        -155.4115    -159.1767       3.7653  3641.2
4.6500        -155.4237    -159.1287       3.7050  3582.9
4.7000        -155.4308    -159.1388       3.7080  3585.8
4.7500        -155.0567    -159.1485       4.0918  3956.9
4.8000        -155.1120    -159.0434       3.9313  3801.8
4.8500        -154.9877    -158.9860       3.9984  3866.6
4.9000        -155.0067    -159.1493       4.1426  4006.1
4.9500        -154.7456    -159.0239       4.2783  4137.3
5.0000        -154.8965    -159.1516       4.2551  4114.9
5.0500        -154.6225    -159.1557       4.5332  4383.8
5.1000        -154.8435    -159.2178       4.3743  4230.2
5.1500        -154.7746    -159.2460       4.4714  4324.1
5.2000        -154.8577    -159.1806       4.3229  4180.4
5.2500        -154.8994    -159.1504       4.2510  4110.9
5.3000        -154.6197    -159.2549       4.6352  4482.4
5.3500        -154.6945    -159.3432       4.6487  4495.5
5.4000        -154.5580    -159.1909       4.6330  4480.3
5.4500        -154.6131    -159.1694       4.5563  4406.1
5.5000        -154.5936    -159.1894       4.5958  4444.3
5.5500        -154.3283    -159.1932       4.8649  4704.6
5.6000        -154.4053    -159.1779       4.7726  4615.4
5.6500        -154.1911    -159.1234       4.9323  4769.8
5.7000        -154.0824    -159.3984       5.3160  5140.8
5.7500        -153.8467    -159.2686       5.4220  5243.3
5.8000        -153.8932    -159.1210       5.2278  5055.5
5.8500        -153.9842    -159.0823       5.0981  4930.0
5.9000        -153.9023    -159.1191       5.2168  5044.9
5.9500        -154.0778    -159.1301       5.0523  4885.8
6.0000        -154.2102    -159.1194       4.9092  4747.4
6.0500        -154.0530    -159.1421       5.0891  4921.4
6.1000        -153.8024    -159.0758       5.2734  5099.6
6.1500        -153.9849    -159.1698       5.1849  5014.0
6.2000        -154.0129    -158.9912       4.9783  4814.3
6.2500        -153.9216    -159.0045       5.0829  4915.4
6.3000        -153.5472    -159.0632       5.5160  5334.2
6.3500        -153.4789    -159.0432       5.5642  5380.9
6.4000        -153.7422    -159.0887       5.3465  5170.3
6.4500        -153.8533    -158.8606       5.0073  4842.3
6.5000        -153.8611    -158.8753       5.0142  4849.0
6.5500        -153.6790    -158.9279       5.2490  5076.0
6.6000        -153.4003    -159.2655       5.8652  5671.9
6.6500        -153.7124    -159.0688       5.3564  5179.9
6.7000        -154.1696    -159.0518       4.8822  4721.3
6.7500        -154.3139    -158.9424       4.6285  4476.0
6.8000        -154.0176    -159.1929       5.1753  5004.7
6.8500        -154.0187    -159.1964       5.1778  5007.1
6.9000        -153.4853    -159.1427       5.6574  5471.0
6.9500        -153.7297    -159.1093       5.3795  5202.3
7.0000        -153.7043    -159.1605       5.4562  5276.4
7.0500        -153.6058    -159.1531       5.5473  5364.5
7.1000        -153.4749    -159.1947       5.7198  5531.3
7.1500        -153.9829    -159.2476       5.2647  5091.2
7.2000        -154.2637    -159.2148       4.9511  4788.0
7.2500        -153.6844    -159.1281       5.4436  5264.2
7.3000        -153.1095    -159.3545       6.2450  6039.2
7.3500        -153.0005    -159.3370       6.3365  6127.6
7.4000        -153.6668    -158.9010       5.2342  5061.7
7.4500        -154.1127    -158.9949       4.8822  4721.3
7.5000        -129.5129    -159.3085      29.7956  28813.7
7.5500        -129.3266    -159.3654      30.0388  29048.8
7.6000        -129.3228    -159.2212      29.8984  28913.0
7.6500        -129.1117    -159.2002      30.0885  29096.9
7.7000        -129.1892    -159.2134      30.0243  29034.8
7.7500        -128.9704    -159.1655      30.1951  29200.0
7.8000        -129.1431    -159.3620      30.2189  29223.0
7.8500        -129.3702    -159.3162      29.9460  28959.1
7.9000        -129.4098    -159.3246      29.9148  28928.9
7.9500        -129.1587    -159.2580      30.0993  29107.3
8.0000        -128.9974    -159.2121      30.2147  29219.0
8.0500        -129.1773    -159.1641      29.9868  28998.6
8.1000        -129.3694    -159.3967      30.0273  29037.7
8.1500        -129.4412    -159.4333      29.9921  29003.6
8.2000        -128.9886    -159.2555      30.2669  29269.5
8.2500        -129.1087    -159.1762      30.0675  29076.6
8.3000        -129.0971    -159.2328      30.1357  29142.5
8.3500        -129.0944    -159.1772      30.0828  29091.4
8.4000        -129.1966    -159.2613      30.0648  29073.9
8.4500        -129.2577    -159.3980      30.1403  29147.0
8.5000        -129.2071    -159.3098      30.1026  29110.5
8.5500        -129.0173    -159.1485      30.1312  29138.1
8.6000        -128.9461    -159.2895      30.3434  29343.4
8.6500        -129.0618    -159.2350      30.1732  29178.8
8.7000        -129.3323    -159.3246      29.9923  29003.9
8.7500        -129.2576    -159.3058      30.0483  29058.0
8.8000        -129.1120    -159.4025      30.2906  29292.3
8.8500        -129.0240    -159.1702      30.1462  29152.7
8.9000        -129.0222    -159.2579      30.2357  29239.2
8.9500        -128.8247    -159.1758      30.3511  29350.9
9.0000        -129.1132    -159.2842      30.1710  29176.7
9.0500        -129.3445    -159.3112      29.9667  28979.1
9.1000        -129.2772    -159.2835      30.0063  29017.4
9.1500        -129.3141    -159.2681      29.9540  28966.8
9.2000        -128.9300    -159.2420      30.3120  29313.0
9.2500        -129.1473    -159.2422      30.0949  29103.1
9.3000        -129.3449    -159.3711      30.0262  29036.6
9.3500        -129.4566    -159.4873      30.0307  29041.0
9.4000        -129.1792    -159.4220      30.2428  29246.1
9.4500        -128.9037    -159.2767      30.3730  29372.1
9.5000        -129.0249    -159.2931      30.2682  29270.6
9.5500        -128.7981    -159.2549      30.4568  29453.0
9.6000        -129.0374    -159.2201      30.1827  29188.0
9.6500        -129.4811    -159.4258      29.9447  28957.8
9.7000        -129.5312    -159.3587      29.8275  28844.5
9.7500        -129.1314    -159.1473      30.0159  29026.7
9.8000        -129.0443    -159.1629      30.1186  29126.0
9.8500        -129.1871    -159.1652      29.9781  28990.1
9.9000        -129.1507    -159.1348      29.9841  28995.9
9.9500        -129.2354    -159.3149      30.0796  29088.2
10.0000       -129.1050    -159.3259      30.2209  29224.9
10.0500       -128.9236    -159.2394      30.3157  29316.6
10.1000       -129.1494    -159.1882      30.0388  29048.8
10.1500       -128.8138    -159.2020      30.3882  29386.7
10.2000       -129.0943    -159.2298      30.1355  29142.3
10.2500       -129.5182    -159.3561      29.8379  28854.6
10.3000       -129.5296    -159.3198      29.7903  28808.5
10.3500       -129.5013    -159.3039      29.8026  28820.4
10.4000       -128.9952    -159.2281      30.2330  29236.6
10.4500       -128.8687    -159.2125      30.3438  29343.8
10.5000       -129.1178    -159.1502      30.0324  29042.7
10.5500       -129.1209    -159.4053      30.2844  29286.4
10.6000       -129.3578    -159.3748      30.0170  29027.7
10.6500       -129.1817    -159.3297      30.1480  29154.4
10.7000       -129.2414    -159.2821      30.0407  29050.7
10.7500       -129.3762    -159.3535      29.9773  28989.4
10.8000       -128.9380    -159.2088      30.2707  29273.1
10.8500       -129.6119    -159.4676      29.8557  28871.8
10.9000       -129.6077    -159.4243      29.8166  28834.0
10.9500       -129.2757    -159.2914      30.0157  29026.5
11.0000       -129.2244    -159.2084      29.9840  28995.9
11.0500       -129.0738    -159.2714      30.1976  29202.4
11.1000       -129.3920    -159.1084      29.7165  28737.1
11.1500       -129.1966    -159.1992      30.0026  29013.8
11.2000       -129.1687    -159.3340      30.1654  29171.2
11.2500       -129.2938    -159.3288      30.0350  29045.2
11.3000       -128.9281    -159.0594      30.1312  29138.2
11.3500       -129.1268    -159.2030      30.0762  29085.0
11.4000       -128.8199    -159.1696      30.3496  29349.4
11.4500       -129.2532    -159.3111      30.0579  29067.3
11.5000       -129.2358    -159.2988      30.0630  29072.3
11.5500       -129.1069    -159.3782      30.2713  29273.7
11.6000       -128.8644    -159.1481      30.2837  29285.6
11.6500       -128.8511    -159.2322      30.3811  29379.8
11.7000       -129.0898    -159.1558      30.0660  29075.2
11.7500       -129.1306    -159.3113      30.1807  29186.1
11.8000       -129.3237    -159.3288      30.0051  29016.2
11.8500       -129.3235    -159.3061      29.9826  28994.5
11.9000       -129.1778    -159.2470      30.0692  29078.2
11.9500       -128.9930    -159.3029      30.3099  29311.0
12.0000       -128.8334    -159.2665      30.4330  29430.1
12.0500       -128.9336    -159.3176      30.3840  29382.6
12.1000       -129.3142    -159.5644      30.2502  29253.3
12.1500       -129.0494    -159.3566      30.3072  29308.4
12.2000       -129.2438    -159.2933      30.0494  29059.1
12.2500       -129.1997    -159.2584      30.0587  29068.1
12.3000       -129.2541    -159.2644      30.0103  29021.3
12.3500       -129.2725    -159.1824      29.9099  28924.2
12.4000       -129.1368    -159.2704      30.1336  29140.5
12.4500       -129.3457    -159.3364      29.9907  29002.3
12.5000       -128.9153    -159.0763      30.1610  29167.0
12.5500       -129.1077    -159.0589      29.9512  28964.2
12.6000       -129.0114    -159.1342      30.1228  29130.0
12.6500       -129.0159    -159.1696      30.1537  29159.9
12.7000       -129.4322    -159.2952      29.8630  28878.8
12.7500       -129.2681    -159.2720      30.0039  29015.1
12.8000       -129.0240    -159.2888      30.2648  29267.4
12.8500       -128.8882    -159.1987      30.3105  29311.6
12.9000       -129.1375    -159.2431      30.1056  29113.4
12.9500       -129.2506    -159.1596      29.9089  28923.3
13.0000       -129.4552    -159.4590      30.0038  29015.0
13.0500       -129.5064    -159.3477      29.8413  28857.8
13.1000       -129.3502    -159.2767      29.9266  28940.3
13.1500       -129.0519    -159.3013      30.2494  29252.5
13.2000       -128.9585    -159.2919      30.3334  29333.7
13.2500       -128.9115    -159.2205      30.3090  29310.1
13.3000       -129.2673    -159.5128      30.2456  29248.8
13.3500       -129.4768    -159.5283      30.0515  29061.1
13.4000       -128.8573    -159.2937      30.4364  29433.4
13.4500       -129.1452    -159.2517      30.1065  29114.3
13.5000       -129.1955    -159.2653      30.0698  29078.8
13.5500       -129.1490    -159.2323      30.0833  29091.9
13.6000       -129.2355    -159.2959      30.0604  29069.7
13.6500       -129.3317    -159.3010      29.9693  28981.6
13.7000       -129.1872    -159.2749      30.0877  29096.1
13.7500       -128.9174    -159.0719      30.1545  29160.7
13.8000       -128.9298    -159.1568      30.2269  29230.7
13.8500       -129.0686    -159.1391      30.0705  29079.5
13.9000       -129.3197    -159.2693      29.9496  28962.6
13.9500       -129.2514    -159.2768      30.0254  29035.8
14.0000       -129.3136    -159.3330      30.0194  29030.1
14.0500       -128.8871    -159.1336      30.2465  29249.7
14.1000       -129.1753    -159.2998      30.1245  29131.7
14.1500       -129.0692    -159.1842      30.1149  29122.5
14.2000       -129.1708    -159.3712      30.2004  29205.1
14.2500       -129.4024    -159.3604      29.9580  28970.7
14.3000       -129.1842    -159.3282      30.1440  29150.5
14.3500       -129.1203    -159.2493      30.1290  29136.1
14.4000       -128.8886    -159.2120      30.3233  29324.0
14.4500       -128.9588    -159.2193      30.2605  29263.2
14.5000       -129.2085    -159.3608      30.1523  29158.6
14.5500       -129.3110    -159.4742      30.1631  29169.1
14.6000       -129.1533    -159.3873      30.2341  29237.6
14.6500       -129.0367    -159.3332      30.2965  29298.1
14.7000       -129.3214    -159.2995      29.9781  28990.1
14.7500       -129.3434    -159.3042      29.9608  28973.4
14.8000       -129.0443    -159.2688      30.2246  29228.5
14.8500       -129.5294    -159.4790      29.9497  28962.6
14.9000       -129.6432    -159.4065      29.7633  28782.4
14.9500       -129.0619    -159.1280      30.0660  29075.2
15.0000       -128.9058    -159.1588      30.2530  29256.0
15.0500       -128.7726    -159.1947      30.4221  29419.5
15.1000       -129.0399    -159.1319      30.0920  29100.3
15.1500       -129.3147    -159.2643      29.9496  28962.6
15.2000       -129.1786    -159.3382      30.1596  29165.7
15.2500       -129.0001    -159.1644      30.1642  29170.1
15.3000       -128.9403    -159.1649      30.2246  29228.5
15.3500       -129.1677    -159.2041      30.0363  29046.5
15.4000       -128.8391    -159.2843      30.4452  29441.9
15.4500       -129.3033    -159.3320      30.0287  29039.0
15.5000       -129.2028    -159.3323      30.1295  29136.5
15.5500       -129.1700    -159.2884      30.1184  29125.8
15.6000       -129.1121    -159.2052      30.0931  29101.3
15.6500       -128.9565    -159.2131      30.2566  29259.4
15.7000       -129.2047    -159.1442      29.9395  28952.8
15.7500       -129.3090    -159.4303      30.1213  29128.6
15.8000       -129.3353    -159.3351      29.9998  29011.1
15.8500       -129.2251    -159.3219      30.0969  29105.0
15.9000       -129.1819    -159.2794      30.0975  29105.6
15.9500       -129.4194    -159.3465      29.9271  28940.8
16.0000       -129.1586    -159.2850      30.1264  29133.6
16.0500       -129.2644    -159.4332      30.1688  29174.6
16.1000       -129.6234    -159.5494      29.9261  28939.8
16.1500       -128.9342    -159.3162      30.3819  29380.7
16.2000       -128.9399    -159.2281      30.2882  29290.0
16.2500       -128.8212    -159.2811      30.4599  29456.0
16.3000       -128.7880    -159.2217      30.4338  29430.8
16.3500       -129.2705    -159.2095      29.9390  28952.3
16.4000       -129.1803    -159.2945      30.1141  29121.7
16.4500       -129.2311    -159.1912      29.9601  28972.8
16.5000       -129.0841    -159.0623      29.9782  28990.3
16.5500       -129.2393    -159.1044      29.8650  28880.8
16.6000       -129.0913    -159.0575      29.9662  28978.6
16.6500       -129.1172    -159.2735      30.1563  29162.4
16.7000       -129.5133    -159.2781      29.7648  28783.9
16.7500       -129.2230    -159.2856      30.0626  29071.9
16.8000       -128.9078    -159.1951      30.2873  29289.2
16.8500       -129.0155    -159.2218      30.2063  29210.8
16.9000       -129.1379    -159.1852      30.0474  29057.1
16.9500       -129.4671    -159.3743      29.9072  28921.5
17.0000       -129.4314    -159.4576      30.0262  29036.7
17.0500       -129.3709    -159.2512      29.8803  28895.6
17.1000       -129.3343    -159.2550      29.9208  28934.7
17.1500       -129.4171    -159.3023      29.8852  28900.3
17.2000       -129.1514    -159.2910      30.1397  29146.4
17.2500       -129.1853    -159.3072      30.1219  29129.2
17.3000       -129.3869    -159.5039      30.1170  29124.5
17.3500       -129.3208    -159.4594      30.1386  29145.3
17.4000       -128.9538    -159.2835      30.3297  29330.1
17.4500       -129.0913    -159.3303      30.2390  29242.5
17.5000       -129.1068    -159.3186      30.2118  29216.2
17.5500       -129.1715    -159.3052      30.1337  29140.6
17.6000       -129.2429    -159.3645      30.1216  29128.9
17.6500       -129.1036    -159.3506      30.2470  29250.2
17.7000       -128.9447    -159.1185      30.1738  29179.3
17.7500       -129.0888    -159.0880      29.9993  29010.6
17.8000       -129.1133    -159.0961      29.9829  28994.7
17.8500       -129.3503    -159.1210      29.7707  28789.5
17.9000       -129.4715    -159.2923      29.8208  28838.0
17.9500       -129.4763    -159.2087      29.7324  28752.5
18.0000       -129.1677    -159.2481      30.0804  29089.0
18.0500       -128.8326    -159.1571      30.3245  29325.1
18.1000       -128.9751    -159.2456      30.2705  29272.9
18.1500       -129.0880    -159.2299      30.1419  29148.6
18.2000       -129.2140    -159.4538      30.2398  29243.2
18.2500       -129.0804    -159.3860      30.3057  29306.9
18.3000       -128.8327    -159.2769      30.4442  29440.9
18.3500       -128.9091    -159.3053      30.3962  29394.4
18.4000       -128.6782    -159.2934      30.6152  29606.3
18.4500       -128.5597    -159.2669      30.7072  29695.2
18.5000       -129.0016    -159.4148      30.4132  29410.9
18.5500       -129.3394    -159.5115      30.1721  29177.7
18.6000       -129.0013    -159.2560      30.2547  29257.6
18.6500       -128.8047    -159.3074      30.5027  29497.4
18.7000       -129.1848    -159.2940      30.1092  29116.9
18.7500       -128.9217    -159.2839      30.3621  29361.5
18.8000       -128.9407    -159.4237      30.4829  29478.3
18.8500       -128.9997    -159.3774      30.3776  29376.5
18.9000       -128.8720    -159.3394      30.4674  29463.3
18.9500       -129.0600    -159.1874      30.1275  29134.6
19.0000       -128.7704    -159.2237      30.4533  29449.7
19.0500       -129.2816    -159.2815      29.9999  29011.2
19.1000       -129.6728    -159.2138      29.5410  28567.4
19.1500       -129.6095    -159.3754      29.7659  28784.9
19.2000       -129.5830    -159.2298      29.6468  28669.7
19.2500       -128.9313    -159.2232      30.2918  29293.5
19.3000       -128.8618    -159.2377      30.3759  29374.8
19.3500       -128.9692    -159.1719      30.2027  29207.4
19.4000       -129.1580    -159.3748      30.2168  29220.9
19.4500       -129.5163    -159.2651      29.7488  28768.4
19.5000       -129.2181    -159.3165      30.0985  29106.5
19.5500       -129.1453    -159.2318      30.0865  29094.9
19.6000       -129.2255    -159.2556      30.0301  29040.4
19.6500       -128.8428    -159.2086      30.3658  29365.0
19.7000       -129.3445    -159.3405      29.9960  29007.4
19.7500       -129.2143    -159.4893      30.2750  29277.3
19.8000       -128.9690    -159.3874      30.4184  29415.9
19.8500       -128.9871    -159.2095      30.2224  29226.4
19.9000       -128.9619    -159.3267      30.3648  29364.1
19.9500       -128.8163    -159.2064      30.3902  29388.6
20.0000       -128.5342    -159.3210      30.7868  29772.2
20.0500       -128.6867    -159.4886      30.8019  29786.8
20.1000       -128.9305    -159.2888      30.3583  29357.8
20.1500       -128.5465    -159.1577      30.6112  29602.3
20.2000       -128.4731    -159.2010      30.7279  29715.3
20.2500       -128.4350    -159.0846      30.6496  29639.5
20.3000       -128.6580    -159.2184      30.5605  29553.3
20.3500       -128.9089    -159.2698      30.3609  29360.3
20.4000       -128.7705    -159.2523      30.4818  29477.2
20.4500       -128.5423    -159.0746      30.5323  29526.1
20.5000       -128.7790    -159.2252      30.4462  29442.8
20.5500       -128.7535    -159.2023      30.4488  29445.4
20.6000       -128.7385    -159.1046      30.3660  29365.3
20.6500       -128.6795    -159.3822      30.7027  29690.8
20.7000       -128.8272    -159.3239      30.4967  29491.6
20.7500       -128.9027    -159.2248      30.3220  29322.7
20.8000       -128.7829    -159.3100      30.5272  29521.1
20.8500       -128.5970    -159.2685      30.6715  29660.7
20.9000       -128.7792    -159.0614      30.2822  29284.2
20.9500       -128.9941    -159.4879      30.4938  29488.9
21.0000       -128.8823    -159.4588      30.5765  29568.8
21.0500       -128.4263    -159.2986      30.8724  29854.9
21.1000       -128.5478    -159.2424      30.6946  29683.0
21.1500       -128.6919    -159.3428      30.6510  29640.8
21.2000       -128.4801    -159.2705      30.7904  29775.7
21.2500       -128.8510    -159.2527      30.4017  29399.8
21.3000       -128.7291    -159.5103      30.7813  29766.8
21.3500       -128.0302    -159.1687      31.1385  30112.3
21.4000       -128.6057    -159.1194      30.5138  29508.1
21.4500       -128.2788    -159.2671      30.9883  29967.0
21.5000       -128.4466    -159.2629      30.8163  29800.7
21.5500       -129.0056    -159.2136      30.2081  29212.5
21.6000       -128.8164    -159.3416      30.5252  29519.2
21.6500       -128.7586    -159.2381      30.4795  29475.0
21.7000       -128.8471    -159.1658      30.3187  29319.5
21.7500       -128.7509    -159.2349      30.4839  29479.3
21.8000       -128.5854    -159.1296      30.5442  29537.5
21.8500       -128.6773    -159.2860      30.6087  29599.9
21.9000       -128.9331    -159.3258      30.3928  29391.1
21.9500       -128.8842    -159.2323      30.3481  29347.9
22.0000       -128.8090    -159.1894      30.3803  29379.1
22.0500       -128.7283    -159.2954      30.5671  29559.7
22.1000       -128.7582    -159.1973      30.4390  29435.8
22.1500       -129.0221    -159.4241      30.4019  29400.0
22.2000       -129.1685    -159.5309      30.3625  29361.8
22.2500       -128.7358    -159.2775      30.5417  29535.1
22.3000       -128.6642    -159.2835      30.6193  29610.2
22.3500       -128.6374    -159.2928      30.6555  29645.2
22.4000       -128.5690    -159.2524      30.6834  29672.2
22.4500       -128.6426    -159.3744      30.7317  29718.9
22.5000       -129.1399    -159.3440      30.2042  29208.7
22.5500       -128.9039    -159.3622      30.4583  29454.5
22.6000       -128.8193    -159.1822      30.3629  29362.3
22.6500       -129.0763    -159.1810      30.1048  29112.6
22.7000       -128.9141    -159.2299      30.3159  29316.8
22.7500       -129.1116    -159.3288      30.2173  29221.4
22.8000       -129.3058    -159.3078      30.0020  29013.2
22.8500       -129.0927    -159.4026      30.3100  29311.1
22.9000       -128.7632    -159.1726      30.4094  29407.2
22.9500       -129.0381    -159.2507      30.2126  29216.9
23.0000       -128.7692    -159.1998      30.4306  29427.7
23.0500       -128.9924    -159.2453      30.2529  29255.8
23.1000       -129.4277    -159.2364      29.8087  28826.3
23.1500       -129.1642    -159.3513      30.1871  29192.2
23.2000       -129.1387    -159.2884      30.1498  29156.1
23.2500       -128.9001    -159.1836      30.2835  29285.5
23.3000       -128.9237    -159.2700      30.3463  29346.2
23.3500       -129.1124    -159.2942      30.1818  29187.1
23.4000       -129.1389    -159.4509      30.3121  29313.1
23.4500       -129.2154    -159.4413      30.2259  29229.7
23.5000       -129.0552    -159.2169      30.1617  29167.7
23.5500       -129.1607    -159.3360      30.1752  29180.8
23.6000       -129.0236    -159.2620      30.2384  29241.8
23.6500       -128.5694    -159.2544      30.6850  29673.7
23.7000       -129.2069    -159.5132      30.3063  29307.5
23.7500       -129.4113    -159.3914      29.9801  28992.0
23.8000       -129.1820    -159.2684      30.0865  29094.9
23.8500       -129.1018    -159.2569      30.1551  29161.3
23.9000       -129.0194    -159.3070      30.2876  29289.4
23.9500       -129.1566    -159.2292      30.0726  29081.5
24.0000       -129.1005    -159.3005      30.2000  29204.7
24.0500       -129.1152    -159.4554      30.3402  29340.3
24.1000       -128.8634    -159.1674      30.3041  29305.4
24.1500       -128.7469    -159.1931      30.4462  29442.8
24.2000       -128.7382    -159.1927      30.4544  29450.8
24.2500       -128.6919    -159.2204      30.5285  29522.4
24.3000       -129.0354    -159.2720      30.2366  29240.1
24.3500       -129.0543    -159.2643      30.2100  29214.4
24.4000       -128.9750    -159.2398      30.2648  29267.4
24.4500       -128.7957    -159.0997      30.3040  29305.3
24.5000       -128.7061    -159.1597      30.4536  29450.0
24.5500       -128.9339    -159.0782      30.1443  29150.8
24.6000       -128.9468    -159.3987      30.4520  29448.4
24.6500       -129.0546    -159.3274      30.2729  29275.2
24.7000       -129.0641    -159.2516      30.1876  29192.7
24.7500       -128.9705    -159.2579      30.2874  29289.2
24.8000       -129.1073    -159.2064      30.0991  29107.1
24.8500       -128.7977    -159.2134      30.4157  29413.3
24.9000       -129.0829    -159.3599      30.2770  29279.1
24.9500       -129.3457    -159.4662      30.1206  29127.9
25.0000       -128.9026    -159.2614      30.3587  29358.2
