Time[ps]      Etot[eV]     Epot[eV]     Ekin[eV]    T[K]
0.0000        -158.6601    -159.5929       0.9328   328.0
0.0500        -158.7983    -159.6134       0.8151   286.6
0.1000        -158.6478    -159.5584       0.9106   320.2
0.1500        -158.6032    -159.5877       0.9845   346.2
0.2000        -158.4735    -159.5757       1.1022   387.6
0.2500        -158.7439    -159.5974       0.8535   300.1
0.3000        -158.5594    -159.6163       1.0569   371.7
0.3500        -158.6144    -159.6281       1.0136   356.4
0.4000        -158.5624    -159.5929       1.0305   362.4
0.4500        -158.4899    -159.6107       1.1208   394.1
0.5000        -158.7451    -159.6099       0.8648   304.1
0.5500        -158.5587    -159.6153       1.0566   371.6
0.6000        -158.2794    -159.5930       1.3136   461.9
0.6500        -158.5382    -159.6159       1.0777   379.0
0.7000        -158.6538    -159.6054       0.9516   334.6
0.7500        -158.6727    -159.6139       0.9412   331.0
0.8000        -158.5839    -159.6148       1.0309   362.5
0.8500        -158.5901    -159.6032       1.0131   356.3
0.9000        -158.7368    -159.5943       0.8575   301.5
0.9500        -158.5299    -159.6189       1.0890   383.0
1.0000        -158.4646    -159.6119       1.1473   403.5
1.0500        -158.6990    -159.6358       0.9368   329.4
1.1000        -158.6442    -159.6286       0.9844   346.2
1.1500        -158.6369    -159.6236       0.9868   347.0
1.2000        -158.4552    -159.5914       1.1362   399.6
1.2500        -158.6489    -159.6099       0.9610   337.9
1.3000        -158.6462    -159.6082       0.9620   338.3
1.3500        -158.3540    -159.5990       1.2450   437.8
1.4000        -158.4483    -159.5982       1.1499   404.4
1.4500        -158.4881    -159.6102       1.1221   394.6
1.5000        -158.4801    -159.6079       1.1277   396.6
1.5500        -158.4668    -159.6366       1.1698   411.4
1.6000        -158.4712    -159.6149       1.1437   402.2
1.6500        -158.4884    -159.6010       1.1125   391.2
1.7000        -158.4814    -159.6008       1.1194   393.6
1.7500        -158.4908    -159.6019       1.1111   390.7
1.8000        -158.3150    -159.5947       1.2797   450.0
1.8500        -158.2291    -159.6100       1.3809   485.6
1.9000        -158.6079    -159.5936       0.9858   346.6
1.9500        -158.3408    -159.6061       1.2653   445.0
2.0000        -158.3745    -159.6110       1.2365   434.8
2.0500        -158.3552    -159.6135       1.2583   442.5
2.1000        -158.3878    -159.6129       1.2251   430.8
2.1500        -158.5052    -159.5682       1.0630   373.8
2.2000        -158.2603    -159.5732       1.3129   461.7
2.2500        -158.3949    -159.5832       1.1884   417.9
2.3000        -158.4278    -159.6051       1.1773   414.0
2.3500        -158.5024    -159.6038       1.1014   387.3
2.4000        -158.0829    -159.6024       1.5195   534.4
2.4500        -158.5754    -159.5684       0.9930   349.2
2.5000        -158.0969    -159.5988       1.5020   528.2
2.5500        -158.4856    -159.5889       1.1032   388.0
2.6000        -158.4691    -159.6007       1.1317   398.0
2.6500        -158.1177    -159.5768       1.4591   513.1
2.7000        -158.4189    -159.5591       1.1401   400.9
2.7500        -158.2782    -159.5732       1.2949   455.4
2.8000        -158.3225    -159.5978       1.2754   448.5
2.8500        -158.3753    -159.5908       1.2155   427.4
2.9000        -158.3150    -159.6143       1.2993   456.9
2.9500        -158.2511    -159.5739       1.3227   465.1
3.0000        -158.2789    -159.5987       1.3197   464.1
3.0500        -158.2925    -159.5925       1.3001   457.2
3.1000        -158.1538    -159.6053       1.4514   510.4
3.1500        -158.1327    -159.6080       1.4753   518.8
3.2000        -158.3926    -159.5994       1.2068   424.4
3.2500        -158.3216    -159.5814       1.2598   443.0
3.3000        -158.1328    -159.5969       1.4641   514.9
3.3500        -158.0858    -159.5999       1.5141   532.4
3.4000        -158.0369    -159.6012       1.5643   550.1
3.4500        -157.9830    -159.6030       1.6200   569.7
3.5000        -157.9564    -159.6076       1.6512   580.7
3.5500        -158.0081    -159.5925       1.5844   557.2
3.6000        -158.0751    -159.6141       1.5390   541.2
3.6500        -157.9282    -159.6150       1.6868   593.2
3.7000        -158.1415    -159.6168       1.4752   518.8
3.7500        -158.0392    -159.5909       1.5516   545.6
3.8000        -158.0242    -159.6182       1.5940   560.6
3.8500        -157.8448    -159.5977       1.7529   616.4
3.9000        -158.1417    -159.6102       1.4685   516.4
3.9500        -158.0446    -159.6042       1.5596   548.4
4.0000        -157.8664    -159.6261       1.7597   618.8
4.0500        -157.9297    -159.6010       1.6713   587.7
4.1000        -158.0497    -159.6127       1.5630   549.6
4.1500        -158.1762    -159.5997       1.4234   500.6
4.2000        -157.9758    -159.6140       1.6382   576.1
4.2500        -158.0299    -159.6153       1.5854   557.5
4.3000        -157.9119    -159.6205       1.7086   600.9
4.3500        -157.9208    -159.5928       1.6720   588.0
4.4000        -158.0342    -159.6091       1.5749   553.8
4.4500        -157.7411    -159.6221       1.8810   661.5
4.5000        -157.7677    -159.6091       1.8415   647.6
4.5500        -157.9998    -159.6108       1.6109   566.5
4.6000        -157.6180    -159.6174       1.9993   703.1
4.6500        -157.9205    -159.6178       1.6974   596.9
4.7000        -157.8530    -159.6315       1.7784   625.4
4.7500        -157.8119    -159.6186       1.8067   635.3
4.8000        -157.6752    -159.6046       1.9294   678.5
4.8500        -157.5894    -159.5885       1.9991   703.0
4.9000        -157.4578    -159.6086       2.1508   756.3
4.9500        -157.9046    -159.6183       1.7137   602.6
5.0000        -157.7687    -159.6147       1.8460   649.1
5.0500        -157.4983    -159.5907       2.0924   735.8
5.1000        -157.6987    -159.5671       1.8684   657.0
5.1500        -157.2903    -159.5963       2.3060   810.9
5.2000        -157.7099    -159.6251       1.9152   673.5
5.2500        -157.6225    -159.6328       2.0103   706.9
5.3000        -157.5264    -159.6024       2.0760   730.0
5.3500        -157.2619    -159.6007       2.3388   822.4
5.4000        -157.6776    -159.6023       1.9248   676.9
5.4500        -157.2640    -159.6035       2.3394   822.7
5.5000        -157.0851    -159.6071       2.5220   886.9
5.5500        -157.3479    -159.5973       2.2494   791.0
5.6000        -157.2323    -159.5808       2.3484   825.8
5.6500        -157.2437    -159.5993       2.3556   828.4
5.7000        -157.3854    -159.5930       2.2076   776.3
5.7500        -157.2272    -159.6245       2.3973   843.0
5.8000        -156.9173    -159.5941       2.6768   941.3
5.8500        -157.1671    -159.5871       2.4200   851.0
