Time[ps]      Etot[eV]     Epot[eV]     Ekin[eV]    T[K]
0.0000        -158.8708    -160.3669       1.4961   321.5
0.0500        -159.0815    -160.4030       1.3214   284.0
0.1000        -159.0439    -160.4115       1.3676   293.9
0.1500        -159.0946    -160.3713       1.2767   274.4
0.2000        -159.1330    -160.4484       1.3154   282.7
0.2500        -159.3994    -160.4237       1.0243   220.1
0.3000        -159.0599    -160.4034       1.3434   288.7
0.3500        -158.8641    -160.3780       1.5139   325.3
0.4000        -159.0248    -160.3901       1.3653   293.4
0.4500        -159.0017    -160.4164       1.4148   304.0
0.5000        -159.1508    -160.3699       1.2191   262.0
0.5500        -159.1313    -160.4360       1.3047   280.4
0.6000        -159.1770    -160.3916       1.2146   261.0
0.6500        -159.0060    -160.4498       1.4437   310.3
0.7000        -159.2535    -160.4302       1.1767   252.9
0.7500        -158.8855    -160.4221       1.5367   330.2
0.8000        -159.0531    -160.4198       1.3667   293.7
0.8500        -158.9346    -160.4088       1.4742   316.8
0.9000        -158.9961    -160.4359       1.4397   309.4
0.9500        -159.0364    -160.4661       1.4297   307.2
1.0000        -159.0954    -160.3531       1.2576   270.3
1.0500        -158.8983    -160.3884       1.4900   320.2
1.1000        -158.7940    -160.3966       1.6026   344.4
1.1500        -158.9648    -160.4120       1.4472   311.0
1.2000        -159.1045    -160.4623       1.3578   291.8
1.2500        -158.8581    -160.4140       1.5559   334.4
1.3000        -158.7660    -160.3939       1.6279   349.8
1.3500        -158.9747    -160.4065       1.4318   307.7
1.4000        -158.9137    -160.3321       1.4184   304.8
1.4500        -158.9117    -160.3373       1.4256   306.4
1.5000        -158.6953    -160.3424       1.6471   354.0
1.5500        -158.6723    -160.3771       1.7049   366.4
1.6000        -158.9564    -160.4392       1.4828   318.6
1.6500        -158.8402    -160.4663       1.6261   349.4
1.7000        -158.9114    -160.4287       1.5173   326.1
1.7500        -158.6440    -160.3818       1.7378   373.4
1.8000        -158.6560    -160.4032       1.7472   375.5
1.8500        -158.7052    -160.3915       1.6863   362.4
1.9000        -158.8469    -160.3428       1.4959   321.5
1.9500        -158.5658    -160.3898       1.8240   392.0
2.0000        -158.5712    -160.4076       1.8364   394.6
2.0500        -158.9167    -160.4419       1.5253   327.8
2.1000        -158.4689    -160.4319       1.9630   421.8
2.1500        -158.5134    -160.3979       1.8845   405.0
2.2000        -158.6289    -160.4224       1.7936   385.4
2.2500        -158.5417    -160.3934       1.8517   397.9
2.3000        -158.4846    -160.4541       1.9694   423.2
2.3500        -158.3184    -160.4056       2.0872   448.5
2.4000        -158.4671    -160.4254       1.9583   420.8
2.4500        -158.4686    -160.4070       1.9384   416.6
2.5000        -158.5137    -160.3983       1.8845   405.0
2.5500        -158.2388    -160.3746       2.1358   459.0
2.6000        -158.3081    -160.4212       2.1130   454.1
2.6500        -158.4108    -160.3660       1.9551   420.2
2.7000        -158.3206    -160.4471       2.1265   457.0
2.7500        -158.0281    -160.4377       2.4095   517.8
2.8000        -158.1150    -160.4327       2.3177   498.1
2.8500        -157.8190    -160.3759       2.5568   549.5
2.9000        -157.8328    -160.3820       2.5492   547.8
2.9500        -157.8842    -160.4407       2.5565   549.4
3.0000        -157.9458    -160.4645       2.5187   541.3
3.0500        -157.8500    -160.4052       2.5551   549.1
3.1000        -157.7954    -160.3769       2.5815   554.8
3.1500        -157.6669    -160.3883       2.7214   584.8
3.2000        -157.6747    -160.3538       2.6791   575.7
3.2500        -157.5457    -160.3682       2.8226   606.6
3.3000        -157.6374    -160.4240       2.7866   598.8
3.3500        -157.6811    -160.4367       2.7556   592.2
3.4000        -157.4626    -160.3881       2.9255   628.7
3.4500        -157.4061    -160.4187       3.0126   647.4
3.5000        -157.2941    -160.4052       3.1111   668.6
3.5500        -157.3839    -160.3494       2.9655   637.3
3.6000        -157.1709    -160.3755       3.2046   688.7
3.6500        -157.1915    -160.3654       3.1738   682.1
3.7000        -157.4336    -160.3861       2.9525   634.5
3.7500        -157.2211    -160.4349       3.2138   690.6
3.8000        -157.3093    -160.4259       3.1166   669.8
3.8500        -157.0228    -160.4075       3.3847   727.4
3.9000        -157.0175    -160.3944       3.3769   725.7
3.9500        -157.1272    -160.3975       3.2703   702.8
4.0000        -156.6829    -160.3815       3.6986   794.8
4.0500        -157.0112    -160.4192       3.4080   732.4
4.1000        -156.7532    -160.3928       3.6396   782.2
4.1500        -156.4630    -160.3682       3.9052   839.2
4.2000        -156.4599    -160.4103       3.9504   848.9
4.2500        -156.7113    -160.3855       3.6742   789.6
4.3000        -156.6670    -160.3990       3.7319   802.0
4.3500        -156.6499    -160.4426       3.7927   815.0
4.4000        -156.6319    -160.4300       3.7981   816.2
4.4500        -156.5726    -160.3615       3.7889   814.2
4.5000        -156.4328    -160.3371       3.9043   839.0
4.5500        -156.2934    -160.3625       4.0691   874.4
4.6000        -156.4609    -160.3686       3.9077   839.8
4.6500        -156.2716    -160.3793       4.1077   882.7
4.7000        -156.2598    -160.4069       4.1471   891.2
4.7500        -156.3777    -160.4559       4.0782   876.4
4.8000        -156.1045    -160.3885       4.2840   920.6
4.8500        -156.5070    -160.3961       3.8891   835.8
4.9000        -156.2601    -160.3933       4.1332   888.2
4.9500        -155.8980    -160.3566       4.4585   958.1
5.0000        -156.0268    -160.4043       4.3775   940.7
5.0500        -156.4681    -160.4025       3.9343   845.5
5.1000        -156.3396    -160.3819       4.0423   868.7
5.1500        -156.0040    -160.3956       4.3916   943.8
5.2000        -156.1897    -160.4001       4.2104   904.8
5.2500        -156.1583    -160.3417       4.1834   899.0
5.3000        -156.0985    -160.4321       4.3337   931.3
5.3500        -156.2003    -160.4005       4.2001   902.6
5.4000        -156.0087    -160.3633       4.3546   935.8
