Time[ps]      Etot[eV]     Epot[eV]     Ekin[eV]    T[K]
0.0000     -108494.6369 -108495.4745       0.8376   405.0
0.0500     -108494.6371 -108495.4509       0.8139   393.5
0.1000     -108494.6367 -108495.3984       0.7617   368.3
0.1500     -108494.6367 -108495.3611       0.7244   350.3
0.2000     -108494.6370 -108495.4026       0.7656   370.2
0.2500     -108494.6367 -108495.3608       0.7241   350.1
0.3000     -108494.6366 -108495.3691       0.7325   354.2
0.3500     -108494.6366 -108495.3693       0.7327   354.3
0.4000     -108494.6368 -108495.2791       0.6423   310.6
0.4500     -108494.6368 -108495.3244       0.6876   332.5
0.5000     -108494.6368 -108495.4630       0.8262   399.5
0.5500     -108494.6367 -108495.3849       0.7482   361.8
0.6000     -108494.6369 -108495.4164       0.7794   376.9
0.6500     -108494.6367 -108495.4450       0.8082   390.8
0.7000     -108494.6367 -108495.4394       0.8028   388.2
0.7500     -108494.6366 -108495.3541       0.7175   346.9
0.8000     -108494.6365 -108495.4141       0.7777   376.0
0.8500     -108494.6367 -108495.4477       0.8110   392.1
0.9000     -108494.6365 -108495.1478       0.5113   247.2
0.9500     -108494.6368 -108495.2589       0.6221   300.8
1.0000     -108494.6365 -108495.3300       0.6935   335.3
1.0500     -108494.6368 -108495.3997       0.7629   368.9
1.1000     -108494.6367 -108495.2618       0.6251   302.2
1.1500     -108494.6369 -108495.4877       0.8508   411.4
1.2000     -108494.6370 -108495.6256       0.9886   478.0
1.2500     -108494.6366 -108495.3064       0.6698   323.9
1.3000     -108494.6368 -108495.3288       0.6920   334.6
1.3500     -108494.6366 -108495.3354       0.6987   337.8
1.4000     -108494.6369 -108495.3387       0.7018   339.3
1.4500     -108494.6369 -108495.3723       0.7354   355.6
1.5000     -108494.6371 -108495.2891       0.6520   315.3
1.5500     -108494.6370 -108495.4707       0.8337   403.1
1.6000     -108494.6370 -108495.3795       0.7425   359.0
1.6500     -108494.6368 -108495.4405       0.8036   388.6
1.7000     -108494.6365 -108495.3377       0.7011   339.0
1.7500     -108494.6366 -108495.3592       0.7226   349.4
1.8000     -108494.6367 -108495.4006       0.7639   369.4
1.8500     -108494.6368 -108495.2925       0.6557   317.0
1.9000     -108494.6374 -108495.4901       0.8528   412.3
1.9500     -108494.6371 -108495.3067       0.6696   323.8
2.0000     -108494.6374 -108495.6586       1.0212   493.8
2.0500     -108494.6365 -108495.3216       0.6850   331.2
2.1000     -108494.6365 -108495.3568       0.7203   348.3
2.1500     -108494.6369 -108495.5177       0.8808   425.9
2.2000     -108494.6369 -108495.5205       0.8835   427.2
2.2500     -108494.6370 -108495.4604       0.8234   398.1
2.3000     -108494.6370 -108495.2821       0.6452   311.9
2.3500     -108494.6369 -108495.3568       0.7199   348.1
2.4000     -108494.6370 -108495.4593       0.8224   397.6
2.4500     -108494.6369 -108495.4143       0.7774   375.9
2.5000     -108494.6367 -108495.3776       0.7409   358.2
2.5500     -108494.6368 -108495.4914       0.8547   413.2
2.6000     -108494.6371 -108495.5435       0.9064   438.2
2.6500     -108494.6368 -108495.3810       0.7441   359.8
2.7000     -108494.6366 -108495.3411       0.7045   340.6
2.7500     -108494.6369 -108495.5935       0.9565   462.5
2.8000     -108494.6371 -108495.3810       0.7439   359.7
2.8500     -108494.6369 -108495.5085       0.8716   421.4
2.9000     -108494.6369 -108495.4048       0.7678   371.3
2.9500     -108494.6373 -108495.3626       0.7253   350.7
3.0000     -108494.6370 -108495.4094       0.7724   373.5
3.0500     -108494.6370 -108495.4770       0.8400   406.2
3.1000     -108494.6369 -108495.3496       0.7127   344.6
3.1500     -108494.6370 -108495.3499       0.7129   344.7
3.2000     -108494.6372 -108495.5691       0.9319   450.6
3.2500     -108494.6370 -108495.3489       0.7119   344.2
3.3000     -108494.6368 -108495.2946       0.6578   318.1
3.3500     -108494.6373 -108495.4490       0.8118   392.5
3.4000     -108494.6374 -108495.5869       0.9495   459.1
3.4500     -108494.6374 -108495.4911       0.8537   412.8
3.5000     -108494.6372 -108495.5202       0.8830   427.0
3.5500     -108494.6373 -108495.4623       0.8250   398.9
3.6000     -108494.6370 -108495.4431       0.8061   389.8
3.6500     -108494.6370 -108495.2380       0.6010   290.6
3.7000     -108494.6373 -108495.4376       0.8004   387.0
3.7500     -108494.6370 -108495.3007       0.6637   320.9
3.8000     -108494.6370 -108495.3987       0.7617   368.3
3.8500     -108494.6370 -108495.4992       0.8622   416.9
3.9000     -108494.6370 -108495.3795       0.7426   359.0
3.9500     -108494.6371 -108495.5440       0.9069   438.5
4.0000     -108494.6369 -108495.2463       0.6094   294.6
4.0500     -108494.6369 -108495.4457       0.8088   391.1
4.1000     -108494.6371 -108495.3087       0.6717   324.8
4.1500     -108494.6369 -108495.4122       0.7754   374.9
4.2000     -108494.6367 -108495.2674       0.6307   304.9
4.2500     -108494.6369 -108495.4632       0.8262   399.5
4.3000     -108494.6373 -108495.4043       0.7670   370.9
4.3500     -108494.6374 -108495.7382       1.1008   532.2
4.4000     -108494.6372 -108495.4542       0.8169   395.0
4.4500     -108494.6366 -108495.3304       0.6938   335.5
4.5000     -108494.6366 -108495.3150       0.6784   328.0
4.5500     -108494.6371 -108495.4063       0.7692   371.9
4.6000     -108494.6373 -108495.4077       0.7704   372.5
4.6500     -108494.6370 -108495.3676       0.7306   353.2
4.7000     -108494.6368 -108495.4499       0.8131   393.2
4.7500     -108494.6370 -108495.4372       0.8002   386.9
4.8000     -108494.6368 -108495.4238       0.7870   380.5
4.8500     -108494.6368 -108495.3742       0.7374   356.5
4.9000     -108494.6368 -108495.5868       0.9500   459.3
4.9500     -108494.6370 -108495.4692       0.8321   402.4
5.0000     -108494.6370 -108495.4555       0.8185   395.8
5.0500     -108494.6369 -108495.3022       0.6653   321.7
5.1000     -108494.6367 -108495.4052       0.7684   371.6
5.1500     -108494.6368 -108495.3595       0.7227   349.4
5.2000     -108494.6368 -108495.4042       0.7674   371.1
5.2500     -108494.6368 -108495.3537       0.7169   346.6
5.3000     -108494.6373 -108495.6792       1.0419   503.8
5.3500     -108494.6371 -108495.5311       0.8940   432.3
5.4000     -108494.6366 -108495.1824       0.5458   263.9
5.4500     -108494.6367 -108495.3031       0.6664   322.2
5.5000     -108494.6371 -108495.3380       0.7009   338.9
5.5500     -108494.6370 -108495.4886       0.8516   411.8
5.6000     -108494.6368 -108495.3649       0.7281   352.0
5.6500     -108494.6366 -108495.4038       0.7672   371.0
5.7000     -108494.6371 -108495.4360       0.7989   386.3
5.7500     -108494.6372 -108495.5773       0.9401   454.6
5.8000     -108494.6373 -108495.5029       0.8656   418.5
5.8500     -108494.6372 -108495.5174       0.8802   425.6
5.9000     -108494.6372 -108495.5542       0.9170   443.4
5.9500     -108494.6368 -108495.3216       0.6848   331.1
6.0000     -108494.6369 -108495.2876       0.6507   314.6
6.0500     -108494.6370 -108495.4243       0.7873   380.7
6.1000     -108494.6371 -108495.4691       0.8320   402.3
6.1500     -108494.6368 -108495.3703       0.7335   354.7
6.2000     -108494.6368 -108495.4892       0.8524   412.2
6.2500     -108494.6371 -108495.4443       0.8072   390.3
6.3000     -108494.6372 -108495.6234       0.9862   476.8
6.3500     -108494.6370 -108495.3814       0.7443   359.9
6.4000     -108494.6367 -108495.3990       0.7623   368.6
6.4500     -108494.6369 -108495.2325       0.5956   288.0
6.5000     -108494.6369 -108495.3753       0.7384   357.1
6.5500     -108494.6372 -108495.4519       0.8147   393.9
6.6000     -108494.6372 -108495.6581       1.0209   493.6
6.6500     -108494.6367 -108495.2806       0.6439   311.3
6.7000     -108494.6369 -108495.3275       0.6906   333.9
6.7500     -108494.6371 -108495.4905       0.8534   412.6
6.8000     -108494.6369 -108495.3995       0.7626   368.8
6.8500     -108494.6370 -108495.5007       0.8637   417.6
6.9000     -108494.6372 -108495.3251       0.6879   332.6
6.9500     -108494.6369 -108495.4174       0.7805   377.4
7.0000     -108494.6368 -108495.4730       0.8362   404.3
7.0500     -108494.6371 -108495.4923       0.8552   413.5
7.1000     -108494.6372 -108495.4165       0.7793   376.8
7.1500     -108494.6371 -108495.5033       0.8662   418.8
7.2000     -108494.6366 -108495.2605       0.6239   301.7
7.2500     -108494.6370 -108495.5362       0.8992   434.8
7.3000     -108494.6373 -108495.3661       0.7288   352.4
7.3500     -108494.6368 -108495.2203       0.5835   282.1
7.4000     -108494.6368 -108495.3687       0.7319   353.9
7.4500     -108494.6372 -108495.5917       0.9545   461.5
7.5000     -108494.6370 -108495.4491       0.8121   392.7
7.5500     -108494.6371 -108495.5024       0.8652   418.4
7.6000     -108494.6367 -108495.4683       0.8315   402.1
7.6500     -108494.6371 -108495.4668       0.8296   401.2
7.7000     -108494.6371 -108495.5162       0.8791   425.1
7.7500     -108494.6368 -108495.4321       0.7952   384.5
7.8000     -108494.6370 -108495.3830       0.7460   360.7
7.8500     -108494.6370 -108495.3922       0.7552   365.1
7.9000     -108494.6369 -108495.5325       0.8956   433.0
7.9500     -108494.6369 -108495.4785       0.8416   406.9
8.0000     -108494.6370 -108495.5706       0.9336   451.4
8.0500     -108494.6372 -108495.5885       0.9512   459.9
8.1000     -108494.6371 -108495.5361       0.8990   434.7
8.1500     -108494.6369 -108495.4446       0.8077   390.5
8.2000     -108494.6370 -108495.4262       0.7892   381.6
8.2500     -108494.6370 -108495.4207       0.7837   378.9
8.3000     -108494.6369 -108495.3410       0.7042   340.5
8.3500     -108494.6371 -108495.4554       0.8182   395.6
8.4000     -108494.6370 -108495.6385       1.0015   484.3
8.4500     -108494.6368 -108495.4211       0.7843   379.2
8.5000     -108494.6367 -108495.3629       0.7262   351.1
8.5500     -108494.6369 -108495.4110       0.7741   374.3
8.6000     -108494.6371 -108495.4547       0.8176   395.3
8.6500     -108494.6371 -108495.5477       0.9106   440.3
8.7000     -108494.6368 -108495.4112       0.7744   374.4
8.7500     -108494.6371 -108495.3775       0.7404   358.0
8.8000     -108494.6368 -108495.3939       0.7570   366.0
8.8500     -108494.6370 -108495.5637       0.9267   448.1
8.9000     -108494.6371 -108495.5016       0.8646   418.0
8.9500     -108494.6371 -108495.5890       0.9519   460.2
9.0000     -108494.6370 -108495.4406       0.8036   388.6
9.0500     -108494.6367 -108495.1971       0.5604   271.0
9.1000     -108494.6368 -108495.3604       0.7236   349.9
9.1500     -108494.6371 -108495.3952       0.7581   366.6
9.2000     -108494.6369 -108495.4603       0.8235   398.2
9.2500     -108494.6369 -108495.5089       0.8720   421.6
9.3000     -108494.6369 -108495.4064       0.7696   372.1
9.3500     -108494.6369 -108495.5543       0.9174   443.6
9.4000     -108494.6370 -108495.4635       0.8265   399.6
9.4500     -108494.6368 -108495.3701       0.7333   354.6
9.5000     -108494.6368 -108495.4770       0.8402   406.3
9.5500     -108494.6371 -108495.5772       0.9401   454.5
9.6000     -108494.6369 -108495.3043       0.6674   322.7
9.6500     -108494.6367 -108495.3239       0.6872   332.3
9.7000     -108494.6367 -108495.4605       0.8238   398.3
9.7500     -108494.6369 -108495.5290       0.8921   431.4
9.8000     -108494.6370 -108495.5300       0.8930   431.8
9.8500     -108494.6370 -108495.2989       0.6619   320.1
9.9000     -108494.6368 -108495.2509       0.6141   296.9
9.9500     -108494.6368 -108495.4271       0.7903   382.1
10.0000    -108494.6369 -108495.4364       0.7995   386.6
10.0500    -108494.6369 -108495.5938       0.9569   462.7
10.1000    -108494.6369 -108495.5193       0.8824   426.7
10.1500    -108494.6366 -108495.3200       0.6833   330.4
10.2000    -108494.6370 -108495.6495       1.0125   489.6
10.2500    -108494.6371 -108495.5007       0.8635   417.5
10.3000    -108494.6369 -108495.2433       0.6063   293.2
10.3500    -108494.6367 -108495.3353       0.6986   337.8
10.4000    -108494.6368 -108495.3382       0.7014   339.1
10.4500    -108494.6369 -108495.2457       0.6088   294.4
10.5000    -108494.6369 -108495.3414       0.7045   340.6
10.5500    -108494.6367 -108495.3109       0.6742   326.0
10.6000    -108494.6367 -108495.4210       0.7843   379.2
10.6500    -108494.6370 -108495.4218       0.7848   379.5
10.7000    -108494.6372 -108495.3683       0.7311   353.5
10.7500    -108494.6370 -108495.3529       0.7159   346.2
10.8000    -108494.6367 -108495.4033       0.7666   370.7
10.8500    -108494.6369 -108495.3201       0.6832   330.4
10.9000    -108494.6371 -108495.4674       0.8302   401.4
10.9500    -108494.6371 -108495.5408       0.9036   436.9
11.0000    -108494.6369 -108495.4032       0.7663   370.5
11.0500    -108494.6369 -108495.5921       0.9551   461.8
11.1000    -108494.6372 -108495.4676       0.8304   401.5
11.1500    -108494.6371 -108495.3881       0.7510   363.1
11.2000    -108494.6370 -108495.2226       0.5855   283.1
11.2500    -108494.6368 -108495.3620       0.7253   350.7
11.3000    -108494.6370 -108495.3179       0.6809   329.2
11.3500    -108494.6371 -108495.5457       0.9085   439.3
11.4000    -108494.6372 -108495.4657       0.8285   400.6
11.4500    -108494.6369 -108495.4128       0.7758   375.1
11.5000    -108494.6370 -108495.2999       0.6629   320.5
11.5500    -108494.6371 -108495.5181       0.8810   426.0
11.6000    -108494.6371 -108495.4524       0.8153   394.2
11.6500    -108494.6371 -108495.4924       0.8552   413.5
11.7000    -108494.6370 -108495.3358       0.6988   337.9
11.7500    -108494.6369 -108495.3432       0.7063   341.5
11.8000    -108494.6370 -108495.4909       0.8538   412.9
11.8500    -108494.6370 -108495.5517       0.9146   442.2
11.9000    -108494.6371 -108495.6466       1.0094   488.1
11.9500    -108494.6371 -108495.4545       0.8174   395.2
12.0000    -108494.6367 -108495.3548       0.7181   347.2
12.0500    -108494.6368 -108495.2765       0.6397   309.3
12.1000    -108494.6371 -108495.4675       0.8304   401.5
12.1500    -108494.6372 -108495.4441       0.8070   390.2
12.2000    -108494.6371 -108495.4940       0.8569   414.3
12.2500    -108494.6372 -108495.5969       0.9597   464.0
12.3000    -108494.6370 -108495.6304       0.9934   480.3
12.3500    -108494.6369 -108495.3703       0.7334   354.6
12.4000    -108494.6370 -108495.5371       0.9001   435.2
12.4500    -108494.6371 -108495.4952       0.8581   414.9
12.5000    -108494.6375 -108495.5655       0.9280   448.7
12.5500    -108494.6373 -108495.4987       0.8614   416.5
12.6000    -108494.6370 -108495.3071       0.6701   324.0
12.6500    -108494.6371 -108495.4011       0.7640   369.4
12.7000    -108494.6370 -108495.4406       0.8036   388.6
12.7500    -108494.6371 -108495.5521       0.9150   442.4
12.8000    -108494.6373 -108495.5089       0.8716   421.4
12.8500    -108494.6374 -108495.5661       0.9287   449.0
12.9000    -108494.6376 -108495.5827       0.9451   457.0
12.9500    -108494.6375 -108495.6239       0.9865   477.0
13.0000    -108494.6369 -108495.3878       0.7509   363.1
13.0500    -108494.6369 -108495.2469       0.6100   294.9
13.1000    -108494.6374 -108495.5817       0.9444   456.6
13.1500    -108494.6372 -108495.5680       0.9308   450.1
13.2000    -108494.6369 -108495.5228       0.8859   428.4
13.2500    -108494.6372 -108495.6530       1.0158   491.2
13.3000    -108494.6369 -108495.3830       0.7461   360.7
13.3500    -108494.6369 -108495.4007       0.7638   369.3
13.4000    -108494.6372 -108495.5404       0.9032   436.7
13.4500    -108494.6370 -108495.3961       0.7590   367.0
13.5000    -108494.6368 -108495.2429       0.6061   293.1
13.5500    -108494.6370 -108495.4928       0.8558   413.8
13.6000    -108494.6368 -108495.3334       0.6966   336.8
13.6500    -108494.6368 -108495.4054       0.7686   371.6
13.7000    -108494.6367 -108495.5204       0.8837   427.3
13.7500    -108494.6369 -108495.4189       0.7820   378.1
13.8000    -108494.6373 -108495.5578       0.9206   445.1
13.8500    -108494.6371 -108495.5881       0.9510   459.8
13.9000    -108494.6368 -108495.3021       0.6653   321.7
13.9500    -108494.6367 -108495.4483       0.8116   392.4
14.0000    -108494.6369 -108495.4996       0.8628   417.2
14.0500    -108494.6370 -108495.2751       0.6381   308.5
14.1000    -108494.6369 -108495.4867       0.8498   410.9
14.1500    -108494.6370 -108495.4511       0.8141   393.6
14.2000    -108494.6369 -108495.4403       0.8034   388.4
14.2500    -108494.6371 -108495.4995       0.8624   417.0
14.3000    -108494.6368 -108495.3694       0.7326   354.2
14.3500    -108494.6366 -108495.2218       0.5852   283.0
14.4000    -108494.6369 -108495.3996       0.7627   368.8
14.4500    -108494.6371 -108495.5048       0.8677   419.5
14.5000    -108494.6371 -108495.3542       0.7171   346.8
14.5500    -108494.6368 -108495.4748       0.8380   405.2
14.6000    -108494.6368 -108495.3551       0.7183   347.3
14.6500    -108494.6367 -108495.3194       0.6827   330.1
14.7000    -108494.6368 -108495.3080       0.6713   324.6
14.7500    -108494.6367 -108495.3173       0.6806   329.1
14.8000    -108494.6369 -108495.3666       0.7297   352.8
14.8500    -108494.6369 -108495.6166       0.9797   473.7
14.9000    -108494.6369 -108495.2428       0.6059   292.9
14.9500    -108494.6368 -108495.3711       0.7343   355.0
15.0000    -108494.6368 -108495.4302       0.7934   383.6
15.0500    -108494.6368 -108495.4424       0.8056   389.5
15.1000    -108494.6369 -108495.4357       0.7988   386.3
15.1500    -108494.6369 -108495.4862       0.8493   410.7
15.2000    -108494.6369 -108495.3786       0.7418   358.7
15.2500    -108494.6368 -108495.3413       0.7046   340.7
15.3000    -108494.6368 -108495.3758       0.7390   357.3
15.3500    -108494.6368 -108495.3361       0.6992   338.1
15.4000    -108494.6368 -108495.4064       0.7696   372.1
15.4500    -108494.6371 -108495.5529       0.9158   442.8
15.5000    -108494.6369 -108495.4604       0.8235   398.2
15.5500    -108494.6368 -108495.3287       0.6919   334.5
15.6000    -108494.6366 -108495.4465       0.8099   391.6
15.6500    -108494.6367 -108495.3584       0.7217   348.9
15.7000    -108494.6368 -108495.5463       0.9094   439.7
15.7500    -108494.6370 -108495.5981       0.9611   464.7
15.8000    -108494.6370 -108495.4163       0.7793   376.8
15.8500    -108494.6372 -108495.6085       0.9713   469.7
15.9000    -108494.6371 -108495.5185       0.8814   426.2
15.9500    -108494.6369 -108495.4193       0.7824   378.3
16.0000    -108494.6368 -108495.3915       0.7547   364.9
16.0500    -108494.6372 -108495.5441       0.9069   438.5
16.1000    -108494.6371 -108495.3574       0.7203   348.3
16.1500    -108494.6372 -108495.4901       0.8529   412.4
16.2000    -108494.6373 -108495.5005       0.8632   417.4
16.2500    -108494.6373 -108495.3442       0.7069   341.8
16.3000    -108494.6375 -108495.5819       0.9444   456.6
16.3500    -108494.6371 -108495.4656       0.8285   400.6
16.4000    -108494.6371 -108495.3625       0.7254   350.7
16.4500    -108494.6371 -108495.5382       0.9011   435.7
16.5000    -108494.6373 -108495.5301       0.8928   431.7
16.5500    -108494.6375 -108495.5233       0.8858   428.3
16.6000    -108494.6376 -108495.6806       1.0430   504.3
16.6500    -108494.6373 -108495.4894       0.8521   412.0
16.7000    -108494.6371 -108495.3324       0.6953   336.2
16.7500    -108494.6371 -108495.5285       0.8914   431.0
16.8000    -108494.6371 -108495.5018       0.8647   418.1
16.8500    -108494.6370 -108495.4636       0.8266   399.7
16.9000    -108494.6370 -108495.3602       0.7232   349.7
16.9500    -108494.6370 -108495.2958       0.6588   318.5
17.0000    -108494.6370 -108495.3460       0.7090   342.8
17.0500    -108494.6368 -108495.2972       0.6604   319.3
17.1000    -108494.6371 -108495.4321       0.7950   384.4
17.1500    -108494.6368 -108495.2701       0.6333   306.2
17.2000    -108494.6367 -108495.2166       0.5799   280.4
17.2500    -108494.6369 -108495.5237       0.8868   428.8
17.3000    -108494.6370 -108495.6408       1.0038   485.4
17.3500    -108494.6368 -108495.5270       0.8902   430.4
17.4000    -108494.6368 -108495.5042       0.8674   419.4
17.4500    -108494.6371 -108495.5626       0.9254   447.5
17.5000    -108494.6369 -108495.3458       0.7088   342.7
17.5500    -108494.6366 -108495.4581       0.8215   397.2
17.6000    -108494.6367 -108495.3118       0.6750   326.4
17.6500    -108494.6369 -108495.2199       0.5829   281.9
17.7000    -108494.6368 -108495.4805       0.8437   407.9
17.7500    -108494.6368 -108495.6018       0.9650   466.6
17.8000    -108494.6371 -108495.3058       0.6687   323.3
17.8500    -108494.6369 -108495.3480       0.7111   343.8
17.9000    -108494.6367 -108495.4682       0.8315   402.1
17.9500    -108494.6368 -108495.3659       0.7291   352.5
18.0000    -108494.6369 -108495.5082       0.8713   421.3
18.0500    -108494.6369 -108495.5111       0.8742   422.7
18.1000    -108494.6370 -108495.3881       0.7511   363.2
18.1500    -108494.6371 -108495.5305       0.8934   432.0
18.2000    -108494.6370 -108495.5795       0.9426   455.8
18.2500    -108494.6371 -108495.4416       0.8046   389.0
18.3000    -108494.6372 -108495.5182       0.8810   426.0
18.3500    -108494.6372 -108495.5611       0.9239   446.7
18.4000    -108494.6371 -108495.5218       0.8847   427.8
18.4500    -108494.6371 -108495.4954       0.8583   415.0
18.5000    -108494.6374 -108495.5606       0.9232   446.4
18.5500    -108494.6372 -108495.2904       0.6532   315.8
18.6000    -108494.6371 -108495.5036       0.8665   419.0
18.6500    -108494.6369 -108495.4877       0.8508   411.4
18.7000    -108494.6372 -108495.5210       0.8838   427.3
18.7500    -108494.6369 -108495.4155       0.7785   376.4
18.8000    -108494.6369 -108495.3965       0.7596   367.3
18.8500    -108494.6370 -108495.4180       0.7810   377.6
18.9000    -108494.6373 -108495.5804       0.9431   456.0
18.9500    -108494.6370 -108495.6683       1.0312   498.6
19.0000    -108494.6367 -108495.3280       0.6913   334.2
19.0500    -108494.6368 -108495.3077       0.6709   324.4
19.1000    -108494.6373 -108495.4450       0.8077   390.6
19.1500    -108494.6369 -108495.3652       0.7283   352.2
19.2000    -108494.6368 -108495.5736       0.9368   453.0
19.2500    -108494.6369 -108495.4953       0.8584   415.0
19.3000    -108494.6368 -108495.2952       0.6583   318.3
19.3500    -108494.6366 -108495.4349       0.7983   386.0
19.4000    -108494.6368 -108495.3153       0.6785   328.1
19.4500    -108494.6369 -108495.3238       0.6870   332.2
19.5000    -108494.6368 -108495.5891       0.9523   460.5
19.5500    -108494.6368 -108495.3010       0.6642   321.2
19.6000    -108494.6369 -108495.5057       0.8687   420.1
19.6500    -108494.6369 -108495.5206       0.8837   427.3
19.7000    -108494.6368 -108495.2187       0.5819   281.4
19.7500    -108494.6368 -108495.3152       0.6783   328.0
19.8000    -108494.6370 -108495.5355       0.8986   434.5
19.8500    -108494.6369 -108495.4194       0.7825   378.4
19.9000    -108494.6369 -108495.5027       0.8657   418.6
19.9500    -108494.6370 -108495.5657       0.9287   449.0
20.0000    -108494.6369 -108495.3133       0.6764   327.0
20.0500    -108494.6367 -108495.4217       0.7850   379.6
20.1000    -108494.6371 -108495.6685       1.0315   498.7
20.1500    -108494.6370 -108495.3642       0.7271   351.6
20.2000    -108494.6368 -108495.3623       0.7254   350.8
20.2500    -108494.6367 -108495.3903       0.7536   364.4
20.3000    -108494.6368 -108495.1978       0.5610   271.2
20.3500    -108494.6369 -108495.4219       0.7851   379.6
20.4000    -108494.6368 -108495.4425       0.8057   389.6
20.4500    -108494.6370 -108495.4776       0.8406   406.4
20.5000    -108494.6370 -108495.4929       0.8559   413.8
20.5500    -108494.6369 -108495.5002       0.8633   417.4
20.6000    -108494.6367 -108495.3393       0.7026   339.7
20.6500    -108494.6368 -108495.4092       0.7724   373.5
20.7000    -108494.6369 -108495.4872       0.8502   411.1
20.7500    -108494.6369 -108495.3788       0.7419   358.7
20.8000    -108494.6369 -108495.4202       0.7833   378.7
20.8500    -108494.6371 -108495.5721       0.9349   452.1
20.9000    -108494.6370 -108495.3203       0.6833   330.4
20.9500    -108494.6367 -108495.2341       0.5974   288.8
21.0000    -108494.6369 -108495.5979       0.9610   464.6
21.0500    -108494.6372 -108495.5315       0.8943   432.4
21.1000    -108494.6373 -108495.4771       0.8398   406.1
21.1500    -108494.6372 -108495.5673       0.9301   449.7
21.2000    -108494.6369 -108495.3909       0.7540   364.6
21.2500    -108494.6370 -108495.4027       0.7657   370.2
21.3000    -108494.6369 -108495.3912       0.7543   364.7
21.3500    -108494.6368 -108495.3184       0.6816   329.5
21.4000    -108494.6370 -108495.4346       0.7976   385.7
21.4500    -108494.6369 -108495.5382       0.9013   435.8
21.5000    -108494.6369 -108495.3505       0.7136   345.0
21.5500    -108494.6369 -108495.2163       0.5794   280.2
21.6000    -108494.6372 -108495.5916       0.9544   461.4
21.6500    -108494.6371 -108495.5492       0.9122   441.0
21.7000    -108494.6369 -108495.3892       0.7523   363.8
21.7500    -108494.6367 -108495.3559       0.7192   347.7
21.8000    -108494.6369 -108495.3438       0.7069   341.8
21.8500    -108494.6368 -108495.3425       0.7057   341.2
21.9000    -108494.6370 -108495.4797       0.8428   407.5
21.9500    -108494.6371 -108495.5704       0.9332   451.2
22.0000    -108494.6371 -108495.4647       0.8275   400.1
22.0500    -108494.6369 -108495.3582       0.7214   348.8
22.1000    -108494.6367 -108495.3810       0.7442   359.9
22.1500    -108494.6367 -108495.2621       0.6254   302.4
22.2000    -108494.6369 -108495.2927       0.6559   317.1
22.2500    -108494.6370 -108495.6049       0.9679   468.0
22.3000    -108494.6371 -108495.4998       0.8627   417.1
22.3500    -108494.6368 -108495.3897       0.7529   364.1
22.4000    -108494.6369 -108495.4034       0.7665   370.6
22.4500    -108494.6371 -108495.3639       0.7268   351.4
22.5000    -108494.6372 -108495.4550       0.8178   395.4
22.5500    -108494.6371 -108495.6542       1.0171   491.8
22.6000    -108494.6370 -108495.5950       0.9579   463.2
22.6500    -108494.6369 -108495.3197       0.6828   330.2
22.7000    -108494.6367 -108495.3525       0.7158   346.1
22.7500    -108494.6370 -108495.4764       0.8394   405.9
22.8000    -108494.6373 -108495.4957       0.8584   415.1
22.8500    -108494.6372 -108495.5610       0.9238   446.7
22.9000    -108494.6369 -108495.3408       0.7039   340.3
22.9500    -108494.6367 -108495.3015       0.6649   321.5
23.0000    -108494.6371 -108495.4397       0.8026   388.1
23.0500    -108494.6372 -108495.3653       0.7281   352.1
23.1000    -108494.6370 -108495.4325       0.7955   384.6
23.1500    -108494.6372 -108495.4569       0.8196   396.3
23.2000    -108494.6368 -108495.3040       0.6671   322.6
23.2500    -108494.6366 -108495.3805       0.7439   359.7
23.3000    -108494.6371 -108495.4675       0.8305   401.6
23.3500    -108494.6371 -108495.3493       0.7122   344.4
23.4000    -108494.6371 -108495.4716       0.8345   403.5
23.4500    -108494.6371 -108495.6103       0.9732   470.5
23.5000    -108494.6366 -108495.2890       0.6524   315.5
23.5500    -108494.6373 -108495.5401       0.9029   436.6
23.6000    -108494.6372 -108495.5188       0.8816   426.3
23.6500    -108494.6368 -108495.2514       0.6146   297.2
23.7000    -108494.6373 -108495.5843       0.9470   457.9
23.7500    -108494.6371 -108495.4489       0.8119   392.5
23.8000    -108494.6370 -108495.2631       0.6261   302.7
23.8500    -108494.6369 -108495.4217       0.7848   379.5
23.9000    -108494.6369 -108495.4634       0.8265   399.7
23.9500    -108494.6370 -108495.3668       0.7297   352.8
24.0000    -108494.6369 -108495.2846       0.6477   313.2
24.0500    -108494.6367 -108495.2627       0.6260   302.7
24.1000    -108494.6371 -108495.4112       0.7741   374.3
24.1500    -108494.6371 -108495.5093       0.8723   421.8
24.2000    -108494.6369 -108495.4107       0.7738   374.1
24.2500    -108494.6371 -108495.4777       0.8406   406.4
24.3000    -108494.6369 -108495.2591       0.6222   300.9
24.3500    -108494.6371 -108495.5491       0.9120   441.0
24.4000    -108494.6371 -108495.5950       0.9580   463.2
24.4500    -108494.6369 -108495.4882       0.8513   411.6
24.5000    -108494.6371 -108495.6683       1.0312   498.6
24.5500    -108494.6371 -108495.3493       0.7123   344.4
24.6000    -108494.6374 -108495.3557       0.7183   347.3
24.6500    -108494.6369 -108495.4385       0.8016   387.6
24.7000    -108494.6368 -108495.3338       0.6971   337.0
24.7500    -108494.6371 -108495.4857       0.8486   410.3
24.8000    -108494.6373 -108495.4535       0.8162   394.6
24.8500    -108494.6369 -108495.1723       0.5354   258.9
24.9000    -108494.6367 -108495.2644       0.6276   303.5
24.9500    -108494.6370 -108495.3767       0.7397   357.6
25.0000    -108494.6370 -108495.3929       0.7559   365.5
