Time[ps]      Etot[eV]     Epot[eV]     Ekin[eV]    T[K]
0.0000     -422352.1329 -422352.5896       0.4567   441.6
0.0500     -422352.1329 -422352.6897       0.5568   538.4
0.1000     -422352.1329 -422352.7737       0.6408   619.7
0.1500     -422352.1330 -422352.7578       0.6248   604.2
0.2000     -422352.1329 -422352.6700       0.5371   519.4
0.2500     -422352.1329 -422352.4808       0.3480   336.5
0.3000     -422352.1329 -422352.6993       0.5664   547.8
0.3500     -422352.1329 -422352.7418       0.6089   588.8
0.4000     -422352.1329 -422352.7770       0.6441   622.8
0.4500     -422352.1329 -422352.6253       0.4924   476.2
0.5000     -422352.1329 -422352.5470       0.4141   400.5
0.5500     -422352.1329 -422352.6508       0.5180   500.9
0.6000     -422352.1330 -422352.8861       0.7531   728.3
0.6500     -422352.1329 -422352.6676       0.5347   517.1
0.7000     -422352.1330 -422352.6580       0.5251   507.8
0.7500     -422352.1329 -422352.7150       0.5821   562.9
0.8000     -422352.1329 -422352.6635       0.5306   513.1
0.8500     -422352.1330 -422352.7903       0.6573   635.7
0.9000     -422352.1329 -422352.6498       0.5169   499.9
0.9500     -422352.1330 -422352.7369       0.6039   584.0
1.0000     -422352.1329 -422352.6691       0.5362   518.6
1.0500     -422352.1329 -422352.7515       0.6186   598.2
1.1000     -422352.1329 -422352.7884       0.6555   633.9
1.1500     -422352.1329 -422352.4862       0.3533   341.7
1.2000     -422352.1329 -422352.6875       0.5546   536.3
1.2500     -422352.1328 -422352.6941       0.5612   542.8
1.3000     -422352.1329 -422352.7468       0.6139   593.7
1.3500     -422352.1328 -422352.6770       0.5442   526.2
1.4000     -422352.1328 -422352.5055       0.3726   360.3
1.4500     -422352.1329 -422352.6174       0.4845   468.5
1.5000     -422352.1329 -422352.7887       0.6558   634.2
1.5500     -422352.1329 -422352.7625       0.6296   608.8
1.6000     -422352.1329 -422352.6471       0.5142   497.2
1.6500     -422352.1329 -422352.5560       0.4231   409.2
1.7000     -422352.1330 -422352.7495       0.6165   596.2
1.7500     -422352.1329 -422352.8033       0.6704   648.3
1.8000     -422352.1329 -422352.6320       0.4991   482.6
1.8500     -422352.1329 -422352.7516       0.6187   598.3
1.9000     -422352.1329 -422352.6818       0.5489   530.8
1.9500     -422352.1330 -422352.7113       0.5783   559.2
2.0000     -422352.1329 -422352.7463       0.6134   593.2
2.0500     -422352.1329 -422352.6711       0.5382   520.5
2.1000     -422352.1329 -422352.5953       0.4624   447.2
2.1500     -422352.1329 -422352.6059       0.4730   457.5
2.2000     -422352.1329 -422352.7762       0.6433   622.1
2.2500     -422352.1329 -422352.7353       0.6024   582.5
2.3000     -422352.1329 -422352.4741       0.3413   330.0
2.3500     -422352.1328 -422352.5951       0.4623   447.0
2.4000     -422352.1329 -422352.6633       0.5304   512.9
2.4500     -422352.1329 -422352.8082       0.6753   653.0
2.5000     -422352.1330 -422352.8274       0.6944   671.5
2.5500     -422352.1329 -422352.5125       0.3796   367.1
2.6000     -422352.1329 -422352.5793       0.4464   431.7
2.6500     -422352.1329 -422352.7903       0.6574   635.7
2.7000     -422352.1329 -422352.7758       0.6429   621.8
2.7500     -422352.1330 -422352.7213       0.5884   569.0
2.8000     -422352.1329 -422352.5802       0.4474   432.6
2.8500     -422352.1330 -422352.7700       0.6370   616.0
2.9000     -422352.1329 -422352.6526       0.5197   502.6
2.9500     -422352.1329 -422352.7434       0.6105   590.4
3.0000     -422352.1329 -422352.6856       0.5527   534.5
3.0500     -422352.1329 -422352.5276       0.3948   381.7
3.1000     -422352.1329 -422352.7618       0.6288   608.1
3.1500     -422352.1328 -422352.6825       0.5497   531.6
3.2000     -422352.1329 -422352.6140       0.4811   465.2
3.2500     -422352.1329 -422352.5546       0.4218   407.9
3.3000     -422352.1329 -422352.6891       0.5562   537.9
3.3500     -422352.1329 -422352.7981       0.6651   643.2
3.4000     -422352.1329 -422352.6736       0.5407   522.9
3.4500     -422352.1330 -422352.7164       0.5835   564.2
3.5000     -422352.1329 -422352.5722       0.4394   424.9
3.5500     -422352.1329 -422352.6912       0.5582   539.8
3.6000     -422352.1330 -422352.8616       0.7286   704.6
3.6500     -422352.1330 -422352.7908       0.6579   636.2
3.7000     -422352.1329 -422352.6130       0.4800   464.2
3.7500     -422352.1329 -422352.5632       0.4303   416.1
3.8000     -422352.1329 -422352.7555       0.6226   602.1
3.8500     -422352.1330 -422352.8106       0.6776   655.3
3.9000     -422352.1329 -422352.7472       0.6143   594.1
3.9500     -422352.1329 -422352.6084       0.4755   459.8
4.0000     -422352.1329 -422352.5884       0.4555   440.5
4.0500     -422352.1329 -422352.7192       0.5863   567.0
4.1000     -422352.1329 -422352.7304       0.5975   577.8
4.1500     -422352.1328 -422352.6126       0.4798   464.0
4.2000     -422352.1328 -422352.4869       0.3540   342.4
4.2500     -422352.1329 -422352.7124       0.5795   560.4
4.3000     -422352.1329 -422352.7630       0.6301   609.3
4.3500     -422352.1328 -422352.5511       0.4182   404.5
4.4000     -422352.1329 -422352.6143       0.4813   465.5
4.4500     -422352.1329 -422352.6690       0.5361   518.4
4.5000     -422352.1329 -422352.7426       0.6097   589.6
4.5500     -422352.1329 -422352.8426       0.7097   686.3
4.6000     -422352.1329 -422352.6598       0.5269   509.5
4.6500     -422352.1329 -422352.5925       0.4596   444.5
4.7000     -422352.1329 -422352.6167       0.4839   467.9
4.7500     -422352.1330 -422352.8363       0.7033   680.2
4.8000     -422352.1329 -422352.8046       0.6718   649.6
4.8500     -422352.1329 -422352.5737       0.4408   426.2
4.9000     -422352.1328 -422352.6222       0.4894   473.2
4.9500     -422352.1329 -422352.6026       0.4697   454.2
5.0000     -422352.1330 -422352.8255       0.6925   669.7
5.0500     -422352.1329 -422352.7847       0.6518   630.3
5.1000     -422352.1329 -422352.5151       0.3822   369.6
5.1500     -422352.1328 -422352.6579       0.5251   507.8
5.2000     -422352.1329 -422352.6724       0.5394   521.7
5.2500     -422352.1329 -422352.7035       0.5707   551.8
5.3000     -422352.1329 -422352.6574       0.5245   507.2
5.3500     -422352.1329 -422352.5564       0.4235   409.6
5.4000     -422352.1329 -422352.8281       0.6952   672.3
5.4500     -422352.1330 -422352.7159       0.5829   563.7
5.5000     -422352.1329 -422352.6718       0.5389   521.2
5.5500     -422352.1330 -422352.6915       0.5585   540.1
5.6000     -422352.1329 -422352.6031       0.4702   454.7
5.6500     -422352.1329 -422352.7467       0.6138   593.6
5.7000     -422352.1329 -422352.8369       0.7039   680.7
5.7500     -422352.1329 -422352.6463       0.5133   496.4
5.8000     -422352.1330 -422352.6893       0.5563   538.0
5.8500     -422352.1329 -422352.5486       0.4157   402.0
5.9000     -422352.1329 -422352.8444       0.7114   688.0
5.9500     -422352.1329 -422352.7335       0.6006   580.8
6.0000     -422352.1329 -422352.6593       0.5264   509.0
6.0500     -422352.1329 -422352.6429       0.5100   493.2
6.1000     -422352.1328 -422352.4990       0.3662   354.1
6.1500     -422352.1329 -422352.7678       0.6349   614.0
6.2000     -422352.1329 -422352.7043       0.5714   552.6
6.2500     -422352.1329 -422352.5788       0.4459   431.2
6.3000     -422352.1329 -422352.7236       0.5908   571.3
6.3500     -422352.1329 -422352.7050       0.5721   553.2
6.4000     -422352.1329 -422352.7407       0.6078   587.7
6.4500     -422352.1330 -422352.6774       0.5445   526.5
6.5000     -422352.1329 -422352.6374       0.5044   487.8
6.5500     -422352.1329 -422352.7887       0.6558   634.2
6.6000     -422352.1330 -422352.8245       0.6916   668.8
6.6500     -422352.1329 -422352.6758       0.5429   525.0
6.7000     -422352.1329 -422352.5645       0.4316   417.3
6.7500     -422352.1329 -422352.5770       0.4441   429.4
6.8000     -422352.1329 -422352.8373       0.7044   681.2
6.8500     -422352.1329 -422352.8625       0.7296   705.5
6.9000     -422352.1329 -422352.6054       0.4725   456.9
6.9500     -422352.1330 -422352.6452       0.5123   495.4
7.0000     -422352.1329 -422352.6173       0.4844   468.5
7.0500     -422352.1329 -422352.7273       0.5944   574.9
7.1000     -422352.1329 -422352.7675       0.6346   613.7
7.1500     -422352.1329 -422352.5991       0.4662   450.8
7.2000     -422352.1329 -422352.6464       0.5134   496.5
7.2500     -422352.1329 -422352.6202       0.4873   471.2
7.3000     -422352.1329 -422352.7445       0.6116   591.4
7.3500     -422352.1329 -422352.7575       0.6246   604.0
7.4000     -422352.1329 -422352.5660       0.4332   418.9
7.4500     -422352.1329 -422352.7061       0.5732   554.3
7.5000     -422352.1329 -422352.6760       0.5431   525.2
7.5500     -422352.1329 -422352.7530       0.6201   599.7
7.6000     -422352.1329 -422352.7170       0.5840   564.8
7.6500     -422352.1329 -422352.5242       0.3913   378.4
7.7000     -422352.1330 -422352.7814       0.6484   627.0
7.7500     -422352.1329 -422352.8140       0.6811   658.7
7.8000     -422352.1329 -422352.6828       0.5498   531.7
7.8500     -422352.1329 -422352.6324       0.4995   483.1
7.9000     -422352.1329 -422352.4864       0.3535   341.9
7.9500     -422352.1330 -422352.8832       0.7503   725.5
8.0000     -422352.1329 -422352.7741       0.6412   620.1
8.0500     -422352.1328 -422352.6212       0.4884   472.3
8.1000     -422352.1328 -422352.5708       0.4379   423.5
8.1500     -422352.1329 -422352.5658       0.4329   418.7
8.2000     -422352.1329 -422352.7416       0.6087   588.6
8.2500     -422352.1329 -422352.8783       0.7454   720.8
8.3000     -422352.1329 -422352.5069       0.3741   361.7
8.3500     -422352.1329 -422352.7464       0.6135   593.2
8.4000     -422352.1329 -422352.7187       0.5858   566.5
8.4500     -422352.1329 -422352.7031       0.5702   551.4
8.5000     -422352.1329 -422352.7115       0.5786   559.5
8.5500     -422352.1329 -422352.5847       0.4518   436.9
8.6000     -422352.1330 -422352.7513       0.6183   597.9
8.6500     -422352.1329 -422352.7799       0.6471   625.7
8.7000     -422352.1329 -422352.6854       0.5524   534.2
8.7500     -422352.1329 -422352.7467       0.6138   593.5
8.8000     -422352.1329 -422352.4644       0.3316   320.6
8.8500     -422352.1329 -422352.8114       0.6785   656.2
8.9000     -422352.1329 -422352.7524       0.6196   599.1
8.9500     -422352.1329 -422352.6433       0.5104   493.6
9.0000     -422352.1329 -422352.6293       0.4964   480.1
9.0500     -422352.1329 -422352.5271       0.3943   381.3
9.1000     -422352.1329 -422352.7083       0.5754   556.4
9.1500     -422352.1330 -422352.8716       0.7386   714.3
9.2000     -422352.1329 -422352.5910       0.4581   443.0
9.2500     -422352.1329 -422352.6618       0.5289   511.5
9.3000     -422352.1329 -422352.6564       0.5235   506.3
9.3500     -422352.1329 -422352.7956       0.6627   640.8
9.4000     -422352.1330 -422352.8122       0.6793   656.9
9.4500     -422352.1329 -422352.4768       0.3439   332.6
9.5000     -422352.1329 -422352.7590       0.6260   605.4
9.5500     -422352.1329 -422352.7774       0.6445   623.2
9.6000     -422352.1329 -422352.6782       0.5452   527.3
9.6500     -422352.1329 -422352.6830       0.5502   532.0
9.7000     -422352.1329 -422352.4956       0.3627   350.7
9.7500     -422352.1329 -422352.7655       0.6326   611.7
9.8000     -422352.1329 -422352.8007       0.6678   645.8
9.8500     -422352.1329 -422352.6427       0.5098   493.0
9.9000     -422352.1329 -422352.6180       0.4851   469.2
9.9500     -422352.1329 -422352.5427       0.4098   396.3
10.0000    -422352.1329 -422352.7362       0.6033   583.5
10.0500    -422352.1329 -422352.7616       0.6287   608.0
10.1000    -422352.1329 -422352.6548       0.5219   504.7
10.1500    -422352.1329 -422352.6609       0.5280   510.6
10.2000    -422352.1329 -422352.6060       0.4731   457.5
10.2500    -422352.1329 -422352.7366       0.6037   583.8
10.3000    -422352.1329 -422352.7717       0.6388   617.7
10.3500    -422352.1329 -422352.6061       0.4733   457.7
10.4000    -422352.1329 -422352.6516       0.5187   501.6
10.4500    -422352.1329 -422352.7440       0.6111   590.9
10.5000    -422352.1330 -422352.7966       0.6637   641.8
10.5500    -422352.1328 -422352.5994       0.4665   451.2
10.6000    -422352.1329 -422352.5323       0.3995   386.3
10.6500    -422352.1329 -422352.6794       0.5465   528.5
10.7000    -422352.1329 -422352.7457       0.6128   592.6
10.7500    -422352.1329 -422352.8043       0.6713   649.2
10.8000    -422352.1329 -422352.6342       0.5013   484.8
10.8500    -422352.1329 -422352.4842       0.3513   339.7
10.9000    -422352.1328 -422352.6566       0.5237   506.5
10.9500    -422352.1329 -422352.8561       0.7231   699.3
11.0000    -422352.1329 -422352.7415       0.6086   588.5
11.0500    -422352.1329 -422352.6031       0.4702   454.7
11.1000    -422352.1329 -422352.6142       0.4813   465.4
11.1500    -422352.1329 -422352.6706       0.5377   520.0
11.2000    -422352.1330 -422352.8498       0.7168   693.2
11.2500    -422352.1329 -422352.7436       0.6107   590.5
11.3000    -422352.1330 -422352.6115       0.4786   462.8
11.3500    -422352.1329 -422352.6088       0.4759   460.2
11.4000    -422352.1329 -422352.7446       0.6117   591.5
11.4500    -422352.1329 -422352.8025       0.6695   647.5
11.5000    -422352.1329 -422352.5532       0.4203   406.5
11.5500    -422352.1329 -422352.6677       0.5348   517.2
11.6000    -422352.1328 -422352.6564       0.5236   506.3
11.6500    -422352.1329 -422352.6661       0.5332   515.7
11.7000    -422352.1329 -422352.7389       0.6060   586.0
11.7500    -422352.1328 -422352.5389       0.4061   392.7
11.8000    -422352.1329 -422352.6039       0.4710   455.4
11.8500    -422352.1329 -422352.7150       0.5822   563.0
11.9000    -422352.1329 -422352.7860       0.6531   631.6
11.9500    -422352.1329 -422352.6667       0.5338   516.2
12.0000    -422352.1328 -422352.4751       0.3422   331.0
12.0500    -422352.1330 -422352.6838       0.5508   532.7
12.1000    -422352.1329 -422352.7589       0.6261   605.4
12.1500    -422352.1329 -422352.6846       0.5516   533.5
12.2000    -422352.1330 -422352.8587       0.7257   701.7
12.2500    -422352.1329 -422352.5853       0.4524   437.5
12.3000    -422352.1330 -422352.7148       0.5818   562.6
12.3500    -422352.1329 -422352.7452       0.6123   592.1
12.4000    -422352.1330 -422352.7070       0.5741   555.1
12.4500    -422352.1330 -422352.7819       0.6489   627.5
12.5000    -422352.1329 -422352.5679       0.4350   420.7
12.5500    -422352.1330 -422352.7989       0.6659   643.9
12.6000    -422352.1329 -422352.6838       0.5509   532.7
12.6500    -422352.1329 -422352.6111       0.4781   462.4
12.7000    -422352.1328 -422352.7192       0.5864   567.1
12.7500    -422352.1329 -422352.5337       0.4009   387.7
12.8000    -422352.1328 -422352.6993       0.5665   547.8
12.8500    -422352.1329 -422352.6621       0.5292   511.8
12.9000    -422352.1328 -422352.5182       0.3854   372.7
12.9500    -422352.1329 -422352.5528       0.4199   406.1
13.0000    -422352.1329 -422352.8095       0.6766   654.3
13.0500    -422352.1328 -422352.7119       0.5790   559.9
13.1000    -422352.1330 -422352.6844       0.5514   533.3
13.1500    -422352.1329 -422352.5719       0.4389   424.5
13.2000    -422352.1330 -422352.7356       0.6026   582.8
13.2500    -422352.1329 -422352.7274       0.5945   574.9
13.3000    -422352.1329 -422352.7602       0.6274   606.7
13.3500    -422352.1330 -422352.7784       0.6454   624.1
13.4000    -422352.1329 -422352.5497       0.4169   403.1
13.4500    -422352.1330 -422352.7748       0.6418   620.7
13.5000    -422352.1329 -422352.7106       0.5778   558.8
13.5500    -422352.1329 -422352.6886       0.5557   537.3
13.6000    -422352.1330 -422352.6759       0.5429   525.0
13.6500    -422352.1328 -422352.5687       0.4358   421.5
13.7000    -422352.1329 -422352.7668       0.6339   613.0
13.7500    -422352.1328 -422352.6370       0.5041   487.5
13.8000    -422352.1329 -422352.6107       0.4778   462.1
13.8500    -422352.1328 -422352.5401       0.4073   393.9
13.9000    -422352.1329 -422352.6319       0.4990   482.6
13.9500    -422352.1329 -422352.7988       0.6659   644.0
14.0000    -422352.1329 -422352.6902       0.5573   538.9
14.0500    -422352.1329 -422352.5671       0.4342   419.9
14.1000    -422352.1329 -422352.5616       0.4287   414.6
14.1500    -422352.1330 -422352.8156       0.6826   660.1
14.2000    -422352.1330 -422352.7711       0.6381   617.1
14.2500    -422352.1330 -422352.7670       0.6341   613.2
14.3000    -422352.1329 -422352.6324       0.4994   483.0
14.3500    -422352.1329 -422352.5894       0.4564   441.4
14.4000    -422352.1329 -422352.7008       0.5678   549.1
14.4500    -422352.1330 -422352.9199       0.7869   761.0
14.5000    -422352.1328 -422352.6129       0.4801   464.3
14.5500    -422352.1329 -422352.6005       0.4676   452.2
14.6000    -422352.1329 -422352.6598       0.5269   509.6
14.6500    -422352.1329 -422352.6731       0.5403   522.5
14.7000    -422352.1328 -422352.6086       0.4758   460.1
14.7500    -422352.1328 -422352.6162       0.4834   467.4
14.8000    -422352.1328 -422352.5645       0.4317   417.5
14.8500    -422352.1329 -422352.7013       0.5684   549.7
14.9000    -422352.1329 -422352.7588       0.6258   605.2
14.9500    -422352.1329 -422352.6315       0.4986   482.2
15.0000    -422352.1330 -422352.6169       0.4839   468.0
15.0500    -422352.1329 -422352.7088       0.5759   556.9
15.1000    -422352.1329 -422352.7867       0.6537   632.2
15.1500    -422352.1330 -422352.7803       0.6473   626.0
15.2000    -422352.1329 -422352.5888       0.4559   440.9
15.2500    -422352.1329 -422352.6956       0.5627   544.2
15.3000    -422352.1329 -422352.6867       0.5538   535.5
15.3500    -422352.1329 -422352.7444       0.6115   591.3
15.4000    -422352.1329 -422352.7286       0.5957   576.1
15.4500    -422352.1329 -422352.5167       0.3839   371.2
15.5000    -422352.1329 -422352.6043       0.4714   455.9
15.5500    -422352.1329 -422352.7290       0.5961   576.4
15.6000    -422352.1329 -422352.6862       0.5533   535.0
15.6500    -422352.1328 -422352.5756       0.4428   428.2
15.7000    -422352.1329 -422352.6562       0.5232   506.0
15.7500    -422352.1329 -422352.7210       0.5881   568.7
15.8000    -422352.1329 -422352.6778       0.5448   526.9
15.8500    -422352.1329 -422352.6157       0.4828   466.9
15.9000    -422352.1329 -422352.6992       0.5663   547.6
15.9500    -422352.1330 -422352.6987       0.5657   547.1
16.0000    -422352.1330 -422352.8326       0.6996   676.5
16.0500    -422352.1330 -422352.7832       0.6503   628.8
16.1000    -422352.1329 -422352.5843       0.4513   436.5
16.1500    -422352.1330 -422352.7266       0.5936   574.1
16.2000    -422352.1329 -422352.6493       0.5164   499.4
16.2500    -422352.1329 -422352.7983       0.6654   643.4
16.3000    -422352.1329 -422352.7094       0.5765   557.5
16.3500    -422352.1329 -422352.5161       0.3833   370.6
16.4000    -422352.1329 -422352.6830       0.5501   531.9
16.4500    -422352.1328 -422352.5970       0.4642   448.9
16.5000    -422352.1329 -422352.7496       0.6167   596.4
16.5500    -422352.1330 -422352.7446       0.6116   591.4
16.6000    -422352.1329 -422352.5241       0.3912   378.3
16.6500    -422352.1329 -422352.7170       0.5841   564.9
16.7000    -422352.1329 -422352.6592       0.5263   509.0
16.7500    -422352.1329 -422352.5755       0.4426   428.1
16.8000    -422352.1329 -422352.7622       0.6292   608.5
16.8500    -422352.1328 -422352.6188       0.4860   469.9
16.9000    -422352.1329 -422352.7170       0.5841   564.8
16.9500    -422352.1329 -422352.7400       0.6070   587.0
17.0000    -422352.1329 -422352.6040       0.4711   455.5
17.0500    -422352.1330 -422352.7309       0.5979   578.2
17.1000    -422352.1329 -422352.6359       0.5029   486.4
17.1500    -422352.1330 -422352.8780       0.7451   720.5
17.2000    -422352.1329 -422352.7204       0.5875   568.2
17.2500    -422352.1329 -422352.5428       0.4099   396.4
17.3000    -422352.1329 -422352.7468       0.6140   593.7
17.3500    -422352.1329 -422352.5953       0.4624   447.2
17.4000    -422352.1330 -422352.8563       0.7234   699.5
17.4500    -422352.1328 -422352.6538       0.5210   503.8
17.5000    -422352.1329 -422352.5556       0.4227   408.8
17.5500    -422352.1330 -422352.7420       0.6090   588.9
17.6000    -422352.1329 -422352.6519       0.5190   501.9
17.6500    -422352.1329 -422352.6700       0.5371   519.4
17.7000    -422352.1328 -422352.5689       0.4361   421.7
17.7500    -422352.1329 -422352.6043       0.4714   455.9
17.8000    -422352.1329 -422352.7994       0.6665   644.5
17.8500    -422352.1329 -422352.6126       0.4797   463.9
17.9000    -422352.1329 -422352.6135       0.4807   464.8
17.9500    -422352.1330 -422352.7035       0.5705   551.7
18.0000    -422352.1329 -422352.6521       0.5192   502.1
18.0500    -422352.1330 -422352.8788       0.7458   721.2
18.1000    -422352.1330 -422352.8528       0.7198   696.1
18.1500    -422352.1329 -422352.6088       0.4759   460.2
18.2000    -422352.1330 -422352.6452       0.5122   495.3
18.2500    -422352.1329 -422352.7025       0.5696   550.8
18.3000    -422352.1329 -422352.8219       0.6890   666.3
18.3500    -422352.1329 -422352.6852       0.5523   534.1
18.4000    -422352.1329 -422352.6106       0.4777   462.0
18.4500    -422352.1329 -422352.5958       0.4629   447.7
18.5000    -422352.1329 -422352.7096       0.5767   557.7
18.5500    -422352.1329 -422352.7886       0.6556   634.0
18.6000    -422352.1329 -422352.7068       0.5738   554.9
18.6500    -422352.1329 -422352.5533       0.4204   406.6
18.7000    -422352.1328 -422352.6172       0.4844   468.4
18.7500    -422352.1329 -422352.7256       0.5927   573.2
18.8000    -422352.1329 -422352.6697       0.5367   519.0
18.8500    -422352.1328 -422352.6333       0.5005   484.0
18.9000    -422352.1329 -422352.6128       0.4799   464.1
18.9500    -422352.1329 -422352.6823       0.5494   531.3
19.0000    -422352.1329 -422352.7654       0.6325   611.6
19.0500    -422352.1329 -422352.6284       0.4955   479.2
19.1000    -422352.1330 -422352.5989       0.4659   450.5
19.1500    -422352.1329 -422352.6555       0.5226   505.4
19.2000    -422352.1329 -422352.8470       0.7141   690.6
19.2500    -422352.1329 -422352.8012       0.6682   646.2
19.3000    -422352.1329 -422352.5679       0.4351   420.7
19.3500    -422352.1330 -422352.6650       0.5320   514.5
19.4000    -422352.1329 -422352.6464       0.5136   496.6
19.4500    -422352.1330 -422352.7983       0.6653   643.4
19.5000    -422352.1330 -422352.8618       0.7288   704.8
19.5500    -422352.1329 -422352.6085       0.4755   459.9
19.6000    -422352.1329 -422352.6169       0.4840   468.1
19.6500    -422352.1329 -422352.6586       0.5258   508.4
19.7000    -422352.1329 -422352.6633       0.5304   513.0
19.7500    -422352.1328 -422352.6883       0.5555   537.2
19.8000    -422352.1328 -422352.4911       0.3583   346.5
19.8500    -422352.1328 -422352.6536       0.5208   503.7
19.9000    -422352.1329 -422352.7013       0.5684   549.7
19.9500    -422352.1329 -422352.6077       0.4748   459.2
20.0000    -422352.1329 -422352.7545       0.6216   601.1
20.0500    -422352.1330 -422352.6128       0.4799   464.0
20.1000    -422352.1330 -422352.8276       0.6946   671.7
20.1500    -422352.1330 -422352.8311       0.6981   675.1
20.2000    -422352.1329 -422352.6371       0.5041   487.5
20.2500    -422352.1329 -422352.6449       0.5120   495.1
20.3000    -422352.1329 -422352.6841       0.5512   533.1
20.3500    -422352.1330 -422352.8491       0.7162   692.5
20.4000    -422352.1328 -422352.6412       0.5084   491.7
20.4500    -422352.1329 -422352.5935       0.4606   445.4
20.5000    -422352.1330 -422352.7133       0.5803   561.2
20.5500    -422352.1329 -422352.5954       0.4625   447.3
20.6000    -422352.1329 -422352.7287       0.5958   576.2
20.6500    -422352.1329 -422352.7682       0.6353   614.3
20.7000    -422352.1329 -422352.5831       0.4502   435.3
20.7500    -422352.1329 -422352.6085       0.4757   460.0
20.8000    -422352.1329 -422352.7250       0.5921   572.6
20.8500    -422352.1329 -422352.6654       0.5325   515.0
20.9000    -422352.1330 -422352.8071       0.6741   651.9
20.9500    -422352.1329 -422352.6188       0.4858   469.8
21.0000    -422352.1329 -422352.7336       0.6006   580.9
21.0500    -422352.1330 -422352.7837       0.6507   629.2
21.1000    -422352.1329 -422352.6842       0.5513   533.1
21.1500    -422352.1330 -422352.6786       0.5456   527.6
21.2000    -422352.1329 -422352.6199       0.4870   471.0
21.2500    -422352.1330 -422352.8240       0.6911   668.3
21.3000    -422352.1329 -422352.7772       0.6443   623.1
21.3500    -422352.1329 -422352.5328       0.3999   386.8
21.4000    -422352.1329 -422352.6086       0.4757   460.0
21.4500    -422352.1329 -422352.6945       0.5616   543.1
21.5000    -422352.1329 -422352.7499       0.6170   596.7
21.5500    -422352.1329 -422352.7921       0.6592   637.5
21.6000    -422352.1329 -422352.5477       0.4149   401.2
21.6500    -422352.1329 -422352.5735       0.4407   426.1
21.7000    -422352.1329 -422352.6701       0.5372   519.5
21.7500    -422352.1329 -422352.7205       0.5876   568.2
21.8000    -422352.1328 -422352.7330       0.6002   580.4
21.8500    -422352.1329 -422352.5331       0.4002   387.0
21.9000    -422352.1329 -422352.7123       0.5794   560.3
21.9500    -422352.1329 -422352.7157       0.5828   563.6
22.0000    -422352.1329 -422352.6557       0.5227   505.5
22.0500    -422352.1329 -422352.6967       0.5638   545.2
22.1000    -422352.1329 -422352.5919       0.4589   443.8
22.1500    -422352.1330 -422352.8363       0.7033   680.2
22.2000    -422352.1329 -422352.7353       0.6024   582.5
22.2500    -422352.1330 -422352.6505       0.5176   500.5
22.3000    -422352.1329 -422352.6398       0.5069   490.2
22.3500    -422352.1329 -422352.6131       0.4802   464.4
22.4000    -422352.1330 -422352.8713       0.7384   714.1
22.4500    -422352.1329 -422352.7392       0.6063   586.3
22.5000    -422352.1329 -422352.6315       0.4986   482.1
22.5500    -422352.1329 -422352.5696       0.4367   422.3
22.6000    -422352.1329 -422352.6202       0.4873   471.2
22.6500    -422352.1329 -422352.7024       0.5695   550.7
22.7000    -422352.1330 -422352.8268       0.6938   671.0
22.7500    -422352.1329 -422352.5858       0.4529   438.0
22.8000    -422352.1329 -422352.7038       0.5709   552.1
22.8500    -422352.1329 -422352.7208       0.5879   568.5
22.9000    -422352.1329 -422352.7011       0.5682   549.4
22.9500    -422352.1330 -422352.6839       0.5509   532.7
23.0000    -422352.1329 -422352.6372       0.5043   487.7
23.0500    -422352.1329 -422352.7394       0.6066   586.6
23.1000    -422352.1330 -422352.7446       0.6116   591.4
23.1500    -422352.1329 -422352.6320       0.4991   482.7
23.2000    -422352.1328 -422352.5525       0.4197   405.8
23.2500    -422352.1329 -422352.5945       0.4615   446.3
23.3000    -422352.1329 -422352.7464       0.6135   593.3
23.3500    -422352.1329 -422352.7873       0.6544   632.8
23.4000    -422352.1329 -422352.6352       0.5023   485.8
23.4500    -422352.1329 -422352.5163       0.3835   370.8
23.5000    -422352.1329 -422352.6677       0.5348   517.2
23.5500    -422352.1330 -422352.7878       0.6549   633.3
23.6000    -422352.1329 -422352.8098       0.6769   654.6
23.6500    -422352.1329 -422352.6225       0.4896   473.4
23.7000    -422352.1330 -422352.6911       0.5581   539.7
23.7500    -422352.1329 -422352.6152       0.4824   466.5
23.8000    -422352.1330 -422352.7662       0.6332   612.3
23.8500    -422352.1329 -422352.6841       0.5512   533.0
23.9000    -422352.1329 -422352.5559       0.4230   409.1
23.9500    -422352.1330 -422352.7841       0.6511   629.7
24.0000    -422352.1329 -422352.7115       0.5786   559.6
24.0500    -422352.1329 -422352.6657       0.5328   515.2
24.1000    -422352.1329 -422352.6044       0.4715   456.0
24.1500    -422352.1328 -422352.5572       0.4243   410.4
24.2000    -422352.1329 -422352.7290       0.5961   576.4
24.2500    -422352.1329 -422352.8179       0.6850   662.4
24.3000    -422352.1329 -422352.6509       0.5180   500.9
24.3500    -422352.1329 -422352.6034       0.4705   455.0
24.4000    -422352.1330 -422352.6108       0.4778   462.1
24.4500    -422352.1329 -422352.7893       0.6563   634.7
24.5000    -422352.1330 -422352.8031       0.6701   648.1
24.5500    -422352.1329 -422352.6711       0.5382   520.5
24.6000    -422352.1330 -422352.6307       0.4977   481.3
24.6500    -422352.1329 -422352.6208       0.4879   471.9
24.7000    -422352.1329 -422352.7534       0.6205   600.0
24.7500    -422352.1329 -422352.7443       0.6114   591.2
24.8000    -422352.1329 -422352.5692       0.4363   421.9
24.8500    -422352.1329 -422352.6875       0.5546   536.3
24.9000    -422352.1329 -422352.6764       0.5435   525.6
24.9500    -422352.1329 -422352.7457       0.6127   592.5
25.0000    -422352.1329 -422352.5999       0.4670   451.6
