Time[ps]      Etot[eV]     Epot[eV]     Ekin[eV]    T[K]
0.0000        -158.4145    -159.2797       0.8652   371.9
0.0500        -158.4490    -159.2762       0.8272   355.5
0.1000        -158.4393    -159.2319       0.7926   340.7
0.1500        -158.5885    -159.2435       0.6549   281.5
0.2000        -158.4136    -159.2606       0.8470   364.0
0.2500        -158.3340    -159.2713       0.9374   402.9
0.3000        -158.4279    -159.2680       0.8401   361.1
0.3500        -158.6928    -159.2885       0.5956   256.0
0.4000        -158.3752    -159.2848       0.9096   391.0
0.4500        -158.5665    -159.2450       0.6784   291.6
0.5000        -158.3595    -159.2642       0.9047   388.8
0.5500        -158.6326    -159.2659       0.6334   272.2
0.6000        -158.5876    -159.2724       0.6848   294.3
0.6500        -158.2228    -159.2443       1.0216   439.1
0.7000        -158.5253    -159.2461       0.7208   309.8
0.7500        -158.3984    -159.2528       0.8543   367.2
0.8000        -158.4537    -159.2567       0.8031   345.2
0.8500        -158.6205    -159.2595       0.6390   274.6
0.9000        -158.5425    -159.2649       0.7224   310.5
0.9500        -158.4931    -159.2730       0.7799   335.2
1.0000        -158.5780    -159.2687       0.6908   296.9
1.0500        -158.5119    -159.2646       0.7526   323.5
1.1000        -158.5158    -159.3016       0.7858   337.8
1.1500        -158.5747    -159.2626       0.6878   295.6
1.2000        -158.5061    -159.2622       0.7561   325.0
1.2500        -158.6962    -159.2653       0.5690   244.6
1.3000        -158.4786    -159.2956       0.8170   351.1
1.3500        -158.5294    -159.2852       0.7558   324.8
1.4000        -158.5311    -159.2741       0.7430   319.3
1.4500        -158.7055    -159.2810       0.5755   247.4
1.5000        -158.5372    -159.2923       0.7551   324.5
1.5500        -158.4643    -159.2334       0.7691   330.5
1.6000        -158.4151    -159.2820       0.8669   372.6
1.6500        -158.5378    -159.2870       0.7492   322.0
1.7000        -158.5973    -159.2598       0.6625   284.7
1.7500        -158.3568    -159.2775       0.9208   395.7
1.8000        -158.6232    -159.2863       0.6631   285.0
1.8500        -158.5040    -159.2752       0.7713   331.5
1.9000        -158.2851    -159.2634       0.9783   420.5
1.9500        -158.5832    -159.2751       0.6919   297.4
2.0000        -158.3892    -159.2655       0.8763   376.6
2.0500        -158.5358    -159.2462       0.7104   305.3
2.1000        -158.3437    -159.2520       0.9084   390.4
2.1500        -158.5446    -159.2596       0.7150   307.3
2.2000        -158.3575    -159.2558       0.8982   386.1
2.2500        -158.3891    -159.2601       0.8710   374.4
2.3000        -158.3350    -159.2725       0.9375   402.9
2.3500        -158.3192    -159.2774       0.9582   411.8
2.4000        -158.4117    -159.2589       0.8472   364.1
2.4500        -158.1767    -159.2791       1.1024   473.8
2.5000        -158.5390    -159.2933       0.7544   324.2
2.5500        -158.2540    -159.2607       1.0067   432.7
2.6000        -158.3166    -159.2514       0.9349   401.8
2.6500        -158.3670    -159.2628       0.8958   385.0
2.7000        -158.3775    -159.2494       0.8718   374.7
2.7500        -158.4092    -159.2517       0.8425   362.1
2.8000        -158.4632    -159.2523       0.7891   339.1
2.8500        -158.4289    -159.2586       0.8297   356.6
2.9000        -158.4412    -159.2412       0.8000   343.8
2.9500        -158.4301    -159.2392       0.8091   347.8
3.0000        -158.4025    -159.2564       0.8539   367.0
3.0500        -158.2843    -159.2503       0.9660   415.2
3.1000        -158.2705    -159.2566       0.9861   423.8
3.1500        -158.0464    -159.2681       1.2217   525.1
3.2000        -158.2104    -159.2554       1.0450   449.1
3.2500        -158.1738    -159.2731       1.0993   472.5
3.3000        -158.1448    -159.2776       1.1328   486.9
3.3500        -157.9016    -159.2839       1.3824   594.1
3.4000        -158.1913    -159.3044       1.1131   478.4
3.4500        -158.3247    -159.2872       0.9626   413.7
3.5000        -158.2204    -159.2769       1.0565   454.1
3.5500        -158.1354    -159.2751       1.1398   489.9
3.6000        -158.2552    -159.2682       1.0130   435.4
3.6500        -158.1805    -159.2830       1.1025   473.9
3.7000        -158.0615    -159.2725       1.2110   520.5
3.7500        -158.0419    -159.2797       1.2378   532.0
3.8000        -158.1756    -159.3104       1.1348   487.7
3.8500        -158.1688    -159.2845       1.1157   479.5
3.9000        -158.2366    -159.3086       1.0721   460.8
3.9500        -158.1918    -159.2649       1.0731   461.2
4.0000        -158.1645    -159.2653       1.1008   473.1
4.0500        -158.2108    -159.2648       1.0540   453.0
4.1000        -158.2771    -159.2524       0.9753   419.2
4.1500        -157.9138    -159.2374       1.3236   568.9
4.2000        -158.1242    -159.2788       1.1546   496.2
4.2500        -158.1472    -159.2545       1.1073   475.9
4.3000        -158.0894    -159.2768       1.1874   510.4
4.3500        -158.0065    -159.2522       1.2458   535.4
4.4000        -157.9640    -159.2592       1.2951   556.6
4.4500        -158.0509    -159.2919       1.2410   533.4
4.5000        -157.9215    -159.2688       1.3473   579.1
4.5500        -157.9537    -159.2688       1.3151   565.2
4.6000        -157.6620    -159.2875       1.6256   698.7
4.6500        -158.0325    -159.2702       1.2377   531.9
4.7000        -157.9594    -159.2624       1.3031   560.0
4.7500        -157.7973    -159.2476       1.4503   623.3
4.8000        -157.9601    -159.2512       1.2911   554.9
4.8500        -157.9406    -159.2785       1.3379   575.0
4.9000        -157.8636    -159.2859       1.4223   611.3
4.9500        -158.0204    -159.2667       1.2462   535.6
5.0000        -157.9524    -159.2966       1.3443   577.8
5.0500        -158.1068    -159.3088       1.2020   516.6
5.1000        -157.8985    -159.2609       1.3624   585.5
5.1500        -158.0283    -159.2949       1.2666   544.4
5.2000        -158.1425    -159.2750       1.1325   486.7
5.2500        -158.0713    -159.2857       1.2144   521.9
5.3000        -158.0609    -159.2662       1.2053   518.0
5.3500        -157.9487    -159.2799       1.3312   572.1
5.4000        -157.8074    -159.2734       1.4661   630.1
5.4500        -158.0402    -159.2734       1.2332   530.0
5.5000        -158.1618    -159.2905       1.1287   485.1
5.5500        -158.1313    -159.2679       1.1366   488.5
5.6000        -158.0156    -159.2781       1.2625   542.6
5.6500        -157.9099    -159.2886       1.3787   592.6
5.7000        -158.1166    -159.2603       1.1438   491.6
5.7500        -158.1990    -159.2653       1.0663   458.3
5.8000        -158.0835    -159.2798       1.1962   514.1
5.8500        -158.0816    -159.2764       1.1947   513.5
5.9000        -158.2235    -159.3039       1.0804   464.4
5.9500        -158.2616    -159.2666       1.0050   431.9
6.0000        -157.9871    -159.2533       1.2662   544.2
6.0500        -158.0890    -159.2691       1.1801   507.2
6.1000        -158.1092    -159.2536       1.1444   491.9
6.1500        -158.1027    -159.2831       1.1804   507.3
6.2000        -158.0812    -159.2711       1.1899   511.4
6.2500        -158.0166    -159.2635       1.2469   535.9
6.3000        -158.0189    -159.2966       1.2778   549.2
6.3500        -158.0577    -159.2488       1.1911   511.9
6.4000        -157.9952    -159.2703       1.2751   548.0
6.4500        -158.0508    -159.2813       1.2305   528.9
6.5000        -158.1621    -159.2560       1.0939   470.2
6.5500        -157.9107    -159.2736       1.3629   585.8
6.6000        -157.8739    -159.2804       1.4065   604.5
6.6500        -157.9968    -159.2482       1.2514   537.8
6.7000        -157.8542    -159.2891       1.4349   616.7
6.7500        -157.9207    -159.2715       1.3507   580.5
6.8000        -157.9940    -159.2816       1.2877   553.4
6.8500        -157.9586    -159.2786       1.3200   567.3
6.9000        -157.8541    -159.2684       1.4143   607.9
6.9500        -157.8956    -159.2642       1.3686   588.2
7.0000        -157.9069    -159.2775       1.3706   589.1
7.0500        -157.8311    -159.2628       1.4317   615.3
7.1000        -157.7639    -159.2638       1.4999   644.6
7.1500        -157.9586    -159.2543       1.2956   556.9
7.2000        -157.7993    -159.2404       1.4411   619.4
7.2500        -157.7044    -159.2833       1.5789   678.6
7.3000        -157.6990    -159.2786       1.5797   678.9
7.3500        -157.8304    -159.2641       1.4337   616.2
7.4000        -157.7393    -159.2812       1.5418   662.7
7.4500        -157.9205    -159.2458       1.3252   569.6
7.5000        -157.6348    -159.2586       1.6238   697.9
7.5500        -157.7661    -159.2644       1.4983   644.0
7.6000        -157.9355    -159.2564       1.3209   567.7
7.6500        -157.7391    -159.3109       1.5718   675.6
7.7000        -157.7591    -159.2592       1.5001   644.7
7.7500        -157.7844    -159.2569       1.4725   632.9
7.8000        -157.7054    -159.2771       1.5717   675.5
7.8500        -157.8503    -159.2719       1.4216   611.0
7.9000        -157.8548    -159.2468       1.3920   598.3
7.9500        -157.8251    -159.2739       1.4487   622.7
8.0000        -158.0141    -159.2744       1.2604   541.7
8.0500        -157.7923    -159.2599       1.4676   630.8
8.1000        -157.8571    -159.2762       1.4190   609.9
8.1500        -157.9294    -159.2604       1.3310   572.1
8.2000        -157.9900    -159.2317       1.2417   533.7
8.2500        -157.7765    -159.2614       1.4849   638.2
8.3000        -158.1342    -159.2745       1.1403   490.1
8.3500        -157.9413    -159.2658       1.3245   569.3
8.4000        -157.7743    -159.2515       1.4772   634.9
8.4500        -158.0168    -159.2452       1.2284   528.0
8.5000        -157.9239    -159.2511       1.3272   570.4
8.5500        -158.0999    -159.2543       1.1544   496.1
8.6000        -158.1700    -159.2647       1.0947   470.5
8.6500        -157.9936    -159.2882       1.2946   556.4
8.7000        -158.0747    -159.2311       1.1564   497.0
8.7500        -157.8356    -159.2460       1.4105   606.2
8.8000        -158.0492    -159.2409       1.1916   512.2
8.8500        -157.9196    -159.2434       1.3238   569.0
8.9000        -158.0672    -159.2741       1.2069   518.7
8.9500        -158.1442    -159.2685       1.1243   483.2
9.0000        -158.0681    -159.2852       1.2171   523.1
9.0500        -157.9456    -159.2574       1.3117   563.8
9.1000        -158.0940    -159.2883       1.1943   513.3
9.1500        -158.0209    -159.2605       1.2395   532.8
9.2000        -158.0548    -159.2667       1.2120   520.9
9.2500        -158.0592    -159.2764       1.2172   523.2
9.3000        -158.0388    -159.2730       1.2342   530.4
9.3500        -157.8778    -159.2889       1.4111   606.5
9.4000        -157.9161    -159.2663       1.3502   580.3
9.4500        -157.9932    -159.2513       1.2581   540.7
9.5000        -157.8303    -159.2818       1.4514   623.8
9.5500        -157.9217    -159.2696       1.3479   579.3
9.6000        -157.7809    -159.2443       1.4634   629.0
9.6500        -157.6525    -159.2581       1.6056   690.1
9.7000        -157.6982    -159.2775       1.5793   678.8
9.7500        -157.5184    -159.2454       1.7270   742.2
9.8000        -157.7820    -159.2394       1.4573   626.4
9.8500        -157.6119    -159.2665       1.6546   711.1
9.9000        -157.8180    -159.2810       1.4630   628.8
9.9500        -157.7491    -159.2415       1.4925   641.5
10.0000       -157.4928    -159.2549       1.7621   757.3
10.0500       -157.5587    -159.2619       1.7032   732.0
10.1000       -157.6266    -159.2767       1.6500   709.2
10.1500       -157.5364    -159.2644       1.7279   742.7
10.2000       -157.5159    -159.2590       1.7431   749.2
10.2500       -157.4014    -159.2871       1.8857   810.5
10.3000       -157.5966    -159.2634       1.6668   716.4
10.3500       -157.5574    -159.2713       1.7139   736.6
10.4000       -157.5957    -159.2592       1.6635   715.0
10.4500       -157.7412    -159.2498       1.5087   648.4
10.5000       -157.7318    -159.2722       1.5405   662.1
10.5500       -157.6272    -159.2690       1.6418   705.7
10.6000       -157.5977    -159.2754       1.6777   721.1
10.6500       -157.5110    -159.2807       1.7697   760.6
10.7000       -157.3823    -159.2532       1.8708   804.1
10.7500       -157.1908    -159.2715       2.0807   894.3
10.8000       -157.3043    -159.2696       1.9653   844.7
10.8500       -157.4008    -159.2598       1.8590   799.0
10.9000       -157.6322    -159.2833       1.6511   709.7
10.9500       -157.3892    -159.2532       1.8640   801.1
11.0000       -157.6038    -159.2578       1.6540   710.9
11.0500       -157.6366    -159.2708       1.6342   702.4
11.1000       -157.5600    -159.2444       1.6844   723.9
11.1500       -157.4116    -159.2543       1.8427   792.0
11.2000       -157.5055    -159.2587       1.7532   753.5
11.2500       -157.6829    -159.2761       1.5932   684.7
11.3000       -157.7106    -159.2567       1.5461   664.5
11.3500       -157.7898    -159.2391       1.4493   622.9
11.4000       -157.7135    -159.2544       1.5409   662.3
11.4500       -157.8868    -159.2716       1.3848   595.2
11.5000       -157.6556    -159.2566       1.6010   688.1
11.5500       -157.6571    -159.2562       1.5991   687.3
11.6000       -157.7914    -159.2757       1.4843   638.0
11.6500       -157.8456    -159.2322       1.3866   596.0
11.7000       -157.7679    -159.2815       1.5135   650.5
11.7500       -157.6052    -159.2525       1.6473   708.0
11.8000       -157.5805    -159.2657       1.6852   724.3
11.8500       -157.6068    -159.2726       1.6658   716.0
11.9000       -157.6714    -159.2591       1.5878   682.4
11.9500       -157.7784    -159.2423       1.4639   629.2
12.0000       -157.6234    -159.2483       1.6248   698.3
12.0500       -157.7712    -159.2800       1.5089   648.5
12.1000       -157.6622    -159.2554       1.5932   684.8
12.1500       -157.5878    -159.2709       1.6831   723.4
12.2000       -157.7694    -159.2894       1.5200   653.3
12.2500       -157.8308    -159.2986       1.4678   630.9
12.3000       -157.6119    -159.2813       1.6694   717.5
12.3500       -157.7519    -159.2740       1.5221   654.2
12.4000       -157.6383    -159.2878       1.6495   709.0
12.4500       -157.7786    -159.2448       1.4662   630.2
12.5000       -157.8402    -159.2473       1.4071   604.8
12.5500       -157.6622    -159.2516       1.5894   683.1
12.6000       -157.6403    -159.2606       1.6203   696.4
12.6500       -157.4165    -159.2701       1.8537   796.7
12.7000       -157.6480    -159.2497       1.6016   688.4
12.7500       -157.6253    -159.2704       1.6451   707.1
12.8000       -157.7422    -159.2364       1.4942   642.2
12.8500       -157.5869    -159.2468       1.6599   713.4
12.9000       -157.7459    -159.2719       1.5260   655.9
12.9500       -157.7135    -159.2639       1.5504   666.4
13.0000       -157.4932    -159.2697       1.7764   763.5
13.0500       -157.6929    -159.2660       1.5731   676.1
13.1000       -157.9173    -159.2443       1.3270   570.4
13.1500       -157.7801    -159.2369       1.4568   626.1
13.2000       -157.7565    -159.2513       1.4948   642.5
13.2500       -157.7119    -159.2458       1.5339   659.3
13.3000       -157.5690    -159.2647       1.6957   728.8
13.3500       -157.5573    -159.2479       1.6906   726.6
13.4000       -157.4297    -159.2635       1.8338   788.2
13.4500       -157.6124    -159.2586       1.6462   707.5
13.5000       -157.6079    -159.2458       1.6379   704.0
13.5500       -157.4020    -159.2506       1.8486   794.5
13.6000       -157.6073    -159.2572       1.6499   709.1
13.6500       -157.6288    -159.2689       1.6401   704.9
13.7000       -157.5994    -159.2618       1.6623   714.5
13.7500       -157.5749    -159.2512       1.6763   720.5
13.8000       -157.5141    -159.2748       1.7607   756.8
13.8500       -157.4373    -159.2771       1.8398   790.7
13.9000       -157.7063    -159.2371       1.5308   657.9
13.9500       -157.3921    -159.2632       1.8711   804.2
14.0000       -157.8103    -159.2746       1.4643   629.4
14.0500       -157.3413    -159.2839       1.9426   834.9
14.1000       -157.6790    -159.2610       1.5820   679.9
14.1500       -157.7260    -159.2526       1.5266   656.1
14.2000       -157.5795    -159.2857       1.7062   733.3
14.2500       -157.7087    -159.2247       1.5160   651.6
14.3000       -157.6483    -159.2361       1.5878   682.5
14.3500       -157.9665    -159.2562       1.2897   554.3
14.4000       -157.6115    -159.2396       1.6281   699.8
14.4500       -157.6588    -159.2420       1.5832   680.5
14.5000       -157.8644    -159.2793       1.4149   608.1
14.5500       -157.5619    -159.2701       1.7081   734.2
14.6000       -157.5444    -159.2470       1.7026   731.8
14.6500       -157.6341    -159.2711       1.6370   703.6
14.7000       -157.4931    -159.3139       1.8208   782.6
14.7500       -157.3246    -159.2313       1.9067   819.5
14.8000       -157.3346    -159.2775       1.9429   835.1
14.8500       -157.1745    -159.3021       2.1277   914.5
14.9000       -157.3900    -159.2393       1.8493   794.8
14.9500       -157.4128    -159.2549       1.8421   791.7
15.0000       -157.4945    -159.2711       1.7766   763.6
15.0500       -157.4828    -159.2481       1.7653   758.7
15.1000       -157.5827    -159.2505       1.6678   716.8
15.1500       -157.6833    -159.2468       1.5636   672.0
15.2000       -157.5009    -159.2538       1.7529   753.4
15.2500       -157.6063    -159.2875       1.6811   722.6
15.3000       -157.5271    -159.2489       1.7218   740.0
15.3500       -157.2408    -159.2758       2.0349   874.6
15.4000       -157.1121    -159.2744       2.1623   929.3
15.4500       -157.1665    -159.2678       2.1013   903.1
15.5000       -157.1683    -159.2730       2.1047   904.6
15.5500       -157.2117    -159.2460       2.0343   874.3
15.6000       -157.3107    -159.2680       1.9573   841.2
15.6500       -157.5503    -159.2717       1.7214   739.9
15.7000       -157.3624    -159.2719       1.9095   820.7
15.7500       -157.5744    -159.2468       1.6724   718.8
15.8000       -157.4715    -159.2823       1.8108   778.3
15.8500       -157.7277    -159.2871       1.5594   670.2
15.9000       -157.5659    -159.2876       1.7217   740.0
15.9500       -157.4173    -159.2685       1.8512   795.6
16.0000       -157.6694    -159.2598       1.5905   683.6
16.0500       -157.4460    -159.2623       1.8163   780.6
16.1000       -157.3279    -159.2715       1.9436   835.4
16.1500       -157.6309    -159.2563       1.6254   698.6
16.2000       -157.4915    -159.2598       1.7683   760.0
16.2500       -157.7531    -159.2394       1.4863   638.8
16.3000       -157.3943    -159.2633       1.8690   803.3
16.3500       -157.5218    -159.2443       1.7225   740.3
16.4000       -157.4732    -159.2487       1.7754   763.1
16.4500       -157.4467    -159.2718       1.8251   784.4
16.5000       -157.5774    -159.2358       1.6584   712.8
16.5500       -157.3242    -159.2474       1.9232   826.6
16.6000       -157.5975    -159.2443       1.6468   707.8
16.6500       -157.4430    -159.2511       1.8082   777.1
16.7000       -157.4923    -159.2426       1.7503   752.3
16.7500       -157.3781    -159.2264       1.8483   794.4
16.8000       -157.2483    -159.2653       2.0170   866.9
16.8500       -157.4215    -159.2431       1.8216   782.9
16.9000       -157.1102    -159.2651       2.1549   926.2
16.9500       -157.1492    -159.2812       2.1320   916.3
