Time[ps]      Etot[eV]     Epot[eV]     Ekin[eV]    T[K]
0.0000        -159.1054    -159.7819       0.6765   373.8
0.0500        -158.9154    -159.4389       0.5236   289.3
0.1000        -159.2475    -159.8075       0.5600   309.5
0.1500        -158.9874    -159.4251       0.4377   241.9
0.2000        -159.2035    -159.6368       0.4333   239.4
0.2500        -158.9880    -159.5908       0.6028   333.1
0.3000        -158.8858    -159.3896       0.5038   278.4
0.3500        -159.1902    -159.6514       0.4612   254.8
0.4000        -159.3178    -159.7972       0.4794   264.9
0.4500        -159.1801    -159.6888       0.5086   281.1
0.5000        -158.9850    -159.5787       0.5937   328.1
0.5500        -158.9735    -159.4442       0.4707   260.1
0.6000        -159.0162    -159.4380       0.4219   233.1
0.6500        -159.3163    -159.7825       0.4662   257.6
0.7000        -158.9922    -159.5470       0.5548   306.6
0.7500        -158.9059    -159.4022       0.4963   274.3
0.8000        -159.2059    -159.6957       0.4898   270.7
0.8500        -159.1822    -159.6918       0.5096   281.6
0.9000        -159.3203    -159.9212       0.6008   332.0
0.9500        -158.9356    -159.4698       0.5342   295.2
1.0000        -158.9031    -159.3938       0.4907   271.2
1.0500        -159.1570    -159.6297       0.4727   261.2
1.1000        -159.2542    -159.7130       0.4588   253.5
1.1500        -159.3360    -159.9012       0.5652   312.3
1.2000        -158.9749    -159.4731       0.4983   275.3
1.2500        -159.0318    -159.4789       0.4471   247.1
1.3000        -159.2541    -159.7631       0.5090   281.3
1.3500        -159.1339    -159.7216       0.5877   324.8
1.4000        -159.2348    -159.7673       0.5325   294.2
1.4500        -158.9801    -159.4778       0.4977   275.0
1.5000        -159.0892    -159.4496       0.3604   199.2
1.5500        -159.3279    -159.8025       0.4746   262.2
1.6000        -159.2194    -159.7891       0.5698   314.8
1.6500        -159.0570    -159.6374       0.5804   320.7
1.7000        -158.9675    -159.4557       0.4882   269.8
1.7500        -159.1708    -159.6165       0.4458   246.3
1.8000        -159.1714    -159.6792       0.5078   280.6
1.8500        -159.2269    -159.7557       0.5288   292.2
1.9000        -158.9088    -159.4449       0.5361   296.3
1.9500        -159.1149    -159.6661       0.5512   304.6
2.0000        -159.1940    -159.7070       0.5130   283.5
2.0500        -159.1837    -159.7428       0.5591   309.0
2.1000        -159.2609    -159.8318       0.5710   315.5
2.1500        -158.8112    -159.2511       0.4398   243.1
2.2000        -159.1629    -159.6460       0.4831   267.0
2.2500        -159.2038    -159.7504       0.5466   302.0
2.3000        -159.0898    -159.5976       0.5078   280.6
2.3500        -159.2041    -159.7761       0.5719   316.0
2.4000        -158.8437    -159.3179       0.4742   262.0
2.4500        -159.2348    -159.7390       0.5041   278.6
2.5000        -159.2023    -159.7595       0.5572   307.9
2.5500        -159.0954    -159.6762       0.5808   320.9
2.6000        -158.8956    -159.3707       0.4751   262.5
2.6500        -158.9422    -159.3703       0.4282   236.6
2.7000        -159.1354    -159.5457       0.4103   226.7
2.7500        -159.2132    -159.7727       0.5595   309.2
2.8000        -159.0914    -159.6709       0.5795   320.2
2.8500        -158.8327    -159.3447       0.5120   282.9
2.9000        -159.0895    -159.5706       0.4811   265.9
2.9500        -159.0369    -159.4557       0.4187   231.4
3.0000        -159.2390    -159.8374       0.5984   330.7
3.0500        -158.8854    -159.4013       0.5159   285.1
3.1000        -158.8224    -159.3158       0.4934   272.7
3.1500        -159.2055    -159.6216       0.4161   230.0
3.2000        -159.0172    -159.4919       0.4747   262.3
3.2500        -159.2737    -159.9740       0.7003   387.0
3.3000        -158.9247    -159.4497       0.5249   290.1
3.3500        -159.0085    -159.5648       0.5563   307.4
3.4000        -158.9832    -159.3927       0.4095   226.3
3.4500        -159.0124    -159.4900       0.4775   263.9
3.5000        -159.1693    -159.7428       0.5735   316.9
3.5500        -158.8465    -159.3500       0.5035   278.2
3.6000        -159.2495    -159.7962       0.5467   302.1
3.6500        -158.9684    -159.4504       0.4819   266.3
3.7000        -159.0044    -159.5812       0.5768   318.7
3.7500        -159.1930    -159.7678       0.5748   317.6
3.8000        -158.7859    -159.3252       0.5393   298.0
3.8500        -159.0114    -159.5090       0.4976   274.9
3.9000        -159.1464    -159.6612       0.5148   284.5
3.9500        -159.0625    -159.6366       0.5741   317.2
4.0000        -158.9986    -159.5290       0.5304   293.1
4.0500        -159.0528    -159.5037       0.4509   249.2
4.1000        -159.1466    -159.6598       0.5133   283.6
4.1500        -158.9749    -159.5521       0.5772   319.0
4.2000        -159.0622    -159.5721       0.5098   281.7
4.2500        -158.8826    -159.4585       0.5760   318.3
4.3000        -159.0048    -159.5333       0.5285   292.1
4.3500        -159.1378    -159.6411       0.5034   278.2
4.4000        -159.0984    -159.6273       0.5289   292.3
4.4500        -159.0305    -159.5137       0.4832   267.0
4.5000        -159.0009    -159.5652       0.5643   311.8
4.5500        -159.0806    -159.5294       0.4488   248.0
4.6000        -159.1387    -159.7264       0.5877   324.8
4.6500        -159.1184    -159.7417       0.6234   344.5
4.7000        -158.9312    -159.4828       0.5516   304.8
4.7500        -159.0385    -159.5641       0.5257   290.5
4.8000        -159.2516    -159.7812       0.5296   292.7
4.8500        -159.1618    -159.6456       0.4839   267.4
4.9000        -159.2335    -159.7574       0.5239   289.5
4.9500        -158.9251    -159.4214       0.4964   274.3
5.0000        -159.1368    -159.5791       0.4423   244.4
5.0500        -159.0449    -159.5011       0.4562   252.1
5.1000        -159.2568    -159.8204       0.5637   311.5
5.1500        -159.1272    -159.7197       0.5924   327.4
5.2000        -158.9693    -159.5560       0.5866   324.2
5.2500        -159.1652    -159.7234       0.5582   308.5
5.3000        -159.0684    -159.5882       0.5198   287.2
5.3500        -159.2380    -159.8060       0.5680   313.9
5.4000        -159.1088    -159.6755       0.5667   313.1
5.4500        -158.9146    -159.4841       0.5695   314.7
5.5000        -159.1374    -159.6236       0.4862   268.7
5.5500        -159.0417    -159.5282       0.4865   268.8
5.6000        -159.1780    -159.8154       0.6374   352.2
5.6500        -159.0588    -159.6438       0.5850   323.3
5.7000        -158.9503    -159.5560       0.6057   334.7
5.7500        -159.1541    -159.6868       0.5326   294.3
5.8000        -159.0335    -159.4702       0.4368   241.4
5.8500        -159.1122    -159.5543       0.4421   244.3
5.9000        -158.9146    -159.4840       0.5694   314.6
5.9500        -158.9579    -159.5583       0.6004   331.8
6.0000        -159.1586    -159.6710       0.5123   283.1
6.0500        -159.1050    -159.6285       0.5235   289.3
6.1000        -159.1393    -159.7113       0.5721   316.1
6.1500        -158.8861    -159.4889       0.6028   333.1
6.2000        -159.1538    -159.7542       0.6004   331.8
6.2500        -159.1022    -159.7242       0.6220   343.7
6.3000        -159.1307    -159.7038       0.5732   316.7
6.3500        -159.1990    -159.6959       0.4969   274.6
6.4000        -158.8895    -159.3852       0.4957   273.9
6.4500        -159.3072    -159.7835       0.4763   263.2
6.5000        -159.2187    -159.7240       0.5054   279.3
6.5500        -159.0151    -159.5289       0.5139   284.0
6.6000        -158.9834    -159.5924       0.6090   336.5
6.6500        -159.0055    -159.5937       0.5882   325.1
6.7000        -159.0773    -159.5810       0.5038   278.4
6.7500        -159.2904    -159.8150       0.5246   289.9
6.8000        -159.1884    -159.7802       0.5918   327.0
6.8500        -158.9284    -159.4942       0.5658   312.6
6.9000        -159.1527    -159.6196       0.4669   258.0
6.9500        -159.2361    -159.7062       0.4702   259.8
7.0000        -159.0378    -159.5898       0.5519   305.0
7.0500        -159.0352    -159.6521       0.6169   340.9
7.1000        -159.0032    -159.6689       0.6657   367.8
7.1500        -159.0956    -159.6298       0.5342   295.2
7.2000        -159.3225    -159.8421       0.5196   287.1
7.2500        -159.1482    -159.6605       0.5123   283.1
7.3000        -159.0622    -159.6781       0.6160   340.4
7.3500        -158.8723    -159.4199       0.5476   302.6
7.4000        -159.1263    -159.6387       0.5125   283.2
7.4500        -159.1561    -159.7501       0.5940   328.2
7.5000        -159.2039    -159.8379       0.6340   350.4
7.5500        -159.0898    -159.6918       0.6020   332.6
7.6000        -159.0215    -159.6628       0.6413   354.4
7.6500        -159.1951    -159.8328       0.6376   352.4
7.7000        -159.1148    -159.6882       0.5734   316.9
7.7500        -159.1375    -159.7211       0.5836   322.5
7.8000        -158.8850    -159.3711       0.4862   268.6
7.8500        -158.9368    -159.4095       0.4727   261.2
7.9000        -159.2773    -159.7515       0.4742   262.0
7.9500        -159.1048    -159.6319       0.5270   291.2
8.0000        -159.2178    -159.7920       0.5743   317.3
8.0500        -158.9262    -159.4146       0.4884   269.9
8.1000        -158.9722    -159.5400       0.5678   313.8
8.1500        -159.1903    -159.7319       0.5416   299.3
8.2000        -159.1001    -159.6767       0.5766   318.6
8.2500        -159.0535    -159.6310       0.5775   319.1
8.3000        -159.0126    -159.5765       0.5639   311.6
8.3500        -159.2051    -159.6964       0.4913   271.5
8.4000        -159.2426    -159.7838       0.5412   299.0
8.4500        -159.0493    -159.7129       0.6636   366.7
8.5000        -159.0217    -159.5964       0.5747   317.6
8.5500        -158.9360    -159.5175       0.5815   321.3
8.6000        -159.0507    -159.6663       0.6156   340.2
8.6500        -159.2435    -159.8528       0.6093   336.7
8.7000        -158.9423    -159.5185       0.5762   318.4
8.7500        -158.9706    -159.5176       0.5470   302.3
8.8000        -159.2145    -159.7968       0.5823   321.8
8.8500        -159.1630    -159.6534       0.4903   271.0
8.9000        -159.1421    -159.6806       0.5384   297.5
8.9500        -158.9201    -159.4986       0.5785   319.7
9.0000        -158.8288    -159.4327       0.6039   333.7
9.0500        -159.1952    -159.8968       0.7016   387.7
9.1000        -159.1454    -159.7471       0.6017   332.5
9.1500        -159.0966    -159.6132       0.5166   285.5
9.2000        -159.0625    -159.5444       0.4819   266.3
9.2500        -158.9207    -159.3836       0.4629   255.8
9.3000        -159.2747    -159.8358       0.5611   310.1
9.3500        -159.1523    -159.7023       0.5500   303.9
9.4000        -158.9357    -159.4984       0.5627   310.9
9.4500        -158.9858    -159.5521       0.5663   313.0
9.5000        -159.0145    -159.6325       0.6180   341.5
9.5500        -159.1964    -159.8849       0.6885   380.5
9.6000        -159.1914    -159.8307       0.6393   353.3
9.6500        -158.9713    -159.6357       0.6643   367.1
9.7000        -159.0975    -159.6598       0.5623   310.7
9.7500        -159.0048    -159.5671       0.5623   310.7
9.8000        -159.1699    -159.7487       0.5788   319.8
9.8500        -159.0984    -159.7613       0.6629   366.3
9.9000        -158.8327    -159.4098       0.5771   318.9
9.9500        -159.1059    -159.6600       0.5541   306.2
10.0000       -159.1687    -159.7217       0.5529   305.6
10.0500       -159.2112    -159.8004       0.5892   325.6
10.1000       -159.0512    -159.6814       0.6302   348.3
10.1500       -158.8966    -159.4221       0.5255   290.4
10.2000       -159.0853    -159.6955       0.6102   337.2
10.2500       -159.0249    -159.5406       0.5157   285.0
10.3000       -159.2351    -159.7279       0.4929   272.3
10.3500       -159.0145    -159.6483       0.6338   350.3
10.4000       -158.9508    -159.4556       0.5049   279.0
10.4500       -159.1595    -159.8339       0.6744   372.7
10.5000       -159.2198    -159.8298       0.6101   337.1
10.5500       -158.8357    -159.4464       0.6107   337.5
10.6000       -158.9341    -159.5414       0.6073   335.6
10.6500       -159.0199    -159.6100       0.5901   326.1
10.7000       -159.0256    -159.7229       0.6973   385.3
10.7500       -159.3185    -159.8613       0.5428   300.0
10.8000       -158.9564    -159.4883       0.5320   294.0
10.8500       -159.1776    -159.7802       0.6025   333.0
10.9000       -158.9320    -159.5282       0.5962   329.4
10.9500       -159.0769    -159.7166       0.6398   353.5
11.0000       -159.0556    -159.8146       0.7590   419.4
11.0500       -158.8719    -159.5671       0.6953   384.2
11.1000       -159.0533    -159.6405       0.5872   324.5
11.1500       -159.0526    -159.7247       0.6721   371.4
11.2000       -159.1636    -159.7822       0.6185   341.8
11.2500       -159.1557    -159.8000       0.6444   356.1
11.3000       -158.9003    -159.4682       0.5679   313.8
11.3500       -158.9285    -159.5459       0.6174   341.2
11.4000       -158.9626    -159.5369       0.5744   317.4
11.4500       -159.0885    -159.6542       0.5657   312.6
11.5000       -159.0802    -159.7599       0.6797   375.6
11.5500       -158.8592    -159.5245       0.6653   367.7
11.6000       -158.9164    -159.5208       0.6045   334.0
11.6500       -159.0836    -159.6621       0.5786   319.7
11.7000       -159.0924    -159.6007       0.5083   280.9
11.7500       -159.0135    -159.6040       0.5905   326.3
11.8000       -158.8348    -159.3633       0.5285   292.0
11.8500       -158.9148    -159.6203       0.7055   389.8
11.9000       -159.1247    -159.7675       0.6429   355.2
11.9500       -158.9369    -159.5587       0.6218   343.6
12.0000       -159.0407    -159.7740       0.7333   405.2
12.0500       -158.8711    -159.5455       0.6744   372.7
12.1000       -158.8876    -159.5795       0.6918   382.3
12.1500       -159.2232    -159.9073       0.6840   378.0
12.2000       -158.9407    -159.5717       0.6310   348.7
12.2500       -158.8853    -159.3831       0.4978   275.1
12.3000       -158.8475    -159.4263       0.5788   319.8
12.3500       -158.9959    -159.6208       0.6249   345.3
12.4000       -159.0676    -159.6584       0.5908   326.5
12.4500       -158.9650    -159.6104       0.6454   356.7
12.5000       -158.9640    -159.6161       0.6521   360.3
12.5500       -158.9619    -159.6331       0.6712   370.9
12.6000       -159.0747    -159.7552       0.6805   376.0
12.6500       -159.1416    -159.8472       0.7056   389.9
12.7000       -158.9298    -159.5504       0.6206   342.9
12.7500       -158.9423    -159.4753       0.5330   294.5
12.8000       -158.9649    -159.6220       0.6571   363.1
12.8500       -159.1465    -159.7770       0.6305   348.4
12.9000       -159.1760    -159.8315       0.6555   362.2
12.9500       -158.8840    -159.5779       0.6939   383.5
13.0000       -158.9044    -159.6301       0.7256   401.0
13.0500       -159.0726    -159.7869       0.7143   394.7
13.1000       -158.9477    -159.5516       0.6039   333.7
13.1500       -159.0467    -159.6375       0.5908   326.4
13.2000       -158.9667    -159.6141       0.6474   357.8
13.2500       -159.0088    -159.6377       0.6288   347.5
13.3000       -159.2761    -159.9152       0.6391   353.2
13.3500       -159.1125    -159.6615       0.5489   303.3
13.4000       -159.0407    -159.7174       0.6767   373.9
13.4500       -158.8344    -159.4885       0.6541   361.4
13.5000       -158.9272    -159.7224       0.7952   439.4
13.5500       -159.0703    -159.7700       0.6997   386.7
13.6000       -159.0544    -159.6855       0.6310   348.7
13.6500       -159.0064    -159.5681       0.5616   310.4
13.7000       -158.9696    -159.4733       0.5037   278.3
13.7500       -159.0237    -159.7184       0.6946   383.8
13.8000       -158.9434    -159.6103       0.6668   368.5
13.8500       -159.0464    -159.6815       0.6351   351.0
13.9000       -158.9468    -159.6181       0.6713   370.9
13.9500       -158.8815    -159.5738       0.6924   382.6
14.0000       -159.1167    -159.8317       0.7150   395.1
14.0500       -159.0995    -159.8308       0.7313   404.1
14.1000       -158.8415    -159.4977       0.6562   362.6
14.1500       -159.2118    -159.7991       0.5873   324.5
14.2000       -158.8676    -159.4890       0.6213   343.3
14.2500       -158.9702    -159.6120       0.6418   354.7
14.3000       -159.1081    -159.7022       0.5941   328.3
14.3500       -158.8642    -159.6270       0.7628   421.5
14.4000       -158.9935    -159.7509       0.7574   418.6
14.4500       -158.9635    -159.6743       0.7109   392.8
14.5000       -159.0673    -159.7751       0.7078   391.1
14.5500       -159.1336    -159.7277       0.5941   328.3
14.6000       -158.9203    -159.5172       0.5969   329.9
14.6500       -158.9458    -159.5585       0.6127   338.6
14.7000       -158.9433    -159.5910       0.6477   357.9
14.7500       -159.1136    -159.7221       0.6085   336.3
14.8000       -159.0494    -159.6668       0.6174   341.2
14.8500       -158.8338    -159.6101       0.7763   429.0
14.9000       -158.9934    -159.8131       0.8197   453.0
14.9500       -158.9311    -159.7065       0.7753   428.5
15.0000       -159.1513    -159.8317       0.6804   376.0
15.0500       -159.0275    -159.7027       0.6752   373.1
15.1000       -158.8816    -159.4694       0.5878   324.8
15.1500       -158.9724    -159.6203       0.6479   358.0
15.2000       -158.9316    -159.7246       0.7930   438.2
15.2500       -159.1438    -159.8385       0.6946   383.9
15.3000       -159.0710    -159.7945       0.7235   399.8
15.3500       -158.8362    -159.5494       0.7132   394.1
15.4000       -158.9643    -159.6794       0.7151   395.2
15.4500       -158.9674    -159.6913       0.7239   400.0
15.5000       -159.0756    -159.7359       0.6604   364.9
15.5500       -158.9935    -159.6751       0.6816   376.7
15.6000       -158.8728    -159.4527       0.5799   320.5
15.6500       -158.9817    -159.6378       0.6561   362.6
15.7000       -159.0210    -159.7728       0.7518   415.4
15.7500       -159.0927    -159.8416       0.7490   413.9
15.8000       -158.9435    -159.7942       0.8507   470.1
15.8500       -158.9161    -159.6435       0.7274   402.0
15.9000       -158.8661    -159.6196       0.7535   416.4
15.9500       -158.9998    -159.6653       0.6655   367.7
16.0000       -159.0715    -159.7628       0.6914   382.0
16.0500       -159.0208    -159.7310       0.7102   392.5
16.1000       -158.9795    -159.6102       0.6307   348.5
16.1500       -158.9572    -159.6860       0.7288   402.7
16.2000       -159.0256    -159.7425       0.7168   396.1
16.2500       -158.8681    -159.6885       0.8204   453.3
16.3000       -158.9005    -159.6830       0.7825   432.4
16.3500       -158.8562    -159.6118       0.7555   417.5
16.4000       -158.9499    -159.6800       0.7301   403.4
16.4500       -159.3168    -159.9116       0.5948   328.7
16.5000       -158.8913    -159.4966       0.6053   334.5
16.5500       -159.0002    -159.7168       0.7166   396.0
16.6000       -158.8569    -159.5726       0.7157   395.5
16.6500       -158.9164    -159.7275       0.8111   448.2
16.7000       -158.9779    -159.7791       0.8013   442.8
16.7500       -158.8655    -159.6254       0.7599   419.9
16.8000       -158.9285    -159.6234       0.6949   384.0
16.8500       -158.8660    -159.5672       0.7011   387.4
16.9000       -159.1010    -159.8117       0.7107   392.7
16.9500       -158.9506    -159.6550       0.7043   389.2
17.0000       -158.8416    -159.5611       0.7195   397.6
17.0500       -158.8978    -159.5482       0.6504   359.4
17.1000       -158.8056    -159.5450       0.7393   408.6
17.1500       -159.0328    -159.8759       0.8431   465.9
17.2000       -158.9435    -159.7883       0.8448   466.8
17.2500       -158.8771    -159.6455       0.7684   424.6
17.3000       -159.0281    -159.6630       0.6349   350.9
17.3500       -158.9108    -159.5710       0.6602   364.8
17.4000       -159.1165    -159.9003       0.7838   433.1
17.4500       -158.8185    -159.5873       0.7688   424.9
17.5000       -158.7544    -159.4603       0.7059   390.1
17.5500       -158.9427    -159.7477       0.8050   444.9
17.6000       -159.0089    -159.8374       0.8284   457.8
17.6500       -159.0948    -159.8140       0.7192   397.4
17.7000       -158.9652    -159.7527       0.7875   435.2
17.7500       -158.8987    -159.6779       0.7792   430.6
17.8000       -158.8088    -159.5137       0.7049   389.5
17.8500       -159.0091    -159.7458       0.7367   407.1
17.9000       -158.9159    -159.6256       0.7097   392.2
17.9500       -158.8278    -159.5218       0.6940   383.5
18.0000       -158.9580    -159.7458       0.7878   435.3
18.0500       -158.9345    -159.8260       0.8915   492.6
18.1000       -158.9532    -159.7281       0.7749   428.2
18.1500       -159.1066    -159.8599       0.7534   416.3
18.2000       -158.7228    -159.4755       0.7527   415.9
18.2500       -158.8157    -159.4802       0.6645   367.2
18.3000       -158.9036    -159.6726       0.7690   424.9
18.3500       -158.9750    -159.6410       0.6660   368.0
18.4000       -158.9861    -159.7846       0.7985   441.2
18.4500       -158.8401    -159.4874       0.6472   357.7
18.5000       -158.9002    -159.6673       0.7672   423.9
18.5500       -158.9082    -159.7909       0.8828   487.8
18.6000       -159.0065    -159.8059       0.7994   441.7
18.6500       -158.8313    -159.5448       0.7135   394.3
18.7000       -158.8517    -159.5402       0.6885   380.5
18.7500       -158.9080    -159.6129       0.7049   389.5
18.8000       -158.9430    -159.6942       0.7513   415.1
18.8500       -158.9722    -159.7465       0.7743   427.9
18.9000       -158.8620    -159.6576       0.7956   439.6
18.9500       -158.8291    -159.5616       0.7325   404.8
19.0000       -158.9251    -159.7633       0.8381   463.1
19.0500       -158.9713    -159.8037       0.8324   460.0
19.1000       -158.8546    -159.6402       0.7857   434.2
19.1500       -158.9359    -159.7448       0.8088   447.0
19.2000       -158.8632    -159.5809       0.7178   396.6
19.2500       -158.9444    -159.6531       0.7088   391.7
19.3000       -159.0649    -159.7890       0.7241   400.1
19.3500       -158.7797    -159.5488       0.7690   425.0
19.4000       -158.8206    -159.6194       0.7988   441.4
19.4500       -158.8590    -159.6980       0.8390   463.7
19.5000       -158.8833    -159.7243       0.8410   464.7
19.5500       -158.9400    -159.8165       0.8764   484.3
19.6000       -158.8739    -159.5921       0.7182   396.9
19.6500       -158.7605    -159.5981       0.8376   462.9
19.7000       -158.9009    -159.7425       0.8416   465.1
19.7500       -158.9157    -159.7111       0.7954   439.5
19.8000       -159.1019    -159.8472       0.7453   411.8
19.8500       -158.7033    -159.4189       0.7156   395.4
19.9000       -158.7698    -159.5103       0.7405   409.2
19.9500       -158.9517    -159.7721       0.8204   453.3
20.0000       -158.7853    -159.6191       0.8338   460.8
20.0500       -158.9273    -159.7501       0.8228   454.7
20.1000       -158.7406    -159.4088       0.6682   369.2
20.1500       -158.8161    -159.4489       0.6328   349.7
20.2000       -158.9410    -159.7754       0.8344   461.1
20.2500       -158.8647    -159.6312       0.7665   423.6
20.3000       -158.8514    -159.5374       0.6860   379.1
20.3500       -158.7034    -159.4781       0.7747   428.1
20.4000       -158.8566    -159.6154       0.7588   419.3
20.4500       -158.9771    -159.8373       0.8602   475.4
20.5000       -158.8496    -159.7265       0.8768   484.5
20.5500       -158.7979    -159.6734       0.8754   483.8
20.6000       -158.9930    -159.8374       0.8444   466.6
20.6500       -158.7663    -159.5118       0.7455   412.0
20.7000       -158.8518    -159.6376       0.7858   434.2
20.7500       -158.8731    -159.6912       0.8181   452.1
20.8000       -158.7113    -159.5353       0.8241   455.4
20.8500       -159.0230    -159.9626       0.9395   519.2
20.9000       -158.8243    -159.6933       0.8690   480.2
20.9500       -158.9178    -159.7574       0.8395   463.9
21.0000       -158.8337    -159.7423       0.9086   502.1
21.0500       -158.7303    -159.6361       0.9059   500.6
21.1000       -159.0376    -159.8694       0.8318   459.7
21.1500       -158.7423    -159.6272       0.8849   489.0
21.2000       -158.8644    -159.6326       0.7682   424.5
21.2500       -158.8810    -159.6508       0.7698   425.4
21.3000       -158.8794    -159.6979       0.8186   452.3
21.3500       -159.0406    -159.8815       0.8408   464.6
21.4000       -158.7050    -159.5389       0.8339   460.8
21.4500       -158.9311    -159.7074       0.7762   429.0
21.5000       -158.6278    -159.4702       0.8424   465.5
21.5500       -158.8484    -159.6277       0.7793   430.6
21.6000       -158.9233    -159.6599       0.7366   407.0
21.6500       -158.8207    -159.6083       0.7876   435.2
21.7000       -158.9663    -159.7660       0.7996   441.9
21.7500       -158.8345    -159.6571       0.8225   454.5
21.8000       -158.9068    -159.7084       0.8016   443.0
21.8500       -158.8405    -159.7290       0.8885   491.0
21.9000       -158.8757    -159.7062       0.8305   459.0
21.9500       -158.7526    -159.6917       0.9391   518.9
22.0000       -158.7208    -159.7243       1.0036   554.6
22.0500       -158.8636    -159.6873       0.8237   455.2
22.1000       -158.9349    -159.8159       0.8810   486.8
22.1500       -158.8737    -159.7044       0.8307   459.0
22.2000       -158.7963    -159.6320       0.8357   461.8
22.2500       -158.8541    -159.7825       0.9284   513.1
22.3000       -158.7597    -159.6114       0.8517   470.6
22.3500       -158.8438    -159.7522       0.9083   501.9
22.4000       -158.7361    -159.5712       0.8350   461.4
22.4500       -158.7094    -159.6037       0.8943   494.2
22.5000       -158.9581    -159.8698       0.9117   503.8
22.5500       -158.7902    -159.6236       0.8334   460.6
22.6000       -158.8716    -159.6744       0.8028   443.6
22.6500       -158.8080    -159.6247       0.8167   451.3
22.7000       -158.6210    -159.3805       0.7595   419.7
22.7500       -158.9527    -159.7517       0.7990   441.5
22.8000       -158.6576    -159.5523       0.8947   494.4
22.8500       -158.7572    -159.6687       0.9115   503.7
22.9000       -158.8033    -159.6678       0.8645   477.7
22.9500       -158.6605    -159.5188       0.8583   474.3
23.0000       -158.9957    -159.8100       0.8143   450.0
23.0500       -158.8074    -159.6216       0.8142   449.9
23.1000       -158.6294    -159.5525       0.9231   510.1
23.1500       -158.8356    -159.7588       0.9232   510.2
23.2000       -158.5897    -159.4646       0.8749   483.5
23.2500       -158.9702    -159.8632       0.8930   493.4
23.3000       -158.7590    -159.6595       0.9005   497.6
23.3500       -158.8146    -159.7566       0.9419   520.5
23.4000       -158.7335    -159.7125       0.9790   541.0
23.4500       -158.5875    -159.5517       0.9642   532.8
23.5000       -158.8698    -159.7495       0.8797   486.1
23.5500       -158.6920    -159.4978       0.8058   445.3
23.6000       -158.8755    -159.7898       0.9143   505.2
23.6500       -158.5757    -159.3236       0.7479   413.3
23.7000       -158.9337    -159.7624       0.8286   457.9
23.7500       -158.8740    -159.7323       0.8584   474.3
23.8000       -158.5674    -159.3187       0.7513   415.2
23.8500       -158.9441    -159.7594       0.8153   450.5
23.9000       -158.5207    -159.4324       0.9117   503.8
23.9500       -158.7048    -159.5872       0.8824   487.6
24.0000       -158.8684    -159.7920       0.9236   510.4
24.0500       -158.6164    -159.4742       0.8578   474.0
24.1000       -158.7850    -159.6443       0.8593   474.8
24.1500       -158.7279    -159.5659       0.8380   463.1
24.2000       -158.7745    -159.6826       0.9081   501.8
24.2500       -158.7550    -159.7144       0.9594   530.2
24.3000       -158.8510    -159.8053       0.9544   527.4
24.3500       -158.5251    -159.4986       0.9735   538.0
24.4000       -158.7372    -159.7211       0.9839   543.7
24.4500       -158.5499    -159.4418       0.8918   492.8
24.5000       -158.6548    -159.6402       0.9853   544.5
24.5500       -158.8650    -159.7981       0.9331   515.6
24.6000       -158.5924    -159.3422       0.7498   414.3
24.6500       -158.8565    -159.6300       0.7736   427.5
24.7000       -158.5795    -159.3829       0.8035   444.0
24.7500       -158.7885    -159.6207       0.8323   459.9
24.8000       -158.8029    -159.7526       0.9497   524.8
24.8500       -158.5008    -159.4285       0.9277   512.6
24.9000       -158.8715    -159.8535       0.9820   542.7
24.9500       -158.6581    -159.5826       0.9245   510.9
25.0000       -158.7959    -159.7701       0.9741   538.3
