Time[ps]      Etot[eV]     Epot[eV]     Ekin[eV]    T[K]
0.0000     -141162.7414 -141162.9910       0.2496   386.2
0.0500     -141162.7414 -141162.9233       0.1819   281.4
0.1000     -141162.7416 -141163.0611       0.3194   494.3
0.1500     -141162.7417 -141163.0767       0.3350   518.4
0.2000     -141162.7415 -141163.0214       0.2799   433.1
0.2500     -141162.7414 -141162.9418       0.2004   310.1
0.3000     -141162.7415 -141163.0283       0.2868   443.7
0.3500     -141162.7416 -141163.0905       0.3489   539.8
0.4000     -141162.7417 -141163.0543       0.3127   483.8
0.4500     -141162.7414 -141162.9638       0.2224   344.1
0.5000     -141162.7413 -141162.9285       0.1872   289.6
0.5500     -141162.7416 -141163.0778       0.3362   520.1
0.6000     -141162.7417 -141163.0561       0.3144   486.5
0.6500     -141162.7413 -141163.0331       0.2917   451.4
0.7000     -141162.7414 -141162.9287       0.1874   289.9
0.7500     -141162.7416 -141163.0558       0.3142   486.1
0.8000     -141162.7417 -141163.0555       0.3139   485.6
0.8500     -141162.7414 -141163.0556       0.3143   486.2
0.9000     -141162.7415 -141162.9484       0.2068   320.1
0.9500     -141162.7415 -141162.9688       0.2273   351.7
1.0000     -141162.7416 -141163.0278       0.2862   442.9
1.0500     -141162.7415 -141163.0630       0.3215   497.4
1.1000     -141162.7416 -141163.0373       0.2956   457.4
1.1500     -141162.7415 -141162.9657       0.2242   346.9
1.2000     -141162.7415 -141163.0344       0.2929   453.2
1.2500     -141162.7416 -141163.0357       0.2941   455.1
1.3000     -141162.7416 -141163.0708       0.3292   509.4
1.3500     -141162.7414 -141162.9486       0.2072   320.6
1.4000     -141162.7415 -141162.9962       0.2547   394.0
1.4500     -141162.7416 -141162.9824       0.2408   372.5
1.5000     -141162.7415 -141163.1027       0.3612   558.8
1.5500     -141162.7414 -141163.0121       0.2707   418.8
1.6000     -141162.7416 -141163.0210       0.2794   432.4
1.6500     -141162.7416 -141162.9875       0.2459   380.5
1.7000     -141162.7414 -141163.0481       0.3067   474.6
1.7500     -141162.7416 -141163.0628       0.3213   497.1
1.8000     -141162.7415 -141162.9869       0.2454   379.7
1.8500     -141162.7416 -141162.9805       0.2389   369.7
1.9000     -141162.7413 -141162.9704       0.2292   354.6
1.9500     -141162.7417 -141163.1195       0.3779   584.7
2.0000     -141162.7416 -141163.0266       0.2850   441.0
2.0500     -141162.7415 -141163.0160       0.2744   424.6
2.1000     -141162.7413 -141162.9460       0.2047   316.7
2.1500     -141162.7416 -141163.0883       0.3467   536.5
2.2000     -141162.7415 -141163.0239       0.2824   437.0
2.2500     -141162.7415 -141163.0216       0.2801   433.4
2.3000     -141162.7414 -141162.9156       0.1742   269.5
2.3500     -141162.7416 -141163.0364       0.2948   456.1
2.4000     -141162.7415 -141163.0678       0.3263   504.9
2.4500     -141162.7414 -141163.0540       0.3126   483.7
2.5000     -141162.7416 -141162.9769       0.2354   364.2
2.5500     -141162.7415 -141162.9772       0.2357   364.7
2.6000     -141162.7415 -141163.0706       0.3291   509.2
2.6500     -141162.7414 -141163.0219       0.2805   434.0
2.7000     -141162.7417 -141163.0391       0.2974   460.2
2.7500     -141162.7413 -141162.9086       0.1673   258.9
2.8000     -141162.7416 -141163.0535       0.3120   482.7
2.8500     -141162.7414 -141163.0440       0.3026   468.2
2.9000     -141162.7418 -141163.1095       0.3677   569.0
2.9500     -141162.7412 -141162.9189       0.1776   274.8
3.0000     -141162.7416 -141163.0244       0.2828   437.6
3.0500     -141162.7415 -141163.0244       0.2829   437.8
3.1000     -141162.7417 -141163.0916       0.3499   541.3
3.1500     -141162.7413 -141162.9774       0.2361   365.2
3.2000     -141162.7415 -141162.9613       0.2198   340.1
3.2500     -141162.7415 -141163.0177       0.2762   427.3
3.3000     -141162.7416 -141163.0809       0.3393   525.0
3.3500     -141162.7415 -141163.0680       0.3265   505.2
3.4000     -141162.7414 -141162.9349       0.1934   299.3
3.4500     -141162.7416 -141163.0231       0.2815   435.6
3.5000     -141162.7414 -141163.0163       0.2748   425.2
3.5500     -141162.7415 -141163.1021       0.3605   557.9
3.6000     -141162.7415 -141162.9533       0.2118   327.7
3.6500     -141162.7416 -141163.0102       0.2685   415.5
3.7000     -141162.7413 -141162.9571       0.2159   334.0
3.7500     -141162.7417 -141163.1236       0.3819   590.9
3.8000     -141162.7415 -141163.0135       0.2720   420.8
3.8500     -141162.7416 -141162.9920       0.2505   387.5
3.9000     -141162.7413 -141162.9533       0.2120   328.1
3.9500     -141162.7417 -141163.0633       0.3216   497.6
4.0000     -141162.7416 -141163.0642       0.3226   499.2
4.0500     -141162.7415 -141162.9866       0.2451   379.2
4.1000     -141162.7414 -141162.9825       0.2411   373.1
4.1500     -141162.7416 -141162.9831       0.2416   373.8
4.2000     -141162.7416 -141163.1018       0.3602   557.3
4.2500     -141162.7415 -141163.0181       0.2766   427.9
4.3000     -141162.7414 -141163.0029       0.2614   404.5
4.3500     -141162.7415 -141162.9392       0.1977   305.9
4.4000     -141162.7416 -141163.0953       0.3537   547.3
4.4500     -141162.7414 -141163.0327       0.2913   450.7
4.5000     -141162.7416 -141163.0456       0.3039   470.3
4.5500     -141162.7415 -141162.9370       0.1955   302.6
4.6000     -141162.7415 -141163.0217       0.2802   433.5
4.6500     -141162.7415 -141163.0538       0.3124   483.3
4.7000     -141162.7418 -141163.0782       0.3364   520.5
4.7500     -141162.7414 -141162.9591       0.2178   336.9
4.8000     -141162.7414 -141162.9573       0.2160   334.2
4.8500     -141162.7416 -141163.0914       0.3498   541.2
4.9000     -141162.7417 -141163.0610       0.3193   494.1
4.9500     -141162.7414 -141163.0302       0.2888   446.8
5.0000     -141162.7414 -141162.9164       0.1750   270.8
5.0500     -141162.7415 -141163.0333       0.2918   451.4
5.1000     -141162.7416 -141163.0379       0.2963   458.5
5.1500     -141162.7415 -141163.0814       0.3399   526.0
5.2000     -141162.7415 -141162.9337       0.1923   297.5
5.2500     -141162.7414 -141162.9966       0.2551   394.8
5.3000     -141162.7416 -141163.0583       0.3167   490.1
5.3500     -141162.7415 -141163.0876       0.3461   535.4
5.4000     -141162.7416 -141162.9954       0.2538   392.7
5.4500     -141162.7414 -141162.9525       0.2111   326.6
5.5000     -141162.7414 -141162.9983       0.2569   397.5
5.5500     -141162.7416 -141163.0592       0.3176   491.4
5.6000     -141162.7416 -141163.0629       0.3213   497.2
5.6500     -141162.7413 -141162.9445       0.2032   314.4
5.7000     -141162.7415 -141163.0109       0.2694   416.9
5.7500     -141162.7417 -141163.0442       0.3025   468.1
5.8000     -141162.7415 -141163.0907       0.3492   540.4
5.8500     -141162.7414 -141162.9588       0.2174   336.4
5.9000     -141162.7416 -141162.9988       0.2572   398.0
5.9500     -141162.7417 -141162.9873       0.2456   380.0
6.0000     -141162.7414 -141163.0454       0.3040   470.4
6.0500     -141162.7415 -141163.0351       0.2936   454.3
6.1000     -141162.7416 -141163.0157       0.2741   424.1
6.1500     -141162.7417 -141163.0218       0.2801   433.5
6.2000     -141162.7415 -141163.0211       0.2797   432.7
6.2500     -141162.7415 -141163.0513       0.3098   479.3
6.3000     -141162.7417 -141163.0119       0.2703   418.2
6.3500     -141162.7416 -141163.0321       0.2905   449.5
6.4000     -141162.7417 -141162.9583       0.2166   335.2
6.4500     -141162.7414 -141163.0162       0.2749   425.3
6.5000     -141162.7416 -141163.0522       0.3106   480.6
6.5500     -141162.7417 -141163.0850       0.3432   531.1
6.6000     -141162.7418 -141162.9743       0.2325   359.8
6.6500     -141162.7413 -141162.9973       0.2560   396.1
6.7000     -141162.7415 -141163.0384       0.2969   459.3
6.7500     -141162.7418 -141163.0934       0.3516   544.0
6.8000     -141162.7417 -141162.9993       0.2576   398.6
6.8500     -141162.7412 -141162.9197       0.1785   276.2
6.9000     -141162.7417 -141163.0330       0.2913   450.8
6.9500     -141162.7418 -141163.1020       0.3603   557.4
7.0000     -141162.7415 -141163.0489       0.3074   475.6
7.0500     -141162.7413 -141162.9201       0.1787   276.6
7.1000     -141162.7417 -141163.0193       0.2776   429.5
7.1500     -141162.7416 -141163.0545       0.3129   484.1
7.2000     -141162.7416 -141163.0791       0.3375   522.3
7.2500     -141162.7415 -141162.9528       0.2113   326.9
7.3000     -141162.7413 -141162.9499       0.2086   322.8
7.3500     -141162.7417 -141163.0428       0.3010   465.8
7.4000     -141162.7417 -141163.0864       0.3447   533.4
7.4500     -141162.7414 -141162.9993       0.2579   399.0
7.5000     -141162.7412 -141162.9566       0.2153   333.2
7.5500     -141162.7417 -141163.0240       0.2823   436.8
7.6000     -141162.7417 -141163.0559       0.3141   486.1
7.6500     -141162.7413 -141163.0358       0.2945   455.6
7.7000     -141162.7414 -141162.9664       0.2249   348.1
7.7500     -141162.7416 -141163.0112       0.2696   417.1
7.8000     -141162.7416 -141163.0158       0.2742   424.3
7.8500     -141162.7415 -141163.0466       0.3051   472.1
7.9000     -141162.7415 -141162.9949       0.2534   392.1
7.9500     -141162.7415 -141163.0417       0.3001   464.4
8.0000     -141162.7417 -141163.0213       0.2796   432.6
8.0500     -141162.7416 -141163.0096       0.2679   414.6
8.1000     -141162.7414 -141163.0117       0.2704   418.3
8.1500     -141162.7416 -141163.0495       0.3079   476.4
8.2000     -141162.7418 -141163.0398       0.2979   461.0
8.2500     -141162.7415 -141162.9607       0.2192   339.2
8.3000     -141162.7412 -141162.9759       0.2346   363.0
8.3500     -141162.7419 -141163.0640       0.3221   498.4
8.4000     -141162.7419 -141163.0997       0.3579   553.7
8.4500     -141162.7415 -141162.9563       0.2148   332.4
8.5000     -141162.7412 -141162.9513       0.2101   325.0
8.5500     -141162.7419 -141163.0743       0.3324   514.3
8.6000     -141162.7418 -141163.1114       0.3697   572.0
8.6500     -141162.7417 -141162.9882       0.2465   381.3
8.7000     -141162.7414 -141162.9289       0.1875   290.1
8.7500     -141162.7415 -141163.0061       0.2645   409.3
8.8000     -141162.7419 -141163.1167       0.3748   579.9
8.8500     -141162.7417 -141163.0429       0.3012   466.1
8.9000     -141162.7413 -141162.9273       0.1861   287.9
8.9500     -141162.7415 -141163.0033       0.2617   405.0
9.0000     -141162.7420 -141163.1010       0.3590   555.5
9.0500     -141162.7415 -141163.0519       0.3104   480.3
9.1000     -141162.7413 -141162.9446       0.2033   314.6
9.1500     -141162.7417 -141162.9946       0.2529   391.3
9.2000     -141162.7417 -141163.0380       0.2963   458.5
9.2500     -141162.7415 -141163.0453       0.3038   470.1
9.3000     -141162.7414 -141162.9939       0.2525   390.7
9.3500     -141162.7415 -141163.0080       0.2665   412.3
9.4000     -141162.7417 -141163.0436       0.3019   467.2
9.4500     -141162.7417 -141163.0334       0.2917   451.4
9.5000     -141162.7412 -141162.9855       0.2443   378.0
9.5500     -141162.7414 -141163.0147       0.2732   422.8
9.6000     -141162.7417 -141163.0500       0.3082   476.9
9.6500     -141162.7417 -141162.9996       0.2579   399.0
9.7000     -141162.7411 -141162.9635       0.2224   344.1
9.7500     -141162.7415 -141163.0347       0.2932   453.7
9.8000     -141162.7418 -141163.0911       0.3492   540.3
9.8500     -141162.7415 -141163.0116       0.2701   417.9
9.9000     -141162.7414 -141162.9480       0.2066   319.6
9.9500     -141162.7414 -141163.0031       0.2617   404.9
10.0000    -141162.7419 -141163.1083       0.3664   566.9
10.0500    -141162.7417 -141163.0415       0.2998   463.9
10.1000    -141162.7415 -141162.9223       0.1808   279.8
10.1500    -141162.7414 -141162.9749       0.2335   361.3
10.2000    -141162.7420 -141163.1124       0.3704   573.1
10.2500    -141162.7419 -141163.0912       0.3493   540.5
10.3000    -141162.7413 -141162.9395       0.1982   306.6
10.3500    -141162.7414 -141162.9564       0.2150   332.7
10.4000    -141162.7420 -141163.0845       0.3425   529.9
10.4500    -141162.7420 -141163.1172       0.3752   580.5
10.5000    -141162.7413 -141162.9620       0.2207   341.5
10.5500    -141162.7416 -141162.9536       0.2120   328.0
10.6000    -141162.7418 -141163.0551       0.3133   484.7
10.6500    -141162.7419 -141163.0735       0.3316   513.1
10.7000    -141162.7414 -141162.9926       0.2512   388.7
10.7500    -141162.7415 -141162.9815       0.2400   371.3
10.8000    -141162.7416 -141163.0343       0.2927   452.9
10.8500    -141162.7419 -141163.0577       0.3158   488.7
10.9000    -141162.7414 -141163.0034       0.2620   405.3
10.9500    -141162.7412 -141162.9779       0.2367   366.2
11.0000    -141162.7419 -141163.0653       0.3234   500.3
11.0500    -141162.7416 -141163.0192       0.2776   429.5
11.1000    -141162.7413 -141162.9602       0.2190   338.8
11.1500    -141162.7413 -141162.9879       0.2466   381.6
11.2000    -141162.7418 -141163.0876       0.3458   535.0
11.2500    -141162.7416 -141163.0394       0.2977   460.7
11.3000    -141162.7414 -141162.9618       0.2205   341.1
11.3500    -141162.7412 -141162.9700       0.2288   354.0
11.4000    -141162.7416 -141163.0762       0.3346   517.7
11.4500    -141162.7418 -141163.0815       0.3397   525.6
11.5000    -141162.7413 -141162.9462       0.2048   316.9
11.5500    -141162.7412 -141162.9241       0.1828   282.9
11.6000    -141162.7416 -141163.0578       0.3161   489.1
11.6500    -141162.7420 -141163.1232       0.3812   589.8
11.7000    -141162.7413 -141162.9764       0.2351   363.8
11.7500    -141162.7413 -141162.9320       0.1907   295.0
11.8000    -141162.7418 -141163.0392       0.2974   460.1
11.8500    -141162.7418 -141163.1096       0.3678   569.1
11.9000    -141162.7417 -141163.0202       0.2785   431.0
11.9500    -141162.7413 -141162.9249       0.1836   284.1
12.0000    -141162.7417 -141163.0035       0.2618   405.1
12.0500    -141162.7419 -141163.1019       0.3599   556.9
12.1000    -141162.7417 -141163.0341       0.2923   452.3
12.1500    -141162.7412 -141162.9574       0.2163   334.6
12.2000    -141162.7419 -141163.0435       0.3016   466.6
12.2500    -141162.7420 -141163.0733       0.3313   512.6
12.3000    -141162.7415 -141163.0227       0.2811   435.0
12.3500    -141162.7413 -141162.9761       0.2348   363.3
12.4000    -141162.7418 -141163.0307       0.2890   447.1
12.4500    -141162.7419 -141163.0606       0.3188   493.2
12.5000    -141162.7415 -141162.9918       0.2502   387.2
12.5500    -141162.7414 -141162.9623       0.2209   341.8
12.6000    -141162.7416 -141163.0620       0.3204   495.8
12.6500    -141162.7420 -141163.0845       0.3425   529.9
12.7000    -141162.7415 -141162.9776       0.2361   365.3
12.7500    -141162.7412 -141162.9455       0.2043   316.0
12.8000    -141162.7416 -141163.0480       0.3065   474.2
12.8500    -141162.7419 -141163.0959       0.3541   547.8
12.9000    -141162.7415 -141163.0033       0.2618   405.1
12.9500    -141162.7411 -141162.9125       0.1714   265.2
13.0000    -141162.7417 -141163.0237       0.2820   436.3
13.0500    -141162.7417 -141163.1150       0.3732   577.5
13.1000    -141162.7416 -141163.0293       0.2877   445.1
13.1500    -141162.7412 -141162.9221       0.1809   279.9
13.2000    -141162.7415 -141162.9891       0.2476   383.1
13.2500    -141162.7418 -141163.1009       0.3592   555.7
13.3000    -141162.7418 -141163.0724       0.3306   511.5
13.3500    -141162.7412 -141162.9531       0.2118   327.8
13.4000    -141162.7414 -141162.9583       0.2169   335.6
13.4500    -141162.7420 -141163.0738       0.3318   513.4
13.5000    -141162.7416 -141163.0637       0.3221   498.3
13.5500    -141162.7413 -141162.9662       0.2249   348.0
13.6000    -141162.7415 -141162.9844       0.2429   375.8
13.6500    -141162.7420 -141163.0648       0.3228   499.5
13.7000    -141162.7417 -141163.0445       0.3028   468.5
13.7500    -141162.7415 -141162.9897       0.2482   384.0
13.8000    -141162.7416 -141163.0090       0.2674   413.7
13.8500    -141162.7418 -141163.0455       0.3037   469.9
13.9000    -141162.7420 -141163.0370       0.2951   456.6
13.9500    -141162.7412 -141162.9549       0.2137   330.7
14.0000    -141162.7415 -141163.0222       0.2807   434.3
14.0500    -141162.7420 -141163.1001       0.3581   554.0
14.1000    -141162.7419 -141163.0404       0.2986   462.0
14.1500    -141162.7412 -141162.9356       0.1945   300.9
14.2000    -141162.7417 -141163.0225       0.2808   434.5
14.2500    -141162.7419 -141163.1027       0.3608   558.3
14.3000    -141162.7416 -141163.0241       0.2824   437.0
14.3500    -141162.7415 -141162.9413       0.1999   309.3
14.4000    -141162.7414 -141162.9604       0.2190   338.9
14.4500    -141162.7417 -141163.0942       0.3525   545.4
14.5000    -141162.7418 -141163.0812       0.3394   525.1
14.5500    -141162.7414 -141162.9574       0.2160   334.2
14.6000    -141162.7411 -141162.9341       0.1930   298.6
14.6500    -141162.7419 -141163.0896       0.3477   538.0
14.7000    -141162.7417 -141163.0759       0.3342   517.2
14.7500    -141162.7412 -141162.9710       0.2297   355.5
14.8000    -141162.7413 -141162.9395       0.1982   306.6
14.8500    -141162.7417 -141163.0210       0.2793   432.2
14.9000    -141162.7417 -141163.0795       0.3378   522.7
14.9500    -141162.7414 -141163.0147       0.2734   423.0
15.0000    -141162.7413 -141162.9631       0.2217   343.1
15.0500    -141162.7415 -141163.0067       0.2652   410.3
15.1000    -141162.7419 -141163.0811       0.3393   524.9
15.1500    -141162.7415 -141163.0015       0.2600   402.4
15.2000    -141162.7413 -141162.9979       0.2566   397.0
15.2500    -141162.7416 -141163.0061       0.2646   409.3
15.3000    -141162.7419 -141163.0501       0.3081   476.7
15.3500    -141162.7415 -141162.9949       0.2534   392.0
15.4000    -141162.7413 -141162.9957       0.2544   393.6
15.4500    -141162.7419 -141163.0579       0.3160   489.0
15.5000    -141162.7417 -141163.0486       0.3069   474.9
15.5500    -141162.7416 -141162.9843       0.2427   375.5
15.6000    -141162.7414 -141162.9751       0.2337   361.6
15.6500    -141162.7419 -141163.0942       0.3523   545.1
15.7000    -141162.7417 -141163.0621       0.3204   495.7
15.7500    -141162.7417 -141162.9825       0.2408   372.6
15.8000    -141162.7413 -141162.9421       0.2008   310.7
15.8500    -141162.7418 -141163.0796       0.3378   522.7
15.9000    -141162.7420 -141163.0991       0.3571   552.5
15.9500    -141162.7416 -141163.0135       0.2719   420.7
16.0000    -141162.7412 -141162.9140       0.1728   267.4
16.0500    -141162.7416 -141163.0438       0.3022   467.5
16.1000    -141162.7420 -141163.1214       0.3795   587.1
16.1500    -141162.7414 -141163.0191       0.2777   429.6
16.2000    -141162.7414 -141162.9350       0.1936   299.6
16.2500    -141162.7416 -141162.9851       0.2436   376.8
16.3000    -141162.7417 -141163.0794       0.3377   522.6
16.3500    -141162.7415 -141163.0348       0.2934   453.9
16.4000    -141162.7416 -141163.0076       0.2660   411.5
16.4500    -141162.7413 -141162.9466       0.2052   317.5
16.5000    -141162.7416 -141163.0636       0.3220   498.2
16.5500    -141162.7417 -141163.0622       0.3205   496.0
16.6000    -141162.7413 -141163.0001       0.2588   400.4
16.6500    -141162.7414 -141162.9666       0.2252   348.4
16.7000    -141162.7417 -141163.0173       0.2756   426.5
16.7500    -141162.7416 -141163.0245       0.2829   437.7
16.8000    -141162.7412 -141163.0116       0.2704   418.4
16.8500    -141162.7416 -141163.0339       0.2923   452.3
16.9000    -141162.7417 -141163.0141       0.2724   421.5
16.9500    -141162.7416 -141163.0345       0.2929   453.2
17.0000    -141162.7414 -141163.0020       0.2606   403.2
17.0500    -141162.7415 -141163.0402       0.2987   462.2
17.1000    -141162.7416 -141163.0123       0.2707   418.8
17.1500    -141162.7416 -141163.0206       0.2789   431.6
17.2000    -141162.7416 -141162.9484       0.2068   320.0
17.2500    -141162.7414 -141163.0524       0.3109   481.1
17.3000    -141162.7417 -141163.0681       0.3264   505.0
17.3500    -141162.7417 -141163.0426       0.3009   465.6
17.4000    -141162.7416 -141162.9646       0.2230   345.0
17.4500    -141162.7413 -141162.9961       0.2549   394.3
17.5000    -141162.7418 -141163.0912       0.3494   540.7
17.5500    -141162.7417 -141163.0408       0.2992   462.9
17.6000    -141162.7415 -141162.9707       0.2292   354.7
17.6500    -141162.7413 -141162.9281       0.1868   289.0
17.7000    -141162.7418 -141163.1012       0.3594   556.1
17.7500    -141162.7417 -141163.0788       0.3371   521.6
17.8000    -141162.7414 -141163.0054       0.2640   408.5
17.8500    -141162.7414 -141162.9215       0.1801   278.7
17.9000    -141162.7417 -141163.0529       0.3112   481.5
17.9500    -141162.7417 -141163.0690       0.3273   506.5
18.0000    -141162.7414 -141163.0322       0.2907   449.8
18.0500    -141162.7415 -141162.9433       0.2018   312.3
18.1000    -141162.7415 -141162.9846       0.2431   376.2
18.1500    -141162.7417 -141163.0707       0.3290   509.1
18.2000    -141162.7415 -141163.0647       0.3231   500.0
18.2500    -141162.7415 -141163.0004       0.2590   400.7
18.3000    -141162.7413 -141162.9403       0.1991   308.0
18.3500    -141162.7417 -141163.0617       0.3200   495.1
18.4000    -141162.7416 -141163.0291       0.2876   445.0
18.4500    -141162.7415 -141163.0682       0.3267   505.5
18.5000    -141162.7413 -141162.9414       0.2001   309.6
18.5500    -141162.7416 -141163.0175       0.2759   426.9
18.6000    -141162.7416 -141163.0165       0.2749   425.3
18.6500    -141162.7414 -141163.0762       0.3348   518.0
18.7000    -141162.7416 -141162.9960       0.2545   393.7
18.7500    -141162.7415 -141162.9862       0.2448   378.7
18.8000    -141162.7415 -141163.0119       0.2704   418.3
18.8500    -141162.7414 -141163.0435       0.3020   467.4
18.9000    -141162.7418 -141163.0749       0.3332   515.5
18.9500    -141162.7414 -141162.9773       0.2359   365.0
19.0000    -141162.7415 -141162.9881       0.2466   381.5
19.0500    -141162.7415 -141162.9897       0.2482   384.1
19.1000    -141162.7417 -141163.0938       0.3522   544.9
19.1500    -141162.7413 -141162.9798       0.2384   368.9
19.2000    -141162.7416 -141163.0246       0.2830   437.8
19.2500    -141162.7415 -141162.9571       0.2156   333.6
19.3000    -141162.7415 -141163.0903       0.3487   539.6
19.3500    -141162.7414 -141163.0351       0.2937   454.4
19.4000    -141162.7417 -141163.0340       0.2924   452.4
19.4500    -141162.7415 -141162.9380       0.1964   304.0
19.5000    -141162.7414 -141163.0091       0.2677   414.2
19.5500    -141162.7416 -141163.0702       0.3286   508.4
19.6000    -141162.7416 -141163.0304       0.2888   446.9
19.6500    -141162.7416 -141162.9997       0.2581   399.3
19.7000    -141162.7413 -141162.9553       0.2140   331.1
19.7500    -141162.7416 -141163.1013       0.3597   556.6
19.8000    -141162.7416 -141163.0448       0.3032   469.1
19.8500    -141162.7416 -141163.0427       0.3011   465.9
19.9000    -141162.7412 -141162.8959       0.1547   239.3
19.9500    -141162.7416 -141163.0501       0.3085   477.4
20.0000    -141162.7415 -141163.0351       0.2936   454.2
20.0500    -141162.7415 -141163.0804       0.3389   524.3
20.1000    -141162.7414 -141162.9398       0.1985   307.1
20.1500    -141162.7417 -141163.0316       0.2899   448.6
20.2000    -141162.7414 -141163.0481       0.3067   474.6
20.2500    -141162.7415 -141163.0850       0.3434   531.4
20.3000    -141162.7415 -141162.9944       0.2529   391.4
20.3500    -141162.7416 -141162.9424       0.2008   310.8
20.4000    -141162.7414 -141163.0104       0.2690   416.2
20.4500    -141162.7415 -141163.0481       0.3066   474.4
20.5000    -141162.7417 -141163.0825       0.3409   527.4
20.5500    -141162.7414 -141162.9292       0.1878   290.5
20.6000    -141162.7415 -141163.0460       0.3044   471.1
20.6500    -141162.7414 -141163.0205       0.2791   431.9
20.7000    -141162.7417 -141163.1160       0.3743   579.2
20.7500    -141162.7414 -141162.9484       0.2070   320.3
20.8000    -141162.7415 -141162.9821       0.2407   372.4
20.8500    -141162.7414 -141162.9636       0.2222   343.8
20.9000    -141162.7417 -141163.1076       0.3659   566.1
20.9500    -141162.7414 -141163.0284       0.2870   444.1
21.0000    -141162.7415 -141162.9868       0.2452   379.5
21.0500    -141162.7415 -141162.9974       0.2559   395.9
21.1000    -141162.7417 -141163.0625       0.3208   496.4
21.1500    -141162.7414 -141163.0726       0.3312   512.5
21.2000    -141162.7416 -141162.9727       0.2311   357.6
21.2500    -141162.7415 -141162.9734       0.2319   358.8
21.3000    -141162.7414 -141162.9616       0.2202   340.7
21.3500    -141162.7415 -141163.1177       0.3762   582.1
21.4000    -141162.7416 -141163.0169       0.2753   426.0
21.4500    -141162.7415 -141163.0093       0.2678   414.3
21.5000    -141162.7413 -141162.9541       0.2127   329.2
21.5500    -141162.7416 -141163.1028       0.3612   558.9
21.6000    -141162.7416 -141163.0309       0.2894   447.7
21.6500    -141162.7415 -141163.0096       0.2680   414.7
21.7000    -141162.7413 -141162.9258       0.1845   285.5
21.7500    -141162.7416 -141163.0087       0.2671   413.3
21.8000    -141162.7416 -141163.0876       0.3460   535.4
21.8500    -141162.7415 -141163.0472       0.3057   473.0
21.9000    -141162.7414 -141162.9886       0.2472   382.5
21.9500    -141162.7416 -141162.9639       0.2223   343.9
22.0000    -141162.7415 -141163.0923       0.3508   542.8
22.0500    -141162.7415 -141163.0264       0.2849   440.9
22.1000    -141162.7415 -141163.0241       0.2826   437.2
22.1500    -141162.7415 -141162.9130       0.1715   265.3
22.2000    -141162.7414 -141163.0263       0.2849   440.9
22.2500    -141162.7416 -141163.0655       0.3239   501.2
22.3000    -141162.7417 -141163.0977       0.3560   550.8
22.3500    -141162.7414 -141162.9413       0.1999   309.3
22.4000    -141162.7414 -141162.9995       0.2581   399.4
22.4500    -141162.7417 -141163.0638       0.3221   498.3
22.5000    -141162.7418 -141163.0767       0.3350   518.3
22.5500    -141162.7414 -141162.9888       0.2474   382.8
22.6000    -141162.7414 -141162.9334       0.1921   297.2
22.6500    -141162.7418 -141163.0497       0.3080   476.5
22.7000    -141162.7416 -141163.0619       0.3203   495.6
22.7500    -141162.7415 -141163.0795       0.3380   523.0
22.8000    -141162.7414 -141162.9293       0.1879   290.7
22.8500    -141162.7417 -141163.0301       0.2885   446.3
22.9000    -141162.7416 -141163.0310       0.2895   447.9
22.9500    -141162.7415 -141163.0670       0.3255   503.6
23.0000    -141162.7416 -141162.9745       0.2329   360.3
23.0500    -141162.7415 -141162.9929       0.2514   389.0
23.1000    -141162.7416 -141163.0037       0.2621   405.6
23.1500    -141162.7416 -141163.0641       0.3225   499.0
23.2000    -141162.7416 -141163.0442       0.3025   468.1
23.2500    -141162.7413 -141162.9835       0.2421   374.6
23.3000    -141162.7416 -141163.0115       0.2699   417.6
23.3500    -141162.7416 -141163.0177       0.2761   427.2
23.4000    -141162.7414 -141163.0440       0.3026   468.2
23.4500    -141162.7415 -141162.9981       0.2566   397.0
23.5000    -141162.7417 -141163.0329       0.2912   450.6
23.5500    -141162.7415 -141162.9576       0.2161   334.4
23.6000    -141162.7413 -141163.0482       0.3069   474.9
23.6500    -141162.7416 -141163.0371       0.2955   457.2
23.7000    -141162.7417 -141163.0549       0.3133   484.7
23.7500    -141162.7415 -141162.9701       0.2286   353.7
23.8000    -141162.7413 -141162.9967       0.2554   395.2
23.8500    -141162.7416 -141163.0429       0.3013   466.2
23.9000    -141162.7416 -141163.0667       0.3251   503.0
23.9500    -141162.7416 -141163.0185       0.2769   428.4
24.0000    -141162.7414 -141162.9308       0.1895   293.2
24.0500    -141162.7414 -141163.0258       0.2843   439.9
24.1000    -141162.7417 -141163.0748       0.3331   515.5
24.1500    -141162.7417 -141163.0621       0.3203   495.6
24.2000    -141162.7415 -141162.9341       0.1927   298.1
24.2500    -141162.7413 -141162.9847       0.2434   376.6
24.3000    -141162.7418 -141163.0713       0.3296   509.9
24.3500    -141162.7418 -141163.1080       0.3662   566.6
24.4000    -141162.7414 -141162.9516       0.2101   325.1
24.4500    -141162.7413 -141162.9392       0.1978   306.1
24.5000    -141162.7418 -141163.0404       0.2986   462.0
24.5500    -141162.7417 -141163.0993       0.3575   553.2
24.6000    -141162.7414 -141163.0008       0.2594   401.3
24.6500    -141162.7415 -141162.9449       0.2034   314.7
24.7000    -141162.7419 -141163.0429       0.3010   465.8
24.7500    -141162.7417 -141163.0731       0.3314   512.8
24.8000    -141162.7416 -141163.0600       0.3184   492.7
24.8500    -141162.7415 -141162.9506       0.2091   323.5
24.9000    -141162.7415 -141163.0059       0.2644   409.0
24.9500    -141162.7419 -141163.0429       0.3010   465.7
25.0000    -141162.7415 -141163.0413       0.2998   463.8
